[ 2018-04-19T08:59:07+08:00 ] /index.php/Admin/Admin/login | INFO: Tag[ route_check ] --START--
[ 2018-04-19T08:59:07+08:00 ] /index.php/Admin/Admin/login | INFO: Run CheckRoute Behavior [ RunTime:0.009897s ]
[ 2018-04-19T08:59:07+08:00 ] /index.php/Admin/Admin/login | INFO: Tag[ route_check ] --END-- [ RunTime:0.022437s ]
[ 2018-04-19T08:59:07+08:00 ] /index.php/Admin/Admin/login | INFO: Tag[ app_begin ] --START--
[ 2018-04-19T08:59:07+08:00 ] /index.php/Admin/Admin/login | INFO: Run ReadHtmlCache Behavior [ RunTime:0.007780s ]
[ 2018-04-19T08:59:07+08:00 ] /index.php/Admin/Admin/login | INFO: Tag[ app_begin ] --END-- [ RunTime:0.007822s ]
[ 2018-04-19T08:59:09+08:00 ] /index.php/Admin/Admin/login | SQL: SELECT * FROM `admin`  [ RunTime:0.075743s ]
[ 2018-04-19T08:59:09+08:00 ] /index.php/Admin/Admin/login | INFO: Tag[ view_template ] --START--
[ 2018-04-19T08:59:09+08:00 ] /index.php/Admin/Admin/login | INFO: Run LocationTemplate Behavior [ RunTime:0.013916s ]
[ 2018-04-19T08:59:09+08:00 ] /index.php/Admin/Admin/login | INFO: Tag[ view_template ] --END-- [ RunTime:0.014002s ]
[ 2018-04-19T08:59:09+08:00 ] /index.php/Admin/Admin/login | INFO: Tag[ view_parse ] --START--
[ 2018-04-19T08:59:09+08:00 ] /index.php/Admin/Admin/login | INFO: Run ParseTemplate Behavior [ RunTime:0.136038s ]
[ 2018-04-19T08:59:09+08:00 ] /index.php/Admin/Admin/login | INFO: Tag[ view_parse ] --END-- [ RunTime:0.136087s ]
[ 2018-04-19T08:59:09+08:00 ] /index.php/Admin/Admin/login | INFO: Tag[ view_filter ] --START--
[ 2018-04-19T08:59:09+08:00 ] /index.php/Admin/Admin/login | INFO: Run ContentReplace Behavior [ RunTime:0.025427s ]
[ 2018-04-19T08:59:09+08:00 ] /index.php/Admin/Admin/login | INFO: Run TokenBuild Behavior [ RunTime:0.009742s ]
[ 2018-04-19T08:59:09+08:00 ] /index.php/Admin/Admin/login | INFO: Run WriteHtmlCache Behavior [ RunTime:0.000955s ]
[ 2018-04-19T08:59:09+08:00 ] /index.php/Admin/Admin/login | INFO: Run ShowRuntime Behavior [ RunTime:0.000903s ]
[ 2018-04-19T08:59:09+08:00 ] /index.php/Admin/Admin/login | INFO: Tag[ view_filter ] --END-- [ RunTime:0.037143s ]
[ 2018-04-19T08:59:09+08:00 ] /index.php/Admin/Admin/login | INFO: Tag[ view_end ] --START--
[ 2018-04-19T08:59:09+08:00 ] /index.php/Admin/Admin/login | INFO: Run ShowPageTrace Behavior [ RunTime:0.019821s ]
[ 2018-04-19T08:59:09+08:00 ] /index.php/Admin/Admin/login | INFO: Tag[ view_end ] --END-- [ RunTime:0.019858s ]
[ 2018-04-19T08:59:09+08:00 ] /index.php/Admin/Admin/createCode | INFO: Tag[ route_check ] --START--
[ 2018-04-19T08:59:09+08:00 ] /index.php/Admin/Admin/createCode | INFO: Run CheckRoute Behavior [ RunTime:0.001014s ]
[ 2018-04-19T08:59:09+08:00 ] /index.php/Admin/Admin/createCode | INFO: Tag[ route_check ] --END-- [ RunTime:0.001075s ]
[ 2018-04-19T08:59:09+08:00 ] /index.php/Admin/Admin/createCode | INFO: Tag[ app_begin ] --START--
[ 2018-04-19T08:59:09+08:00 ] /index.php/Admin/Admin/createCode | INFO: Run ReadHtmlCache Behavior [ RunTime:0.000986s ]
[ 2018-04-19T08:59:09+08:00 ] /index.php/Admin/Admin/createCode | INFO: Tag[ app_begin ] --END-- [ RunTime:0.001059s ]
[ 2018-04-19T08:59:18+08:00 ] /index.php/Admin/Admin/checkLogin | INFO: Tag[ route_check ] --START--
[ 2018-04-19T08:59:18+08:00 ] /index.php/Admin/Admin/checkLogin | INFO: Run CheckRoute Behavior [ RunTime:0.000825s ]
[ 2018-04-19T08:59:18+08:00 ] /index.php/Admin/Admin/checkLogin | INFO: Tag[ route_check ] --END-- [ RunTime:0.000869s ]
[ 2018-04-19T08:59:18+08:00 ] /index.php/Admin/Admin/checkLogin | INFO: Tag[ app_begin ] --START--
[ 2018-04-19T08:59:18+08:00 ] /index.php/Admin/Admin/checkLogin | INFO: Run ReadHtmlCache Behavior [ RunTime:0.000627s ]
[ 2018-04-19T08:59:18+08:00 ] /index.php/Admin/Admin/checkLogin | INFO: Tag[ app_begin ] --END-- [ RunTime:0.000656s ]
[ 2018-04-19T08:59:19+08:00 ] /index.php/Admin/Admin/checkLogin | SQL: SELECT COUNT(*) AS tp_count FROM `admin` WHERE username='shinkan' and password='shinkan' LIMIT 1   [ RunTime:0.000155s ]
[ 2018-04-19T08:59:22+08:00 ] /index.php/Admin/Index/index | INFO: Tag[ route_check ] --START--
[ 2018-04-19T08:59:22+08:00 ] /index.php/Admin/Index/index | INFO: Run CheckRoute Behavior [ RunTime:0.000957s ]
[ 2018-04-19T08:59:22+08:00 ] /index.php/Admin/Index/index | INFO: Tag[ route_check ] --END-- [ RunTime:0.001001s ]
[ 2018-04-19T08:59:22+08:00 ] /index.php/Admin/Index/index | INFO: Tag[ app_begin ] --START--
[ 2018-04-19T08:59:22+08:00 ] /index.php/Admin/Index/index | INFO: Run ReadHtmlCache Behavior [ RunTime:0.000643s ]
[ 2018-04-19T08:59:22+08:00 ] /index.php/Admin/Index/index | INFO: Tag[ app_begin ] --END-- [ RunTime:0.000672s ]
[ 2018-04-19T08:59:22+08:00 ] /index.php/Admin/Index/index | INFO: Tag[ view_template ] --START--
[ 2018-04-19T08:59:22+08:00 ] /index.php/Admin/Index/index | INFO: Run LocationTemplate Behavior [ RunTime:0.001129s ]
[ 2018-04-19T08:59:22+08:00 ] /index.php/Admin/Index/index | INFO: Tag[ view_template ] --END-- [ RunTime:0.001170s ]
[ 2018-04-19T08:59:22+08:00 ] /index.php/Admin/Index/index | INFO: Tag[ view_parse ] --START--
[ 2018-04-19T08:59:22+08:00 ] /index.php/Admin/Index/index | INFO: Run ParseTemplate Behavior [ RunTime:0.018627s ]
[ 2018-04-19T08:59:22+08:00 ] /index.php/Admin/Index/index | INFO: Tag[ view_parse ] --END-- [ RunTime:0.018663s ]
[ 2018-04-19T08:59:22+08:00 ] /index.php/Admin/Index/index | INFO: Tag[ view_filter ] --START--
[ 2018-04-19T08:59:22+08:00 ] /index.php/Admin/Index/index | INFO: Run ContentReplace Behavior [ RunTime:0.000505s ]
[ 2018-04-19T08:59:22+08:00 ] /index.php/Admin/Index/index | INFO: Run TokenBuild Behavior [ RunTime:0.000538s ]
[ 2018-04-19T08:59:22+08:00 ] /index.php/Admin/Index/index | INFO: Run WriteHtmlCache Behavior [ RunTime:0.000444s ]
[ 2018-04-19T08:59:22+08:00 ] /index.php/Admin/Index/index | INFO: Run ShowRuntime Behavior [ RunTime:0.000711s ]
[ 2018-04-19T08:59:22+08:00 ] /index.php/Admin/Index/index | INFO: Tag[ view_filter ] --END-- [ RunTime:0.002272s ]
[ 2018-04-19T08:59:22+08:00 ] /index.php/Admin/Index/index | INFO: Tag[ view_end ] --START--
[ 2018-04-19T08:59:22+08:00 ] /index.php/Admin/Index/index | INFO: Run ShowPageTrace Behavior [ RunTime:0.001216s ]
[ 2018-04-19T08:59:22+08:00 ] /index.php/Admin/Index/index | INFO: Tag[ view_end ] --END-- [ RunTime:0.001242s ]
[ 2018-04-19T08:59:22+08:00 ] /index.php/Admin/Index/right | INFO: Tag[ route_check ] --START--
[ 2018-04-19T08:59:22+08:00 ] /index.php/Admin/Index/right | INFO: Run CheckRoute Behavior [ RunTime:0.008002s ]
[ 2018-04-19T08:59:22+08:00 ] /index.php/Admin/Index/right | INFO: Tag[ route_check ] --END-- [ RunTime:0.008062s ]
[ 2018-04-19T08:59:22+08:00 ] /index.php/Admin/Index/right | INFO: Tag[ app_begin ] --START--
[ 2018-04-19T08:59:22+08:00 ] /index.php/Admin/Index/right | INFO: Run ReadHtmlCache Behavior [ RunTime:0.000509s ]
[ 2018-04-19T08:59:22+08:00 ] /index.php/Admin/Index/right | INFO: Tag[ app_begin ] --END-- [ RunTime:0.000545s ]
[ 2018-04-19T08:59:22+08:00 ] /index.php/Admin/Index/right | INFO: Tag[ view_template ] --START--
[ 2018-04-19T08:59:22+08:00 ] /index.php/Admin/Index/right | INFO: Run LocationTemplate Behavior [ RunTime:0.001315s ]
[ 2018-04-19T08:59:22+08:00 ] /index.php/Admin/Index/right | INFO: Tag[ view_template ] --END-- [ RunTime:0.001362s ]
[ 2018-04-19T08:59:22+08:00 ] /index.php/Admin/Index/right | INFO: Tag[ view_parse ] --START--
[ 2018-04-19T08:59:22+08:00 ] /index.php/Admin/Index/right | INFO: Run ParseTemplate Behavior [ RunTime:0.022222s ]
[ 2018-04-19T08:59:22+08:00 ] /index.php/Admin/Index/right | INFO: Tag[ view_parse ] --END-- [ RunTime:0.022267s ]
[ 2018-04-19T08:59:22+08:00 ] /index.php/Admin/Index/right | INFO: Tag[ view_filter ] --START--
[ 2018-04-19T08:59:22+08:00 ] /index.php/Admin/Index/right | INFO: Run ContentReplace Behavior [ RunTime:0.000560s ]
[ 2018-04-19T08:59:22+08:00 ] /index.php/Admin/Index/right | INFO: Run TokenBuild Behavior [ RunTime:0.001009s ]
[ 2018-04-19T08:59:22+08:00 ] /index.php/Admin/Index/right | INFO: Run WriteHtmlCache Behavior [ RunTime:0.000425s ]
[ 2018-04-19T08:59:22+08:00 ] /index.php/Admin/Index/right | INFO: Run ShowRuntime Behavior [ RunTime:0.000485s ]
[ 2018-04-19T08:59:22+08:00 ] /index.php/Admin/Index/right | INFO: Tag[ view_filter ] --END-- [ RunTime:0.002602s ]
[ 2018-04-19T08:59:22+08:00 ] /index.php/Admin/Index/right | INFO: Tag[ view_end ] --START--
[ 2018-04-19T08:59:22+08:00 ] /index.php/Admin/Index/right | INFO: Run ShowPageTrace Behavior [ RunTime:0.002208s ]
[ 2018-04-19T08:59:22+08:00 ] /index.php/Admin/Index/right | INFO: Tag[ view_end ] --END-- [ RunTime:0.002253s ]
[ 2018-04-19T08:59:22+08:00 ] /index.php/Admin/Index/left | INFO: Tag[ route_check ] --START--
[ 2018-04-19T08:59:22+08:00 ] /index.php/Admin/Index/left | INFO: Run CheckRoute Behavior [ RunTime:0.000997s ]
[ 2018-04-19T08:59:22+08:00 ] /index.php/Admin/Index/left | INFO: Tag[ route_check ] --END-- [ RunTime:0.001048s ]
[ 2018-04-19T08:59:22+08:00 ] /index.php/Admin/Index/left | INFO: Tag[ app_begin ] --START--
[ 2018-04-19T08:59:22+08:00 ] /index.php/Admin/Index/left | INFO: Run ReadHtmlCache Behavior [ RunTime:0.015160s ]
[ 2018-04-19T08:59:22+08:00 ] /index.php/Admin/Index/left | INFO: Tag[ app_begin ] --END-- [ RunTime:0.015196s ]
[ 2018-04-19T08:59:23+08:00 ] /index.php/Admin/Index/left | INFO: Tag[ view_template ] --START--
[ 2018-04-19T08:59:23+08:00 ] /index.php/Admin/Index/left | INFO: Run LocationTemplate Behavior [ RunTime:0.001018s ]
[ 2018-04-19T08:59:23+08:00 ] /index.php/Admin/Index/left | INFO: Tag[ view_template ] --END-- [ RunTime:0.001067s ]
[ 2018-04-19T08:59:23+08:00 ] /index.php/Admin/Index/left | INFO: Tag[ view_parse ] --START--
[ 2018-04-19T08:59:23+08:00 ] /index.php/Admin/Index/left | INFO: Run ParseTemplate Behavior [ RunTime:0.029501s ]
[ 2018-04-19T08:59:23+08:00 ] /index.php/Admin/Index/left | INFO: Tag[ view_parse ] --END-- [ RunTime:0.029536s ]
[ 2018-04-19T08:59:23+08:00 ] /index.php/Admin/Index/left | INFO: Tag[ view_filter ] --START--
[ 2018-04-19T08:59:23+08:00 ] /index.php/Admin/Index/left | INFO: Run ContentReplace Behavior [ RunTime:0.000584s ]
[ 2018-04-19T08:59:23+08:00 ] /index.php/Admin/Index/left | INFO: Run TokenBuild Behavior [ RunTime:0.000546s ]
[ 2018-04-19T08:59:23+08:00 ] /index.php/Admin/Index/left | INFO: Run WriteHtmlCache Behavior [ RunTime:0.000489s ]
[ 2018-04-19T08:59:23+08:00 ] /index.php/Admin/Index/left | INFO: Run ShowRuntime Behavior [ RunTime:0.000617s ]
[ 2018-04-19T08:59:23+08:00 ] /index.php/Admin/Index/left | INFO: Tag[ view_filter ] --END-- [ RunTime:0.002330s ]
[ 2018-04-19T08:59:23+08:00 ] /index.php/Admin/Index/left | INFO: Tag[ view_end ] --START--
[ 2018-04-19T08:59:23+08:00 ] /index.php/Admin/Index/left | INFO: Run ShowPageTrace Behavior [ RunTime:0.001398s ]
[ 2018-04-19T08:59:23+08:00 ] /index.php/Admin/Index/left | INFO: Tag[ view_end ] --END-- [ RunTime:0.001426s ]
[ 2018-04-19T08:59:22+08:00 ] /index.php/Admin/Index/top | INFO: Tag[ route_check ] --START--
[ 2018-04-19T08:59:22+08:00 ] /index.php/Admin/Index/top | INFO: Run CheckRoute Behavior [ RunTime:0.005444s ]
[ 2018-04-19T08:59:22+08:00 ] /index.php/Admin/Index/top | INFO: Tag[ route_check ] --END-- [ RunTime:0.005496s ]
[ 2018-04-19T08:59:22+08:00 ] /index.php/Admin/Index/top | INFO: Tag[ app_begin ] --START--
[ 2018-04-19T08:59:22+08:00 ] /index.php/Admin/Index/top | INFO: Run ReadHtmlCache Behavior [ RunTime:0.001179s ]
[ 2018-04-19T08:59:22+08:00 ] /index.php/Admin/Index/top | INFO: Tag[ app_begin ] --END-- [ RunTime:0.001221s ]
[ 2018-04-19T08:59:23+08:00 ] /index.php/Admin/Index/top | INFO: Tag[ view_template ] --START--
[ 2018-04-19T08:59:23+08:00 ] /index.php/Admin/Index/top | INFO: Run LocationTemplate Behavior [ RunTime:0.001869s ]
[ 2018-04-19T08:59:23+08:00 ] /index.php/Admin/Index/top | INFO: Tag[ view_template ] --END-- [ RunTime:0.001965s ]
[ 2018-04-19T08:59:23+08:00 ] /index.php/Admin/Index/top | INFO: Tag[ view_parse ] --START--
[ 2018-04-19T08:59:23+08:00 ] /index.php/Admin/Index/top | NOTIC: [8] Undefined variable: qx 9be1047bb7a563f25d2f04755fc1a79b.php 第 17 行.
[ 2018-04-19T08:59:23+08:00 ] /index.php/Admin/Index/top | INFO: Run ParseTemplate Behavior [ RunTime:0.022693s ]
[ 2018-04-19T08:59:23+08:00 ] /index.php/Admin/Index/top | INFO: Tag[ view_parse ] --END-- [ RunTime:0.022721s ]
[ 2018-04-19T08:59:23+08:00 ] /index.php/Admin/Index/top | INFO: Tag[ view_filter ] --START--
[ 2018-04-19T08:59:23+08:00 ] /index.php/Admin/Index/top | INFO: Run ContentReplace Behavior [ RunTime:0.000456s ]
[ 2018-04-19T08:59:23+08:00 ] /index.php/Admin/Index/top | INFO: Run TokenBuild Behavior [ RunTime:0.000407s ]
[ 2018-04-19T08:59:23+08:00 ] /index.php/Admin/Index/top | INFO: Run WriteHtmlCache Behavior [ RunTime:0.000337s ]
[ 2018-04-19T08:59:23+08:00 ] /index.php/Admin/Index/top | INFO: Run ShowRuntime Behavior [ RunTime:0.000536s ]
[ 2018-04-19T08:59:23+08:00 ] /index.php/Admin/Index/top | INFO: Tag[ view_filter ] --END-- [ RunTime:0.001812s ]
[ 2018-04-19T08:59:23+08:00 ] /index.php/Admin/Index/top | INFO: Tag[ view_end ] --START--
[ 2018-04-19T08:59:23+08:00 ] /index.php/Admin/Index/top | INFO: Run ShowPageTrace Behavior [ RunTime:0.001465s ]
[ 2018-04-19T08:59:23+08:00 ] /index.php/Admin/Index/top | INFO: Tag[ view_end ] --END-- [ RunTime:0.001498s ]
[ 2018-04-19T09:33:51+08:00 ] /index.php/Admin/Index/login.html | ERR: (ThinkException) 非法操作login.html
[ 2018-04-19T09:33:51+08:00 ] /index.php/Admin/Index/login.html | INFO: Tag[ route_check ] --START--
[ 2018-04-19T09:33:51+08:00 ] /index.php/Admin/Index/login.html | INFO: Run CheckRoute Behavior [ RunTime:0.000855s ]
[ 2018-04-19T09:33:51+08:00 ] /index.php/Admin/Index/login.html | INFO: Tag[ route_check ] --END-- [ RunTime:0.000920s ]
[ 2018-04-19T09:33:51+08:00 ] /index.php/Admin/Index/login.html | INFO: Tag[ app_begin ] --START--
[ 2018-04-19T09:33:51+08:00 ] /index.php/Admin/Index/login.html | INFO: Run ReadHtmlCache Behavior [ RunTime:0.000715s ]
[ 2018-04-19T09:33:51+08:00 ] /index.php/Admin/Index/login.html | INFO: Tag[ app_begin ] --END-- [ RunTime:0.000749s ]
[ 2018-04-19T09:33:51+08:00 ] /index.php/Admin/Index/login.html | NOTIC: [8] Undefined index: file ThinkException.class.php 第 72 行.
[ 2018-04-19T09:33:51+08:00 ] /index.php/Admin/Index/login.html | NOTIC: [8] Undefined index: line ThinkException.class.php 第 73 行.
[ 2018-04-19T09:33:51+08:00 ] /index.php/Admin/Index/login.html | NOTIC: [2] file(): Filename cannot be empty ThinkException.class.php 第 74 行.
[ 2018-04-19T09:33:51+08:00 ] /index.php/Admin/Index/login.html | NOTIC: [8] Undefined index: file ThinkException.class.php 第 78 行.
[ 2018-04-19T09:33:51+08:00 ] /index.php/Admin/Index/login.html | NOTIC: [8] Undefined index: line ThinkException.class.php 第 78 行.
[ 2018-04-19T09:33:51+08:00 ] /index.php/Admin/Index/login.html | NOTIC: [8] Array to string conversion ThinkException.class.php 第 80 行.
[ 2018-04-19T09:33:51+08:00 ] /index.php/Admin/Index/login.html | NOTIC: [8] Undefined index: file ThinkException.class.php 第 78 行.
[ 2018-04-19T09:33:51+08:00 ] /index.php/Admin/Index/login.html | NOTIC: [8] Undefined index: line ThinkException.class.php 第 78 行.
[ 2018-04-19T09:33:51+08:00 ] /index.php/Admin/Index/login.html | NOTIC: [8] Undefined index: class ThinkException.class.php 第 79 行.
[ 2018-04-19T09:33:51+08:00 ] /index.php/Admin/Index/login.html | NOTIC: [8] Undefined index: type ThinkException.class.php 第 79 行.
[ 2018-04-19T09:33:51+08:00 ] /index.php/Admin/Index/login.html | NOTIC: [8] Array to string conversion ThinkException.class.php 第 80 行.
[ 2018-04-19T09:33:51+08:00 ] /index.php/Admin/Index/login.html | NOTIC: [8] Undefined index: class ThinkException.class.php 第 79 行.
[ 2018-04-19T09:33:51+08:00 ] /index.php/Admin/Index/login.html | NOTIC: [8] Undefined index: type ThinkException.class.php 第 79 行.
[ 2018-04-19T09:33:51+08:00 ] /index.php/Admin/Index/login.html | NOTIC: [8] Undefined index: class ThinkException.class.php 第 79 行.
[ 2018-04-19T09:33:51+08:00 ] /index.php/Admin/Index/login.html | NOTIC: [8] Undefined index: type ThinkException.class.php 第 79 行.
[ 2018-04-19T09:33:58+08:00 ] /index.php/Admin/Index/index | INFO: Tag[ route_check ] --START--
[ 2018-04-19T09:33:58+08:00 ] /index.php/Admin/Index/index | INFO: Run CheckRoute Behavior [ RunTime:0.000962s ]
[ 2018-04-19T09:33:58+08:00 ] /index.php/Admin/Index/index | INFO: Tag[ route_check ] --END-- [ RunTime:0.001025s ]
[ 2018-04-19T09:33:58+08:00 ] /index.php/Admin/Index/index | INFO: Tag[ app_begin ] --START--
[ 2018-04-19T09:33:58+08:00 ] /index.php/Admin/Index/index | INFO: Run ReadHtmlCache Behavior [ RunTime:0.000715s ]
[ 2018-04-19T09:33:58+08:00 ] /index.php/Admin/Index/index | INFO: Tag[ app_begin ] --END-- [ RunTime:0.000757s ]
[ 2018-04-19T09:33:58+08:00 ] /index.php/Admin/Index/index | INFO: Tag[ view_template ] --START--
[ 2018-04-19T09:33:58+08:00 ] /index.php/Admin/Index/index | INFO: Run LocationTemplate Behavior [ RunTime:0.001087s ]
[ 2018-04-19T09:33:58+08:00 ] /index.php/Admin/Index/index | INFO: Tag[ view_template ] --END-- [ RunTime:0.001146s ]
[ 2018-04-19T09:33:58+08:00 ] /index.php/Admin/Index/index | INFO: Tag[ view_parse ] --START--
[ 2018-04-19T09:33:58+08:00 ] /index.php/Admin/Index/index | INFO: Run ParseTemplate Behavior [ RunTime:0.006681s ]
[ 2018-04-19T09:33:58+08:00 ] /index.php/Admin/Index/index | INFO: Tag[ view_parse ] --END-- [ RunTime:0.006732s ]
[ 2018-04-19T09:33:58+08:00 ] /index.php/Admin/Index/index | INFO: Tag[ view_filter ] --START--
[ 2018-04-19T09:33:58+08:00 ] /index.php/Admin/Index/index | INFO: Run ContentReplace Behavior [ RunTime:0.000537s ]
[ 2018-04-19T09:33:58+08:00 ] /index.php/Admin/Index/index | INFO: Run TokenBuild Behavior [ RunTime:0.000744s ]
[ 2018-04-19T09:33:58+08:00 ] /index.php/Admin/Index/index | INFO: Run WriteHtmlCache Behavior [ RunTime:0.000943s ]
[ 2018-04-19T09:33:58+08:00 ] /index.php/Admin/Index/index | INFO: Run ShowRuntime Behavior [ RunTime:0.001288s ]
[ 2018-04-19T09:33:58+08:00 ] /index.php/Admin/Index/index | INFO: Tag[ view_filter ] --END-- [ RunTime:0.003648s ]
[ 2018-04-19T09:33:58+08:00 ] /index.php/Admin/Index/index | INFO: Tag[ view_end ] --START--
[ 2018-04-19T09:33:58+08:00 ] /index.php/Admin/Index/index | INFO: Run ShowPageTrace Behavior [ RunTime:0.001934s ]
[ 2018-04-19T09:33:58+08:00 ] /index.php/Admin/Index/index | INFO: Tag[ view_end ] --END-- [ RunTime:0.001992s ]
[ 2018-04-19T09:33:58+08:00 ] /index.php/Admin/Index/top | INFO: Tag[ route_check ] --START--
[ 2018-04-19T09:33:58+08:00 ] /index.php/Admin/Index/top | INFO: Run CheckRoute Behavior [ RunTime:0.000807s ]
[ 2018-04-19T09:33:58+08:00 ] /index.php/Admin/Index/top | INFO: Tag[ route_check ] --END-- [ RunTime:0.000880s ]
[ 2018-04-19T09:33:58+08:00 ] /index.php/Admin/Index/top | INFO: Tag[ app_begin ] --START--
[ 2018-04-19T09:33:58+08:00 ] /index.php/Admin/Index/top | INFO: Run ReadHtmlCache Behavior [ RunTime:0.000649s ]
[ 2018-04-19T09:33:58+08:00 ] /index.php/Admin/Index/top | INFO: Tag[ app_begin ] --END-- [ RunTime:0.000681s ]
[ 2018-04-19T09:33:58+08:00 ] /index.php/Admin/Index/top | INFO: Tag[ view_template ] --START--
[ 2018-04-19T09:33:58+08:00 ] /index.php/Admin/Index/top | INFO: Run LocationTemplate Behavior [ RunTime:0.001012s ]
[ 2018-04-19T09:33:58+08:00 ] /index.php/Admin/Index/top | INFO: Tag[ view_template ] --END-- [ RunTime:0.001055s ]
[ 2018-04-19T09:33:58+08:00 ] /index.php/Admin/Index/top | INFO: Tag[ view_parse ] --START--
[ 2018-04-19T09:33:58+08:00 ] /index.php/Admin/Index/top | NOTIC: [8] Undefined variable: qx 9be1047bb7a563f25d2f04755fc1a79b.php 第 17 行.
[ 2018-04-19T09:33:58+08:00 ] /index.php/Admin/Index/top | INFO: Run ParseTemplate Behavior [ RunTime:0.007104s ]
[ 2018-04-19T09:33:58+08:00 ] /index.php/Admin/Index/top | INFO: Tag[ view_parse ] --END-- [ RunTime:0.007134s ]
[ 2018-04-19T09:33:58+08:00 ] /index.php/Admin/Index/top | INFO: Tag[ view_filter ] --START--
[ 2018-04-19T09:33:58+08:00 ] /index.php/Admin/Index/top | INFO: Run ContentReplace Behavior [ RunTime:0.000716s ]
[ 2018-04-19T09:33:58+08:00 ] /index.php/Admin/Index/top | INFO: Run TokenBuild Behavior [ RunTime:0.000590s ]
[ 2018-04-19T09:33:58+08:00 ] /index.php/Admin/Index/top | INFO: Run WriteHtmlCache Behavior [ RunTime:0.001310s ]
[ 2018-04-19T09:33:58+08:00 ] /index.php/Admin/Index/top | INFO: Run ShowRuntime Behavior [ RunTime:0.000751s ]
[ 2018-04-19T09:33:58+08:00 ] /index.php/Admin/Index/top | INFO: Tag[ view_filter ] --END-- [ RunTime:0.003489s ]
[ 2018-04-19T09:33:58+08:00 ] /index.php/Admin/Index/top | INFO: Tag[ view_end ] --START--
[ 2018-04-19T09:33:58+08:00 ] /index.php/Admin/Index/top | INFO: Run ShowPageTrace Behavior [ RunTime:0.002367s ]
[ 2018-04-19T09:33:58+08:00 ] /index.php/Admin/Index/top | INFO: Tag[ view_end ] --END-- [ RunTime:0.002415s ]
[ 2018-04-19T09:33:58+08:00 ] /index.php/Admin/Index/left | INFO: Tag[ route_check ] --START--
[ 2018-04-19T09:33:58+08:00 ] /index.php/Admin/Index/left | INFO: Run CheckRoute Behavior [ RunTime:0.001166s ]
[ 2018-04-19T09:33:58+08:00 ] /index.php/Admin/Index/left | INFO: Tag[ route_check ] --END-- [ RunTime:0.001210s ]
[ 2018-04-19T09:33:58+08:00 ] /index.php/Admin/Index/left | INFO: Tag[ app_begin ] --START--
[ 2018-04-19T09:33:58+08:00 ] /index.php/Admin/Index/left | INFO: Run ReadHtmlCache Behavior [ RunTime:0.000460s ]
[ 2018-04-19T09:33:58+08:00 ] /index.php/Admin/Index/left | INFO: Tag[ app_begin ] --END-- [ RunTime:0.000489s ]
[ 2018-04-19T09:33:58+08:00 ] /index.php/Admin/Index/left | INFO: Tag[ view_template ] --START--
[ 2018-04-19T09:33:58+08:00 ] /index.php/Admin/Index/left | INFO: Run LocationTemplate Behavior [ RunTime:0.000986s ]
[ 2018-04-19T09:33:58+08:00 ] /index.php/Admin/Index/left | INFO: Tag[ view_template ] --END-- [ RunTime:0.001037s ]
[ 2018-04-19T09:33:58+08:00 ] /index.php/Admin/Index/left | INFO: Tag[ view_parse ] --START--
[ 2018-04-19T09:33:58+08:00 ] /index.php/Admin/Index/left | INFO: Run ParseTemplate Behavior [ RunTime:0.014819s ]
[ 2018-04-19T09:33:58+08:00 ] /index.php/Admin/Index/left | INFO: Tag[ view_parse ] --END-- [ RunTime:0.014867s ]
[ 2018-04-19T09:33:58+08:00 ] /index.php/Admin/Index/left | INFO: Tag[ view_filter ] --START--
[ 2018-04-19T09:33:58+08:00 ] /index.php/Admin/Index/left | INFO: Run ContentReplace Behavior [ RunTime:0.000593s ]
[ 2018-04-19T09:33:58+08:00 ] /index.php/Admin/Index/left | INFO: Run TokenBuild Behavior [ RunTime:0.000818s ]
[ 2018-04-19T09:33:58+08:00 ] /index.php/Admin/Index/left | INFO: Run WriteHtmlCache Behavior [ RunTime:0.000562s ]
[ 2018-04-19T09:33:58+08:00 ] /index.php/Admin/Index/left | INFO: Run ShowRuntime Behavior [ RunTime:0.000916s ]
[ 2018-04-19T09:33:58+08:00 ] /index.php/Admin/Index/left | INFO: Tag[ view_filter ] --END-- [ RunTime:0.003068s ]
[ 2018-04-19T09:33:58+08:00 ] /index.php/Admin/Index/left | INFO: Tag[ view_end ] --START--
[ 2018-04-19T09:33:58+08:00 ] /index.php/Admin/Index/left | INFO: Run ShowPageTrace Behavior [ RunTime:0.001541s ]
[ 2018-04-19T09:33:58+08:00 ] /index.php/Admin/Index/left | INFO: Tag[ view_end ] --END-- [ RunTime:0.001584s ]
[ 2018-04-19T09:33:58+08:00 ] /index.php/Admin/Index/right | INFO: Tag[ route_check ] --START--
[ 2018-04-19T09:33:58+08:00 ] /index.php/Admin/Index/right | INFO: Run CheckRoute Behavior [ RunTime:0.000814s ]
[ 2018-04-19T09:33:58+08:00 ] /index.php/Admin/Index/right | INFO: Tag[ route_check ] --END-- [ RunTime:0.000865s ]
[ 2018-04-19T09:33:58+08:00 ] /index.php/Admin/Index/right | INFO: Tag[ app_begin ] --START--
[ 2018-04-19T09:33:58+08:00 ] /index.php/Admin/Index/right | INFO: Run ReadHtmlCache Behavior [ RunTime:0.000729s ]
[ 2018-04-19T09:33:58+08:00 ] /index.php/Admin/Index/right | INFO: Tag[ app_begin ] --END-- [ RunTime:0.000773s ]
[ 2018-04-19T09:33:58+08:00 ] /index.php/Admin/Index/right | INFO: Tag[ view_template ] --START--
[ 2018-04-19T09:33:58+08:00 ] /index.php/Admin/Index/right | INFO: Run LocationTemplate Behavior [ RunTime:0.000904s ]
[ 2018-04-19T09:33:58+08:00 ] /index.php/Admin/Index/right | INFO: Tag[ view_template ] --END-- [ RunTime:0.000948s ]
[ 2018-04-19T09:33:58+08:00 ] /index.php/Admin/Index/right | INFO: Tag[ view_parse ] --START--
[ 2018-04-19T09:33:58+08:00 ] /index.php/Admin/Index/right | INFO: Run ParseTemplate Behavior [ RunTime:0.007113s ]
[ 2018-04-19T09:33:58+08:00 ] /index.php/Admin/Index/right | INFO: Tag[ view_parse ] --END-- [ RunTime:0.007158s ]
[ 2018-04-19T09:33:58+08:00 ] /index.php/Admin/Index/right | INFO: Tag[ view_filter ] --START--
[ 2018-04-19T09:33:58+08:00 ] /index.php/Admin/Index/right | INFO: Run ContentReplace Behavior [ RunTime:0.000445s ]
[ 2018-04-19T09:33:58+08:00 ] /index.php/Admin/Index/right | INFO: Run TokenBuild Behavior [ RunTime:0.000481s ]
[ 2018-04-19T09:33:58+08:00 ] /index.php/Admin/Index/right | INFO: Run WriteHtmlCache Behavior [ RunTime:0.000390s ]
[ 2018-04-19T09:33:58+08:00 ] /index.php/Admin/Index/right | INFO: Run ShowRuntime Behavior [ RunTime:0.000622s ]
[ 2018-04-19T09:33:58+08:00 ] /index.php/Admin/Index/right | INFO: Tag[ view_filter ] --END-- [ RunTime:0.002044s ]
[ 2018-04-19T09:33:58+08:00 ] /index.php/Admin/Index/right | INFO: Tag[ view_end ] --START--
[ 2018-04-19T09:33:58+08:00 ] /index.php/Admin/Index/right | INFO: Run ShowPageTrace Behavior [ RunTime:0.001639s ]
[ 2018-04-19T09:33:58+08:00 ] /index.php/Admin/Index/right | INFO: Tag[ view_end ] --END-- [ RunTime:0.001677s ]
[ 2018-04-19T09:37:08+08:00 ] /index.php/Admin/Category/add | INFO: Tag[ route_check ] --START--
[ 2018-04-19T09:37:08+08:00 ] /index.php/Admin/Category/add | INFO: Run CheckRoute Behavior [ RunTime:0.000801s ]
[ 2018-04-19T09:37:08+08:00 ] /index.php/Admin/Category/add | INFO: Tag[ route_check ] --END-- [ RunTime:0.000849s ]
[ 2018-04-19T09:37:08+08:00 ] /index.php/Admin/Category/add | INFO: Tag[ app_begin ] --START--
[ 2018-04-19T09:37:08+08:00 ] /index.php/Admin/Category/add | INFO: Run ReadHtmlCache Behavior [ RunTime:0.000618s ]
[ 2018-04-19T09:37:08+08:00 ] /index.php/Admin/Category/add | INFO: Tag[ app_begin ] --END-- [ RunTime:0.000646s ]
[ 2018-04-19T09:37:09+08:00 ] /index.php/Admin/Category/add | SQL: SHOW COLUMNS FROM `category` [ RunTime:0.181943s ]
[ 2018-04-19T09:37:09+08:00 ] /index.php/Admin/Category/add | SQL: SELECT * FROM `category` WHERE cid=0  [ RunTime:0.011282s ]
[ 2018-04-19T09:37:09+08:00 ] /index.php/Admin/Category/add | INFO: Tag[ view_template ] --START--
[ 2018-04-19T09:37:09+08:00 ] /index.php/Admin/Category/add | INFO: Run LocationTemplate Behavior [ RunTime:0.001401s ]
[ 2018-04-19T09:37:09+08:00 ] /index.php/Admin/Category/add | INFO: Tag[ view_template ] --END-- [ RunTime:0.001450s ]
[ 2018-04-19T09:37:09+08:00 ] /index.php/Admin/Category/add | INFO: Tag[ view_parse ] --START--
[ 2018-04-19T09:37:09+08:00 ] /index.php/Admin/Category/add | INFO: Run ParseTemplate Behavior [ RunTime:0.096102s ]
[ 2018-04-19T09:37:09+08:00 ] /index.php/Admin/Category/add | INFO: Tag[ view_parse ] --END-- [ RunTime:0.096139s ]
[ 2018-04-19T09:37:09+08:00 ] /index.php/Admin/Category/add | INFO: Tag[ view_filter ] --START--
[ 2018-04-19T09:37:09+08:00 ] /index.php/Admin/Category/add | INFO: Run ContentReplace Behavior [ RunTime:0.000657s ]
[ 2018-04-19T09:37:09+08:00 ] /index.php/Admin/Category/add | INFO: Run TokenBuild Behavior [ RunTime:0.000770s ]
[ 2018-04-19T09:37:09+08:00 ] /index.php/Admin/Category/add | INFO: Run WriteHtmlCache Behavior [ RunTime:0.000861s ]
[ 2018-04-19T09:37:09+08:00 ] /index.php/Admin/Category/add | INFO: Run ShowRuntime Behavior [ RunTime:0.000730s ]
[ 2018-04-19T09:37:09+08:00 ] /index.php/Admin/Category/add | INFO: Tag[ view_filter ] --END-- [ RunTime:0.003177s ]
[ 2018-04-19T09:37:09+08:00 ] /index.php/Admin/Category/add | INFO: Tag[ view_end ] --START--
[ 2018-04-19T09:37:09+08:00 ] /index.php/Admin/Category/add | INFO: Run ShowPageTrace Behavior [ RunTime:0.001396s ]
[ 2018-04-19T09:37:09+08:00 ] /index.php/Admin/Category/add | INFO: Tag[ view_end ] --END-- [ RunTime:0.001456s ]
[ 2018-04-19T09:37:31+08:00 ] /index.php/Admin/Category/addOK | INFO: Tag[ route_check ] --START--
[ 2018-04-19T09:37:31+08:00 ] /index.php/Admin/Category/addOK | INFO: Run CheckRoute Behavior [ RunTime:0.000822s ]
[ 2018-04-19T09:37:31+08:00 ] /index.php/Admin/Category/addOK | INFO: Tag[ route_check ] --END-- [ RunTime:0.000866s ]
[ 2018-04-19T09:37:31+08:00 ] /index.php/Admin/Category/addOK | INFO: Tag[ app_begin ] --START--
[ 2018-04-19T09:37:31+08:00 ] /index.php/Admin/Category/addOK | INFO: Run ReadHtmlCache Behavior [ RunTime:0.000870s ]
[ 2018-04-19T09:37:31+08:00 ] /index.php/Admin/Category/addOK | INFO: Tag[ app_begin ] --END-- [ RunTime:0.000919s ]
[ 2018-04-19T09:37:32+08:00 ] /index.php/Admin/Category/addOK | SQL: SHOW COLUMNS FROM `category` [ RunTime:0.003242s ]
[ 2018-04-19T09:37:32+08:00 ] /index.php/Admin/Category/addOK | NOTIC: [8] Use of undefined constant MAGIC_QUOTES_GPC - assumed 'MAGIC_QUOTES_GPC' Model.class.php 第 873 行.
[ 2018-04-19T09:37:32+08:00 ] /index.php/Admin/Category/addOK | NOTIC: [8] Use of undefined constant MAGIC_QUOTES_GPC - assumed 'MAGIC_QUOTES_GPC' Model.class.php 第 873 行.
[ 2018-04-19T09:37:32+08:00 ] /index.php/Admin/Category/addOK | NOTIC: [8] Use of undefined constant MAGIC_QUOTES_GPC - assumed 'MAGIC_QUOTES_GPC' Model.class.php 第 873 行.
[ 2018-04-19T09:37:32+08:00 ] /index.php/Admin/Category/addOK | SQL: INSERT INTO `category` (`name`,`content`,`cid`) VALUES ('美的','','5') [ RunTime:0.081524s ]
[ 2018-04-19T09:37:32+08:00 ] /index.php/Admin/Category/addOK | INFO: Tag[ view_template ] --START--
[ 2018-04-19T09:37:32+08:00 ] /index.php/Admin/Category/addOK | INFO: Run LocationTemplate Behavior [ RunTime:0.000876s ]
[ 2018-04-19T09:37:32+08:00 ] /index.php/Admin/Category/addOK | INFO: Tag[ view_template ] --END-- [ RunTime:0.000908s ]
[ 2018-04-19T09:37:32+08:00 ] /index.php/Admin/Category/addOK | INFO: Tag[ view_parse ] --START--
[ 2018-04-19T09:37:32+08:00 ] /index.php/Admin/Category/addOK | INFO: Run ParseTemplate Behavior [ RunTime:0.033874s ]
[ 2018-04-19T09:37:32+08:00 ] /index.php/Admin/Category/addOK | INFO: Tag[ view_parse ] --END-- [ RunTime:0.033908s ]
[ 2018-04-19T09:37:32+08:00 ] /index.php/Admin/Category/addOK | INFO: Tag[ view_filter ] --START--
[ 2018-04-19T09:37:32+08:00 ] /index.php/Admin/Category/addOK | INFO: Run ContentReplace Behavior [ RunTime:0.000449s ]
[ 2018-04-19T09:37:32+08:00 ] /index.php/Admin/Category/addOK | INFO: Run TokenBuild Behavior [ RunTime:0.000379s ]
[ 2018-04-19T09:37:32+08:00 ] /index.php/Admin/Category/addOK | INFO: Run WriteHtmlCache Behavior [ RunTime:0.000345s ]
[ 2018-04-19T09:37:32+08:00 ] /index.php/Admin/Category/addOK | INFO: Run ShowRuntime Behavior [ RunTime:0.000416s ]
[ 2018-04-19T09:37:32+08:00 ] /index.php/Admin/Category/addOK | INFO: Tag[ view_filter ] --END-- [ RunTime:0.001659s ]
[ 2018-04-19T09:37:32+08:00 ] /index.php/Admin/Category/addOK | INFO: Tag[ view_end ] --START--
[ 2018-04-19T09:37:32+08:00 ] /index.php/Admin/Category/addOK | INFO: Run ShowPageTrace Behavior [ RunTime:0.001100s ]
[ 2018-04-19T09:37:32+08:00 ] /index.php/Admin/Category/addOK | INFO: Tag[ view_end ] --END-- [ RunTime:0.001126s ]
[ 2018-04-19T09:37:33+08:00 ] /index.php/Admin/Category/add | INFO: Tag[ route_check ] --START--
[ 2018-04-19T09:37:33+08:00 ] /index.php/Admin/Category/add | INFO: Run CheckRoute Behavior [ RunTime:0.000685s ]
[ 2018-04-19T09:37:33+08:00 ] /index.php/Admin/Category/add | INFO: Tag[ route_check ] --END-- [ RunTime:0.000744s ]
[ 2018-04-19T09:37:33+08:00 ] /index.php/Admin/Category/add | INFO: Tag[ app_begin ] --START--
[ 2018-04-19T09:37:33+08:00 ] /index.php/Admin/Category/add | INFO: Run ReadHtmlCache Behavior [ RunTime:0.000679s ]
[ 2018-04-19T09:37:33+08:00 ] /index.php/Admin/Category/add | INFO: Tag[ app_begin ] --END-- [ RunTime:0.000713s ]
[ 2018-04-19T09:37:34+08:00 ] /index.php/Admin/Category/add | SQL: SHOW COLUMNS FROM `category` [ RunTime:0.002776s ]
[ 2018-04-19T09:37:34+08:00 ] /index.php/Admin/Category/add | SQL: SELECT * FROM `category` WHERE cid=0  [ RunTime:0.000244s ]
[ 2018-04-19T09:37:34+08:00 ] /index.php/Admin/Category/add | INFO: Tag[ view_template ] --START--
[ 2018-04-19T09:37:34+08:00 ] /index.php/Admin/Category/add | INFO: Run LocationTemplate Behavior [ RunTime:0.000949s ]
[ 2018-04-19T09:37:34+08:00 ] /index.php/Admin/Category/add | INFO: Tag[ view_template ] --END-- [ RunTime:0.000976s ]
[ 2018-04-19T09:37:34+08:00 ] /index.php/Admin/Category/add | INFO: Tag[ view_parse ] --START--
[ 2018-04-19T09:37:34+08:00 ] /index.php/Admin/Category/add | INFO: Run ParseTemplate Behavior [ RunTime:0.006340s ]
[ 2018-04-19T09:37:34+08:00 ] /index.php/Admin/Category/add | INFO: Tag[ view_parse ] --END-- [ RunTime:0.006378s ]
[ 2018-04-19T09:37:34+08:00 ] /index.php/Admin/Category/add | INFO: Tag[ view_filter ] --START--
[ 2018-04-19T09:37:34+08:00 ] /index.php/Admin/Category/add | INFO: Run ContentReplace Behavior [ RunTime:0.000416s ]
[ 2018-04-19T09:37:34+08:00 ] /index.php/Admin/Category/add | INFO: Run TokenBuild Behavior [ RunTime:0.000541s ]
[ 2018-04-19T09:37:34+08:00 ] /index.php/Admin/Category/add | INFO: Run WriteHtmlCache Behavior [ RunTime:0.000321s ]
[ 2018-04-19T09:37:34+08:00 ] /index.php/Admin/Category/add | INFO: Run ShowRuntime Behavior [ RunTime:0.000476s ]
[ 2018-04-19T09:37:34+08:00 ] /index.php/Admin/Category/add | INFO: Tag[ view_filter ] --END-- [ RunTime:0.001826s ]
[ 2018-04-19T09:37:34+08:00 ] /index.php/Admin/Category/add | INFO: Tag[ view_end ] --START--
[ 2018-04-19T09:37:34+08:00 ] /index.php/Admin/Category/add | INFO: Run ShowPageTrace Behavior [ RunTime:0.001344s ]
[ 2018-04-19T09:37:34+08:00 ] /index.php/Admin/Category/add | INFO: Tag[ view_end ] --END-- [ RunTime:0.001404s ]
[ 2018-04-19T09:40:17+08:00 ] / | INFO: Tag[ app_begin ] --START--
[ 2018-04-19T09:40:17+08:00 ] / | INFO: Run ReadHtmlCache Behavior [ RunTime:0.000785s ]
[ 2018-04-19T09:40:17+08:00 ] / | INFO: Tag[ app_begin ] --END-- [ RunTime:0.000847s ]
[ 2018-04-19T09:40:17+08:00 ] / | INFO: Tag[ view_template ] --START--
[ 2018-04-19T09:40:17+08:00 ] / | INFO: Run LocationTemplate Behavior [ RunTime:0.002513s ]
[ 2018-04-19T09:40:17+08:00 ] / | INFO: Tag[ view_template ] --END-- [ RunTime:0.002580s ]
[ 2018-04-19T09:40:17+08:00 ] / | INFO: Tag[ view_parse ] --START--
[ 2018-04-19T09:40:17+08:00 ] / | NOTIC: [8] Undefined variable: value 1ca3099d593ceb2fb3f303aef3e10ea7.php 第 128 行.
[ 2018-04-19T09:40:17+08:00 ] / | NOTIC: [8] Undefined variable: value 1ca3099d593ceb2fb3f303aef3e10ea7.php 第 141 行.
[ 2018-04-19T09:40:17+08:00 ] / | NOTIC: [8] Undefined variable: value 1ca3099d593ceb2fb3f303aef3e10ea7.php 第 368 行.
[ 2018-04-19T09:40:17+08:00 ] / | NOTIC: [8] Undefined variable: value 1ca3099d593ceb2fb3f303aef3e10ea7.php 第 369 行.
[ 2018-04-19T09:40:17+08:00 ] / | NOTIC: [8] Undefined variable: value 1ca3099d593ceb2fb3f303aef3e10ea7.php 第 370 行.
[ 2018-04-19T09:40:17+08:00 ] / | NOTIC: [8] Undefined variable: value 1ca3099d593ceb2fb3f303aef3e10ea7.php 第 373 行.
[ 2018-04-19T09:40:17+08:00 ] / | NOTIC: [8] Undefined variable: value 1ca3099d593ceb2fb3f303aef3e10ea7.php 第 375 行.
[ 2018-04-19T09:40:17+08:00 ] / | NOTIC: [8] Undefined variable: pager 1ca3099d593ceb2fb3f303aef3e10ea7.php 第 384 行.
[ 2018-04-19T09:40:17+08:00 ] / | INFO: Run ParseTemplate Behavior [ RunTime:0.062074s ]
[ 2018-04-19T09:40:17+08:00 ] / | INFO: Tag[ view_parse ] --END-- [ RunTime:0.062120s ]
[ 2018-04-19T09:40:17+08:00 ] / | INFO: Tag[ view_filter ] --START--
[ 2018-04-19T09:40:17+08:00 ] / | INFO: Run ContentReplace Behavior [ RunTime:0.000510s ]
[ 2018-04-19T09:40:17+08:00 ] / | INFO: Run TokenBuild Behavior [ RunTime:0.000452s ]
[ 2018-04-19T09:40:17+08:00 ] / | INFO: Run WriteHtmlCache Behavior [ RunTime:0.000356s ]
[ 2018-04-19T09:40:17+08:00 ] / | INFO: Run ShowRuntime Behavior [ RunTime:0.000424s ]
[ 2018-04-19T09:40:17+08:00 ] / | INFO: Tag[ view_filter ] --END-- [ RunTime:0.001814s ]
[ 2018-04-19T09:40:17+08:00 ] / | INFO: Tag[ view_end ] --START--
[ 2018-04-19T09:40:17+08:00 ] / | INFO: Run ShowPageTrace Behavior [ RunTime:0.001104s ]
[ 2018-04-19T09:40:17+08:00 ] / | INFO: Tag[ view_end ] --END-- [ RunTime:0.001132s ]
[ 2018-04-19T11:34:41+08:00 ] /index.php/Admin/Index/index | INFO: Tag[ route_check ] --START--
[ 2018-04-19T11:34:41+08:00 ] /index.php/Admin/Index/index | INFO: Run CheckRoute Behavior [ RunTime:0.000962s ]
[ 2018-04-19T11:34:41+08:00 ] /index.php/Admin/Index/index | INFO: Tag[ route_check ] --END-- [ RunTime:0.001094s ]
[ 2018-04-19T11:34:41+08:00 ] /index.php/Admin/Index/index | INFO: Tag[ app_begin ] --START--
[ 2018-04-19T11:34:41+08:00 ] /index.php/Admin/Index/index | INFO: Run ReadHtmlCache Behavior [ RunTime:0.000705s ]
[ 2018-04-19T11:34:41+08:00 ] /index.php/Admin/Index/index | INFO: Tag[ app_begin ] --END-- [ RunTime:0.000761s ]
[ 2018-04-19T11:34:41+08:00 ] /index.php/Admin/Index/index | INFO: Tag[ view_template ] --START--
[ 2018-04-19T11:34:41+08:00 ] /index.php/Admin/Index/index | INFO: Run LocationTemplate Behavior [ RunTime:0.001017s ]
[ 2018-04-19T11:34:41+08:00 ] /index.php/Admin/Index/index | INFO: Tag[ view_template ] --END-- [ RunTime:0.001048s ]
[ 2018-04-19T11:34:41+08:00 ] /index.php/Admin/Index/index | INFO: Tag[ view_parse ] --START--
[ 2018-04-19T11:34:41+08:00 ] /index.php/Admin/Index/index | INFO: Run ParseTemplate Behavior [ RunTime:0.006423s ]
[ 2018-04-19T11:34:41+08:00 ] /index.php/Admin/Index/index | INFO: Tag[ view_parse ] --END-- [ RunTime:0.006457s ]
[ 2018-04-19T11:34:41+08:00 ] /index.php/Admin/Index/index | INFO: Tag[ view_filter ] --START--
[ 2018-04-19T11:34:41+08:00 ] /index.php/Admin/Index/index | INFO: Run ContentReplace Behavior [ RunTime:0.000537s ]
[ 2018-04-19T11:34:41+08:00 ] /index.php/Admin/Index/index | INFO: Run TokenBuild Behavior [ RunTime:0.000668s ]
[ 2018-04-19T11:34:41+08:00 ] /index.php/Admin/Index/index | INFO: Run WriteHtmlCache Behavior [ RunTime:0.000480s ]
[ 2018-04-19T11:34:41+08:00 ] /index.php/Admin/Index/index | INFO: Run ShowRuntime Behavior [ RunTime:0.000566s ]
[ 2018-04-19T11:34:41+08:00 ] /index.php/Admin/Index/index | INFO: Tag[ view_filter ] --END-- [ RunTime:0.002327s ]
[ 2018-04-19T11:34:41+08:00 ] /index.php/Admin/Index/index | INFO: Tag[ view_end ] --START--
[ 2018-04-19T11:34:41+08:00 ] /index.php/Admin/Index/index | INFO: Run ShowPageTrace Behavior [ RunTime:0.001671s ]
[ 2018-04-19T11:34:41+08:00 ] /index.php/Admin/Index/index | INFO: Tag[ view_end ] --END-- [ RunTime:0.001710s ]
[ 2018-04-19T11:34:41+08:00 ] /index.php/Admin/Index/top | INFO: Tag[ route_check ] --START--
[ 2018-04-19T11:34:41+08:00 ] /index.php/Admin/Index/top | INFO: Run CheckRoute Behavior [ RunTime:0.000827s ]
[ 2018-04-19T11:34:41+08:00 ] /index.php/Admin/Index/top | INFO: Tag[ route_check ] --END-- [ RunTime:0.000874s ]
[ 2018-04-19T11:34:41+08:00 ] /index.php/Admin/Index/top | INFO: Tag[ app_begin ] --START--
[ 2018-04-19T11:34:41+08:00 ] /index.php/Admin/Index/top | INFO: Run ReadHtmlCache Behavior [ RunTime:0.000690s ]
[ 2018-04-19T11:34:41+08:00 ] /index.php/Admin/Index/top | INFO: Tag[ app_begin ] --END-- [ RunTime:0.000722s ]
[ 2018-04-19T11:34:41+08:00 ] /index.php/Admin/Index/top | INFO: Tag[ view_template ] --START--
[ 2018-04-19T11:34:41+08:00 ] /index.php/Admin/Index/top | INFO: Run LocationTemplate Behavior [ RunTime:0.000943s ]
[ 2018-04-19T11:34:41+08:00 ] /index.php/Admin/Index/top | INFO: Tag[ view_template ] --END-- [ RunTime:0.000981s ]
[ 2018-04-19T11:34:41+08:00 ] /index.php/Admin/Index/top | INFO: Tag[ view_parse ] --START--
[ 2018-04-19T11:34:41+08:00 ] /index.php/Admin/Index/top | NOTIC: [8] Undefined variable: qx 9be1047bb7a563f25d2f04755fc1a79b.php 第 17 行.
[ 2018-04-19T11:34:41+08:00 ] /index.php/Admin/Index/top | INFO: Run ParseTemplate Behavior [ RunTime:0.006102s ]
[ 2018-04-19T11:34:41+08:00 ] /index.php/Admin/Index/top | INFO: Tag[ view_parse ] --END-- [ RunTime:0.006129s ]
[ 2018-04-19T11:34:41+08:00 ] /index.php/Admin/Index/top | INFO: Tag[ view_filter ] --START--
[ 2018-04-19T11:34:41+08:00 ] /index.php/Admin/Index/top | INFO: Run ContentReplace Behavior [ RunTime:0.000565s ]
[ 2018-04-19T11:34:41+08:00 ] /index.php/Admin/Index/top | INFO: Run TokenBuild Behavior [ RunTime:0.000590s ]
[ 2018-04-19T11:34:41+08:00 ] /index.php/Admin/Index/top | INFO: Run WriteHtmlCache Behavior [ RunTime:0.000645s ]
[ 2018-04-19T11:34:41+08:00 ] /index.php/Admin/Index/top | INFO: Run ShowRuntime Behavior [ RunTime:0.000623s ]
[ 2018-04-19T11:34:41+08:00 ] /index.php/Admin/Index/top | INFO: Tag[ view_filter ] --END-- [ RunTime:0.002521s ]
[ 2018-04-19T11:34:41+08:00 ] /index.php/Admin/Index/top | INFO: Tag[ view_end ] --START--
[ 2018-04-19T11:34:41+08:00 ] /index.php/Admin/Index/top | INFO: Run ShowPageTrace Behavior [ RunTime:0.001802s ]
[ 2018-04-19T11:34:41+08:00 ] /index.php/Admin/Index/top | INFO: Tag[ view_end ] --END-- [ RunTime:0.001846s ]
[ 2018-04-19T11:34:41+08:00 ] /index.php/Admin/Index/left | INFO: Tag[ route_check ] --START--
[ 2018-04-19T11:34:41+08:00 ] /index.php/Admin/Index/left | INFO: Run CheckRoute Behavior [ RunTime:0.000785s ]
[ 2018-04-19T11:34:41+08:00 ] /index.php/Admin/Index/left | INFO: Tag[ route_check ] --END-- [ RunTime:0.000833s ]
[ 2018-04-19T11:34:41+08:00 ] /index.php/Admin/Index/left | INFO: Tag[ app_begin ] --START--
[ 2018-04-19T11:34:41+08:00 ] /index.php/Admin/Index/left | INFO: Run ReadHtmlCache Behavior [ RunTime:0.000569s ]
[ 2018-04-19T11:34:41+08:00 ] /index.php/Admin/Index/left | INFO: Tag[ app_begin ] --END-- [ RunTime:0.000604s ]
[ 2018-04-19T11:34:41+08:00 ] /index.php/Admin/Index/left | INFO: Tag[ view_template ] --START--
[ 2018-04-19T11:34:41+08:00 ] /index.php/Admin/Index/left | INFO: Run LocationTemplate Behavior [ RunTime:0.001261s ]
[ 2018-04-19T11:34:41+08:00 ] /index.php/Admin/Index/left | INFO: Tag[ view_template ] --END-- [ RunTime:0.001383s ]
[ 2018-04-19T11:34:41+08:00 ] /index.php/Admin/Index/left | INFO: Tag[ view_parse ] --START--
[ 2018-04-19T11:34:41+08:00 ] /index.php/Admin/Index/left | INFO: Run ParseTemplate Behavior [ RunTime:0.010139s ]
[ 2018-04-19T11:34:41+08:00 ] /index.php/Admin/Index/left | INFO: Tag[ view_parse ] --END-- [ RunTime:0.010200s ]
[ 2018-04-19T11:34:41+08:00 ] /index.php/Admin/Index/left | INFO: Tag[ view_filter ] --START--
[ 2018-04-19T11:34:41+08:00 ] /index.php/Admin/Index/left | INFO: Run ContentReplace Behavior [ RunTime:0.000584s ]
[ 2018-04-19T11:34:41+08:00 ] /index.php/Admin/Index/left | INFO: Run TokenBuild Behavior [ RunTime:0.000608s ]
[ 2018-04-19T11:34:41+08:00 ] /index.php/Admin/Index/left | INFO: Run WriteHtmlCache Behavior [ RunTime:0.000489s ]
[ 2018-04-19T11:34:41+08:00 ] /index.php/Admin/Index/left | INFO: Run ShowRuntime Behavior [ RunTime:0.000644s ]
[ 2018-04-19T11:34:41+08:00 ] /index.php/Admin/Index/left | INFO: Tag[ view_filter ] --END-- [ RunTime:0.002673s ]
[ 2018-04-19T11:34:41+08:00 ] /index.php/Admin/Index/left | INFO: Tag[ view_end ] --START--
[ 2018-04-19T11:34:41+08:00 ] /index.php/Admin/Index/left | INFO: Run ShowPageTrace Behavior [ RunTime:0.001774s ]
[ 2018-04-19T11:34:41+08:00 ] /index.php/Admin/Index/left | INFO: Tag[ view_end ] --END-- [ RunTime:0.001814s ]
[ 2018-04-19T11:34:41+08:00 ] /index.php/Admin/Index/right | INFO: Tag[ route_check ] --START--
[ 2018-04-19T11:34:41+08:00 ] /index.php/Admin/Index/right | INFO: Run CheckRoute Behavior [ RunTime:0.000842s ]
[ 2018-04-19T11:34:41+08:00 ] /index.php/Admin/Index/right | INFO: Tag[ route_check ] --END-- [ RunTime:0.000890s ]
[ 2018-04-19T11:34:41+08:00 ] /index.php/Admin/Index/right | INFO: Tag[ app_begin ] --START--
[ 2018-04-19T11:34:41+08:00 ] /index.php/Admin/Index/right | INFO: Run ReadHtmlCache Behavior [ RunTime:0.000859s ]
[ 2018-04-19T11:34:41+08:00 ] /index.php/Admin/Index/right | INFO: Tag[ app_begin ] --END-- [ RunTime:0.000896s ]
[ 2018-04-19T11:34:41+08:00 ] /index.php/Admin/Index/right | INFO: Tag[ view_template ] --START--
[ 2018-04-19T11:34:41+08:00 ] /index.php/Admin/Index/right | INFO: Run LocationTemplate Behavior [ RunTime:0.001158s ]
[ 2018-04-19T11:34:41+08:00 ] /index.php/Admin/Index/right | INFO: Tag[ view_template ] --END-- [ RunTime:0.001259s ]
[ 2018-04-19T11:34:41+08:00 ] /index.php/Admin/Index/right | INFO: Tag[ view_parse ] --START--
[ 2018-04-19T11:34:41+08:00 ] /index.php/Admin/Index/right | INFO: Run ParseTemplate Behavior [ RunTime:0.017030s ]
[ 2018-04-19T11:34:41+08:00 ] /index.php/Admin/Index/right | INFO: Tag[ view_parse ] --END-- [ RunTime:0.017076s ]
[ 2018-04-19T11:34:41+08:00 ] /index.php/Admin/Index/right | INFO: Tag[ view_filter ] --START--
[ 2018-04-19T11:34:41+08:00 ] /index.php/Admin/Index/right | INFO: Run ContentReplace Behavior [ RunTime:0.001016s ]
[ 2018-04-19T11:34:41+08:00 ] /index.php/Admin/Index/right | INFO: Run TokenBuild Behavior [ RunTime:0.000488s ]
[ 2018-04-19T11:34:41+08:00 ] /index.php/Admin/Index/right | INFO: Run WriteHtmlCache Behavior [ RunTime:0.000379s ]
[ 2018-04-19T11:34:41+08:00 ] /index.php/Admin/Index/right | INFO: Run ShowRuntime Behavior [ RunTime:0.000498s ]
[ 2018-04-19T11:34:41+08:00 ] /index.php/Admin/Index/right | INFO: Tag[ view_filter ] --END-- [ RunTime:0.002509s ]
[ 2018-04-19T11:34:41+08:00 ] /index.php/Admin/Index/right | INFO: Tag[ view_end ] --START--
[ 2018-04-19T11:34:41+08:00 ] /index.php/Admin/Index/right | INFO: Run ShowPageTrace Behavior [ RunTime:0.001433s ]
[ 2018-04-19T11:34:41+08:00 ] /index.php/Admin/Index/right | INFO: Tag[ view_end ] --END-- [ RunTime:0.001476s ]
[ 2018-04-19T11:34:48+08:00 ] /index.php/Admin/Index/login.html | ERR: (ThinkException) 非法操作login.html
[ 2018-04-19T11:34:48+08:00 ] /index.php/Admin/Index/login.html | INFO: Tag[ route_check ] --START--
[ 2018-04-19T11:34:48+08:00 ] /index.php/Admin/Index/login.html | INFO: Run CheckRoute Behavior [ RunTime:0.000721s ]
[ 2018-04-19T11:34:48+08:00 ] /index.php/Admin/Index/login.html | INFO: Tag[ route_check ] --END-- [ RunTime:0.000780s ]
[ 2018-04-19T11:34:48+08:00 ] /index.php/Admin/Index/login.html | INFO: Tag[ app_begin ] --START--
[ 2018-04-19T11:34:48+08:00 ] /index.php/Admin/Index/login.html | INFO: Run ReadHtmlCache Behavior [ RunTime:0.000397s ]
[ 2018-04-19T11:34:48+08:00 ] /index.php/Admin/Index/login.html | INFO: Tag[ app_begin ] --END-- [ RunTime:0.000430s ]
[ 2018-04-19T11:34:48+08:00 ] /index.php/Admin/Index/login.html | NOTIC: [8] Undefined index: file ThinkException.class.php 第 72 行.
[ 2018-04-19T11:34:48+08:00 ] /index.php/Admin/Index/login.html | NOTIC: [8] Undefined index: line ThinkException.class.php 第 73 行.
[ 2018-04-19T11:34:48+08:00 ] /index.php/Admin/Index/login.html | NOTIC: [2] file(): Filename cannot be empty ThinkException.class.php 第 74 行.
[ 2018-04-19T11:34:48+08:00 ] /index.php/Admin/Index/login.html | NOTIC: [8] Undefined index: file ThinkException.class.php 第 78 行.
[ 2018-04-19T11:34:48+08:00 ] /index.php/Admin/Index/login.html | NOTIC: [8] Undefined index: line ThinkException.class.php 第 78 行.
[ 2018-04-19T11:34:48+08:00 ] /index.php/Admin/Index/login.html | NOTIC: [8] Array to string conversion ThinkException.class.php 第 80 行.
[ 2018-04-19T11:34:48+08:00 ] /index.php/Admin/Index/login.html | NOTIC: [8] Undefined index: file ThinkException.class.php 第 78 行.
[ 2018-04-19T11:34:48+08:00 ] /index.php/Admin/Index/login.html | NOTIC: [8] Undefined index: line ThinkException.class.php 第 78 行.
[ 2018-04-19T11:34:48+08:00 ] /index.php/Admin/Index/login.html | NOTIC: [8] Undefined index: class ThinkException.class.php 第 79 行.
[ 2018-04-19T11:34:48+08:00 ] /index.php/Admin/Index/login.html | NOTIC: [8] Undefined index: type ThinkException.class.php 第 79 行.
[ 2018-04-19T11:34:48+08:00 ] /index.php/Admin/Index/login.html | NOTIC: [8] Array to string conversion ThinkException.class.php 第 80 行.
[ 2018-04-19T11:34:48+08:00 ] /index.php/Admin/Index/login.html | NOTIC: [8] Undefined index: class ThinkException.class.php 第 79 行.
[ 2018-04-19T11:34:48+08:00 ] /index.php/Admin/Index/login.html | NOTIC: [8] Undefined index: type ThinkException.class.php 第 79 行.
[ 2018-04-19T11:34:48+08:00 ] /index.php/Admin/Index/login.html | NOTIC: [8] Undefined index: class ThinkException.class.php 第 79 行.
[ 2018-04-19T11:34:48+08:00 ] /index.php/Admin/Index/login.html | NOTIC: [8] Undefined index: type ThinkException.class.php 第 79 行.
[ 2018-04-19T11:35:01+08:00 ] /index.php/Admin/Admin/login | INFO: Tag[ route_check ] --START--
[ 2018-04-19T11:35:01+08:00 ] /index.php/Admin/Admin/login | INFO: Run CheckRoute Behavior [ RunTime:0.000805s ]
[ 2018-04-19T11:35:01+08:00 ] /index.php/Admin/Admin/login | INFO: Tag[ route_check ] --END-- [ RunTime:0.000865s ]
[ 2018-04-19T11:35:01+08:00 ] /index.php/Admin/Admin/login | INFO: Tag[ app_begin ] --START--
[ 2018-04-19T11:35:01+08:00 ] /index.php/Admin/Admin/login | INFO: Run ReadHtmlCache Behavior [ RunTime:0.000558s ]
[ 2018-04-19T11:35:01+08:00 ] /index.php/Admin/Admin/login | INFO: Tag[ app_begin ] --END-- [ RunTime:0.000588s ]
[ 2018-04-19T11:35:02+08:00 ] /index.php/Admin/Admin/login | SQL: SELECT * FROM `admin`  [ RunTime:0.000275s ]
[ 2018-04-19T11:35:02+08:00 ] /index.php/Admin/Admin/login | INFO: Tag[ view_template ] --START--
[ 2018-04-19T11:35:02+08:00 ] /index.php/Admin/Admin/login | INFO: Run LocationTemplate Behavior [ RunTime:0.000899s ]
[ 2018-04-19T11:35:02+08:00 ] /index.php/Admin/Admin/login | INFO: Tag[ view_template ] --END-- [ RunTime:0.000927s ]
[ 2018-04-19T11:35:02+08:00 ] /index.php/Admin/Admin/login | INFO: Tag[ view_parse ] --START--
[ 2018-04-19T11:35:02+08:00 ] /index.php/Admin/Admin/login | INFO: Run ParseTemplate Behavior [ RunTime:0.005620s ]
[ 2018-04-19T11:35:02+08:00 ] /index.php/Admin/Admin/login | INFO: Tag[ view_parse ] --END-- [ RunTime:0.005684s ]
[ 2018-04-19T11:35:02+08:00 ] /index.php/Admin/Admin/login | INFO: Tag[ view_filter ] --START--
[ 2018-04-19T11:35:02+08:00 ] /index.php/Admin/Admin/login | INFO: Run ContentReplace Behavior [ RunTime:0.000536s ]
[ 2018-04-19T11:35:02+08:00 ] /index.php/Admin/Admin/login | INFO: Run TokenBuild Behavior [ RunTime:0.000424s ]
[ 2018-04-19T11:35:02+08:00 ] /index.php/Admin/Admin/login | INFO: Run WriteHtmlCache Behavior [ RunTime:0.000354s ]
[ 2018-04-19T11:35:02+08:00 ] /index.php/Admin/Admin/login | INFO: Run ShowRuntime Behavior [ RunTime:0.000429s ]
[ 2018-04-19T11:35:02+08:00 ] /index.php/Admin/Admin/login | INFO: Tag[ view_filter ] --END-- [ RunTime:0.001834s ]
[ 2018-04-19T11:35:02+08:00 ] /index.php/Admin/Admin/login | INFO: Tag[ view_end ] --START--
[ 2018-04-19T11:35:02+08:00 ] /index.php/Admin/Admin/login | INFO: Run ShowPageTrace Behavior [ RunTime:0.001148s ]
[ 2018-04-19T11:35:02+08:00 ] /index.php/Admin/Admin/login | INFO: Tag[ view_end ] --END-- [ RunTime:0.001174s ]
[ 2018-04-19T11:35:02+08:00 ] /index.php/Admin/Admin/createCode | INFO: Tag[ route_check ] --START--
[ 2018-04-19T11:35:02+08:00 ] /index.php/Admin/Admin/createCode | INFO: Run CheckRoute Behavior [ RunTime:0.000790s ]
[ 2018-04-19T11:35:02+08:00 ] /index.php/Admin/Admin/createCode | INFO: Tag[ route_check ] --END-- [ RunTime:0.000869s ]
[ 2018-04-19T11:35:02+08:00 ] /index.php/Admin/Admin/createCode | INFO: Tag[ app_begin ] --START--
[ 2018-04-19T11:35:02+08:00 ] /index.php/Admin/Admin/createCode | INFO: Run ReadHtmlCache Behavior [ RunTime:0.000384s ]
[ 2018-04-19T11:35:02+08:00 ] /index.php/Admin/Admin/createCode | INFO: Tag[ app_begin ] --END-- [ RunTime:0.000419s ]
[ 2018-04-19T11:35:20+08:00 ] /index.php/Admin/Admin/login | INFO: Tag[ route_check ] --START--
[ 2018-04-19T11:35:20+08:00 ] /index.php/Admin/Admin/login | INFO: Run CheckRoute Behavior [ RunTime:0.000682s ]
[ 2018-04-19T11:35:20+08:00 ] /index.php/Admin/Admin/login | INFO: Tag[ route_check ] --END-- [ RunTime:0.000725s ]
[ 2018-04-19T11:35:20+08:00 ] /index.php/Admin/Admin/login | INFO: Tag[ app_begin ] --START--
[ 2018-04-19T11:35:20+08:00 ] /index.php/Admin/Admin/login | INFO: Run ReadHtmlCache Behavior [ RunTime:0.000329s ]
[ 2018-04-19T11:35:20+08:00 ] /index.php/Admin/Admin/login | INFO: Tag[ app_begin ] --END-- [ RunTime:0.000356s ]
[ 2018-04-19T11:35:21+08:00 ] /index.php/Admin/Admin/login | SQL: SELECT * FROM `admin`  [ RunTime:0.000110s ]
[ 2018-04-19T11:35:21+08:00 ] /index.php/Admin/Admin/login | INFO: Tag[ view_template ] --START--
[ 2018-04-19T11:35:21+08:00 ] /index.php/Admin/Admin/login | INFO: Run LocationTemplate Behavior [ RunTime:0.000956s ]
[ 2018-04-19T11:35:21+08:00 ] /index.php/Admin/Admin/login | INFO: Tag[ view_template ] --END-- [ RunTime:0.000987s ]
[ 2018-04-19T11:35:21+08:00 ] /index.php/Admin/Admin/login | INFO: Tag[ view_parse ] --START--
[ 2018-04-19T11:35:21+08:00 ] /index.php/Admin/Admin/login | INFO: Run ParseTemplate Behavior [ RunTime:0.005274s ]
[ 2018-04-19T11:35:21+08:00 ] /index.php/Admin/Admin/login | INFO: Tag[ view_parse ] --END-- [ RunTime:0.005304s ]
[ 2018-04-19T11:35:21+08:00 ] /index.php/Admin/Admin/login | INFO: Tag[ view_filter ] --START--
[ 2018-04-19T11:35:21+08:00 ] /index.php/Admin/Admin/login | INFO: Run ContentReplace Behavior [ RunTime:0.000371s ]
[ 2018-04-19T11:35:21+08:00 ] /index.php/Admin/Admin/login | INFO: Run TokenBuild Behavior [ RunTime:0.000400s ]
[ 2018-04-19T11:35:21+08:00 ] /index.php/Admin/Admin/login | INFO: Run WriteHtmlCache Behavior [ RunTime:0.000359s ]
[ 2018-04-19T11:35:21+08:00 ] /index.php/Admin/Admin/login | INFO: Run ShowRuntime Behavior [ RunTime:0.000447s ]
[ 2018-04-19T11:35:21+08:00 ] /index.php/Admin/Admin/login | INFO: Tag[ view_filter ] --END-- [ RunTime:0.001648s ]
[ 2018-04-19T11:35:21+08:00 ] /index.php/Admin/Admin/login | INFO: Tag[ view_end ] --START--
[ 2018-04-19T11:35:21+08:00 ] /index.php/Admin/Admin/login | INFO: Run ShowPageTrace Behavior [ RunTime:0.001113s ]
[ 2018-04-19T11:35:21+08:00 ] /index.php/Admin/Admin/login | INFO: Tag[ view_end ] --END-- [ RunTime:0.001139s ]
[ 2018-04-19T11:35:21+08:00 ] /index.php/Admin/Admin/createCode | INFO: Tag[ route_check ] --START--
[ 2018-04-19T11:35:21+08:00 ] /index.php/Admin/Admin/createCode | INFO: Run CheckRoute Behavior [ RunTime:0.000776s ]
[ 2018-04-19T11:35:21+08:00 ] /index.php/Admin/Admin/createCode | INFO: Tag[ route_check ] --END-- [ RunTime:0.000845s ]
[ 2018-04-19T11:35:21+08:00 ] /index.php/Admin/Admin/createCode | INFO: Tag[ app_begin ] --START--
[ 2018-04-19T11:35:21+08:00 ] /index.php/Admin/Admin/createCode | INFO: Run ReadHtmlCache Behavior [ RunTime:0.001460s ]
[ 2018-04-19T11:35:21+08:00 ] /index.php/Admin/Admin/createCode | INFO: Tag[ app_begin ] --END-- [ RunTime:0.001506s ]
[ 2018-04-19T11:35:21+08:00 ] /index.php/Admin/Admin/login | INFO: Tag[ route_check ] --START--
[ 2018-04-19T11:35:21+08:00 ] /index.php/Admin/Admin/login | INFO: Run CheckRoute Behavior [ RunTime:0.000633s ]
[ 2018-04-19T11:35:21+08:00 ] /index.php/Admin/Admin/login | INFO: Tag[ route_check ] --END-- [ RunTime:0.000689s ]
[ 2018-04-19T11:35:21+08:00 ] /index.php/Admin/Admin/login | INFO: Tag[ app_begin ] --START--
[ 2018-04-19T11:35:21+08:00 ] /index.php/Admin/Admin/login | INFO: Run ReadHtmlCache Behavior [ RunTime:0.000324s ]
[ 2018-04-19T11:35:21+08:00 ] /index.php/Admin/Admin/login | INFO: Tag[ app_begin ] --END-- [ RunTime:0.000351s ]
[ 2018-04-19T11:35:22+08:00 ] /index.php/Admin/Admin/login | SQL: SELECT * FROM `admin`  [ RunTime:0.000060s ]
[ 2018-04-19T11:35:22+08:00 ] /index.php/Admin/Admin/login | INFO: Tag[ view_template ] --START--
[ 2018-04-19T11:35:22+08:00 ] /index.php/Admin/Admin/login | INFO: Run LocationTemplate Behavior [ RunTime:0.000859s ]
[ 2018-04-19T11:35:22+08:00 ] /index.php/Admin/Admin/login | INFO: Tag[ view_template ] --END-- [ RunTime:0.000889s ]
[ 2018-04-19T11:35:22+08:00 ] /index.php/Admin/Admin/login | INFO: Tag[ view_parse ] --START--
[ 2018-04-19T11:35:22+08:00 ] /index.php/Admin/Admin/login | INFO: Run ParseTemplate Behavior [ RunTime:0.005011s ]
[ 2018-04-19T11:35:22+08:00 ] /index.php/Admin/Admin/login | INFO: Tag[ view_parse ] --END-- [ RunTime:0.005041s ]
[ 2018-04-19T11:35:22+08:00 ] /index.php/Admin/Admin/login | INFO: Tag[ view_filter ] --START--
[ 2018-04-19T11:35:22+08:00 ] /index.php/Admin/Admin/login | INFO: Run ContentReplace Behavior [ RunTime:0.000421s ]
[ 2018-04-19T11:35:22+08:00 ] /index.php/Admin/Admin/login | INFO: Run TokenBuild Behavior [ RunTime:0.000394s ]
[ 2018-04-19T11:35:22+08:00 ] /index.php/Admin/Admin/login | INFO: Run WriteHtmlCache Behavior [ RunTime:0.000315s ]
[ 2018-04-19T11:35:22+08:00 ] /index.php/Admin/Admin/login | INFO: Run ShowRuntime Behavior [ RunTime:0.000416s ]
[ 2018-04-19T11:35:22+08:00 ] /index.php/Admin/Admin/login | INFO: Tag[ view_filter ] --END-- [ RunTime:0.001633s ]
[ 2018-04-19T11:35:22+08:00 ] /index.php/Admin/Admin/login | INFO: Tag[ view_end ] --START--
[ 2018-04-19T11:35:22+08:00 ] /index.php/Admin/Admin/login | INFO: Run ShowPageTrace Behavior [ RunTime:0.001054s ]
[ 2018-04-19T11:35:22+08:00 ] /index.php/Admin/Admin/login | INFO: Tag[ view_end ] --END-- [ RunTime:0.001079s ]
[ 2018-04-19T11:35:23+08:00 ] /index.php/Admin/Admin/createCode | INFO: Tag[ route_check ] --START--
[ 2018-04-19T11:35:23+08:00 ] /index.php/Admin/Admin/createCode | INFO: Run CheckRoute Behavior [ RunTime:0.000728s ]
[ 2018-04-19T11:35:23+08:00 ] /index.php/Admin/Admin/createCode | INFO: Tag[ route_check ] --END-- [ RunTime:0.000782s ]
[ 2018-04-19T11:35:23+08:00 ] /index.php/Admin/Admin/createCode | INFO: Tag[ app_begin ] --START--
[ 2018-04-19T11:35:23+08:00 ] /index.php/Admin/Admin/createCode | INFO: Run ReadHtmlCache Behavior [ RunTime:0.000415s ]
[ 2018-04-19T11:35:23+08:00 ] /index.php/Admin/Admin/createCode | INFO: Tag[ app_begin ] --END-- [ RunTime:0.000451s ]
[ 2018-04-19T11:35:24+08:00 ] /index.php/Admin/Admin/login | INFO: Tag[ route_check ] --START--
[ 2018-04-19T11:35:24+08:00 ] /index.php/Admin/Admin/login | INFO: Run CheckRoute Behavior [ RunTime:0.000635s ]
[ 2018-04-19T11:35:24+08:00 ] /index.php/Admin/Admin/login | INFO: Tag[ route_check ] --END-- [ RunTime:0.000685s ]
[ 2018-04-19T11:35:24+08:00 ] /index.php/Admin/Admin/login | INFO: Tag[ app_begin ] --START--
[ 2018-04-19T11:35:24+08:00 ] /index.php/Admin/Admin/login | INFO: Run ReadHtmlCache Behavior [ RunTime:0.000322s ]
[ 2018-04-19T11:35:24+08:00 ] /index.php/Admin/Admin/login | INFO: Tag[ app_begin ] --END-- [ RunTime:0.000349s ]
[ 2018-04-19T11:35:25+08:00 ] /index.php/Admin/Admin/login | SQL: SELECT * FROM `admin`  [ RunTime:0.000102s ]
[ 2018-04-19T11:35:25+08:00 ] /index.php/Admin/Admin/login | INFO: Tag[ view_template ] --START--
[ 2018-04-19T11:35:25+08:00 ] /index.php/Admin/Admin/login | INFO: Run LocationTemplate Behavior [ RunTime:0.001070s ]
[ 2018-04-19T11:35:25+08:00 ] /index.php/Admin/Admin/login | INFO: Tag[ view_template ] --END-- [ RunTime:0.001113s ]
[ 2018-04-19T11:35:25+08:00 ] /index.php/Admin/Admin/login | INFO: Tag[ view_parse ] --START--
[ 2018-04-19T11:35:25+08:00 ] /index.php/Admin/Admin/login | INFO: Run ParseTemplate Behavior [ RunTime:0.005923s ]
[ 2018-04-19T11:35:25+08:00 ] /index.php/Admin/Admin/login | INFO: Tag[ view_parse ] --END-- [ RunTime:0.005964s ]
[ 2018-04-19T11:35:25+08:00 ] /index.php/Admin/Admin/login | INFO: Tag[ view_filter ] --START--
[ 2018-04-19T11:35:25+08:00 ] /index.php/Admin/Admin/login | INFO: Run ContentReplace Behavior [ RunTime:0.000455s ]
[ 2018-04-19T11:35:25+08:00 ] /index.php/Admin/Admin/login | INFO: Run TokenBuild Behavior [ RunTime:0.000477s ]
[ 2018-04-19T11:35:25+08:00 ] /index.php/Admin/Admin/login | INFO: Run WriteHtmlCache Behavior [ RunTime:0.000383s ]
[ 2018-04-19T11:35:25+08:00 ] /index.php/Admin/Admin/login | INFO: Run ShowRuntime Behavior [ RunTime:0.000505s ]
[ 2018-04-19T11:35:25+08:00 ] /index.php/Admin/Admin/login | INFO: Tag[ view_filter ] --END-- [ RunTime:0.001910s ]
[ 2018-04-19T11:35:25+08:00 ] /index.php/Admin/Admin/login | INFO: Tag[ view_end ] --START--
[ 2018-04-19T11:35:25+08:00 ] /index.php/Admin/Admin/login | INFO: Run ShowPageTrace Behavior [ RunTime:0.001250s ]
[ 2018-04-19T11:35:25+08:00 ] /index.php/Admin/Admin/login | INFO: Tag[ view_end ] --END-- [ RunTime:0.001281s ]
[ 2018-04-19T11:35:25+08:00 ] /index.php/Admin/Admin/createCode | INFO: Tag[ route_check ] --START--
[ 2018-04-19T11:35:25+08:00 ] /index.php/Admin/Admin/createCode | INFO: Run CheckRoute Behavior [ RunTime:0.000725s ]
[ 2018-04-19T11:35:25+08:00 ] /index.php/Admin/Admin/createCode | INFO: Tag[ route_check ] --END-- [ RunTime:0.000794s ]
[ 2018-04-19T11:35:25+08:00 ] /index.php/Admin/Admin/createCode | INFO: Tag[ app_begin ] --START--
[ 2018-04-19T11:35:25+08:00 ] /index.php/Admin/Admin/createCode | INFO: Run ReadHtmlCache Behavior [ RunTime:0.001428s ]
[ 2018-04-19T11:35:25+08:00 ] /index.php/Admin/Admin/createCode | INFO: Tag[ app_begin ] --END-- [ RunTime:0.001483s ]
[ 2018-04-19T11:37:42+08:00 ] /index.php/Admin/Admin/login | INFO: Tag[ route_check ] --START--
[ 2018-04-19T11:37:42+08:00 ] /index.php/Admin/Admin/login | INFO: Run CheckRoute Behavior [ RunTime:0.001032s ]
[ 2018-04-19T11:37:42+08:00 ] /index.php/Admin/Admin/login | INFO: Tag[ route_check ] --END-- [ RunTime:0.001144s ]
[ 2018-04-19T11:37:42+08:00 ] /index.php/Admin/Admin/login | INFO: Tag[ app_begin ] --START--
[ 2018-04-19T11:37:42+08:00 ] /index.php/Admin/Admin/login | INFO: Run ReadHtmlCache Behavior [ RunTime:0.000666s ]
[ 2018-04-19T11:37:42+08:00 ] /index.php/Admin/Admin/login | INFO: Tag[ app_begin ] --END-- [ RunTime:0.000746s ]
[ 2018-04-19T11:37:43+08:00 ] /index.php/Admin/Admin/login | SQL: SELECT * FROM `admin`  [ RunTime:0.000096s ]
[ 2018-04-19T11:37:43+08:00 ] /index.php/Admin/Admin/login | INFO: Tag[ view_template ] --START--
[ 2018-04-19T11:37:43+08:00 ] /index.php/Admin/Admin/login | INFO: Run LocationTemplate Behavior [ RunTime:0.000829s ]
[ 2018-04-19T11:37:43+08:00 ] /index.php/Admin/Admin/login | INFO: Tag[ view_template ] --END-- [ RunTime:0.000866s ]
[ 2018-04-19T11:37:43+08:00 ] /index.php/Admin/Admin/login | INFO: Tag[ view_parse ] --START--
[ 2018-04-19T11:37:43+08:00 ] /index.php/Admin/Admin/login | INFO: Run ParseTemplate Behavior [ RunTime:0.005056s ]
[ 2018-04-19T11:37:43+08:00 ] /index.php/Admin/Admin/login | INFO: Tag[ view_parse ] --END-- [ RunTime:0.005096s ]
[ 2018-04-19T11:37:43+08:00 ] /index.php/Admin/Admin/login | INFO: Tag[ view_filter ] --START--
[ 2018-04-19T11:37:43+08:00 ] /index.php/Admin/Admin/login | INFO: Run ContentReplace Behavior [ RunTime:0.000353s ]
[ 2018-04-19T11:37:43+08:00 ] /index.php/Admin/Admin/login | INFO: Run TokenBuild Behavior [ RunTime:0.000357s ]
[ 2018-04-19T11:37:43+08:00 ] /index.php/Admin/Admin/login | INFO: Run WriteHtmlCache Behavior [ RunTime:0.000265s ]
[ 2018-04-19T11:37:43+08:00 ] /index.php/Admin/Admin/login | INFO: Run ShowRuntime Behavior [ RunTime:0.000366s ]
[ 2018-04-19T11:37:43+08:00 ] /index.php/Admin/Admin/login | INFO: Tag[ view_filter ] --END-- [ RunTime:0.001421s ]
[ 2018-04-19T11:37:43+08:00 ] /index.php/Admin/Admin/login | INFO: Tag[ view_end ] --START--
[ 2018-04-19T11:37:43+08:00 ] /index.php/Admin/Admin/login | INFO: Run ShowPageTrace Behavior [ RunTime:0.001089s ]
[ 2018-04-19T11:37:43+08:00 ] /index.php/Admin/Admin/login | INFO: Tag[ view_end ] --END-- [ RunTime:0.001116s ]
[ 2018-04-19T11:37:43+08:00 ] /index.php/Admin/Admin/createCode | INFO: Tag[ route_check ] --START--
[ 2018-04-19T11:37:43+08:00 ] /index.php/Admin/Admin/createCode | INFO: Run CheckRoute Behavior [ RunTime:0.000539s ]
[ 2018-04-19T11:37:43+08:00 ] /index.php/Admin/Admin/createCode | INFO: Tag[ route_check ] --END-- [ RunTime:0.000598s ]
[ 2018-04-19T11:37:43+08:00 ] /index.php/Admin/Admin/createCode | INFO: Tag[ app_begin ] --START--
[ 2018-04-19T11:37:43+08:00 ] /index.php/Admin/Admin/createCode | INFO: Run ReadHtmlCache Behavior [ RunTime:0.000474s ]
[ 2018-04-19T11:37:43+08:00 ] /index.php/Admin/Admin/createCode | INFO: Tag[ app_begin ] --END-- [ RunTime:0.000525s ]
[ 2018-04-19T11:39:43+08:00 ] /index.php/Admin/Admin/login | INFO: Tag[ route_check ] --START--
[ 2018-04-19T11:39:43+08:00 ] /index.php/Admin/Admin/login | INFO: Run CheckRoute Behavior [ RunTime:0.000839s ]
[ 2018-04-19T11:39:43+08:00 ] /index.php/Admin/Admin/login | INFO: Tag[ route_check ] --END-- [ RunTime:0.000895s ]
[ 2018-04-19T11:39:43+08:00 ] /index.php/Admin/Admin/login | INFO: Tag[ app_begin ] --START--
[ 2018-04-19T11:39:43+08:00 ] /index.php/Admin/Admin/login | INFO: Run ReadHtmlCache Behavior [ RunTime:0.000483s ]
[ 2018-04-19T11:39:43+08:00 ] /index.php/Admin/Admin/login | INFO: Tag[ app_begin ] --END-- [ RunTime:0.000513s ]
[ 2018-04-19T11:39:44+08:00 ] /index.php/Admin/Admin/login | SQL: SELECT * FROM `admin`  [ RunTime:0.000177s ]
[ 2018-04-19T11:39:44+08:00 ] /index.php/Admin/Admin/login | INFO: Tag[ view_template ] --START--
[ 2018-04-19T11:39:44+08:00 ] /index.php/Admin/Admin/login | INFO: Run LocationTemplate Behavior [ RunTime:0.000873s ]
[ 2018-04-19T11:39:44+08:00 ] /index.php/Admin/Admin/login | INFO: Tag[ view_template ] --END-- [ RunTime:0.000905s ]
[ 2018-04-19T11:39:44+08:00 ] /index.php/Admin/Admin/login | INFO: Tag[ view_parse ] --START--
[ 2018-04-19T11:39:44+08:00 ] /index.php/Admin/Admin/login | INFO: Run ParseTemplate Behavior [ RunTime:0.004330s ]
[ 2018-04-19T11:39:44+08:00 ] /index.php/Admin/Admin/login | INFO: Tag[ view_parse ] --END-- [ RunTime:0.004361s ]
[ 2018-04-19T11:39:44+08:00 ] /index.php/Admin/Admin/login | INFO: Tag[ view_filter ] --START--
[ 2018-04-19T11:39:44+08:00 ] /index.php/Admin/Admin/login | INFO: Run ContentReplace Behavior [ RunTime:0.000313s ]
[ 2018-04-19T11:39:44+08:00 ] /index.php/Admin/Admin/login | INFO: Run TokenBuild Behavior [ RunTime:0.000335s ]
[ 2018-04-19T11:39:44+08:00 ] /index.php/Admin/Admin/login | INFO: Run WriteHtmlCache Behavior [ RunTime:0.000254s ]
[ 2018-04-19T11:39:44+08:00 ] /index.php/Admin/Admin/login | INFO: Run ShowRuntime Behavior [ RunTime:0.000361s ]
[ 2018-04-19T11:39:44+08:00 ] /index.php/Admin/Admin/login | INFO: Tag[ view_filter ] --END-- [ RunTime:0.001339s ]
[ 2018-04-19T11:39:44+08:00 ] /index.php/Admin/Admin/login | INFO: Tag[ view_end ] --START--
[ 2018-04-19T11:39:44+08:00 ] /index.php/Admin/Admin/login | INFO: Run ShowPageTrace Behavior [ RunTime:0.001119s ]
[ 2018-04-19T11:39:44+08:00 ] /index.php/Admin/Admin/login | INFO: Tag[ view_end ] --END-- [ RunTime:0.001144s ]
[ 2018-04-19T11:39:44+08:00 ] /index.php/Admin/Admin/createCode | INFO: Tag[ route_check ] --START--
[ 2018-04-19T11:39:44+08:00 ] /index.php/Admin/Admin/createCode | INFO: Run CheckRoute Behavior [ RunTime:0.000505s ]
[ 2018-04-19T11:39:44+08:00 ] /index.php/Admin/Admin/createCode | INFO: Tag[ route_check ] --END-- [ RunTime:0.000552s ]
[ 2018-04-19T11:39:44+08:00 ] /index.php/Admin/Admin/createCode | INFO: Tag[ app_begin ] --START--
[ 2018-04-19T11:39:44+08:00 ] /index.php/Admin/Admin/createCode | INFO: Run ReadHtmlCache Behavior [ RunTime:0.000360s ]
[ 2018-04-19T11:39:44+08:00 ] /index.php/Admin/Admin/createCode | INFO: Tag[ app_begin ] --END-- [ RunTime:0.000390s ]
[ 2018-04-19T11:51:42+08:00 ] /index.php/Admin/Admin/login | INFO: Tag[ route_check ] --START--
[ 2018-04-19T11:51:42+08:00 ] /index.php/Admin/Admin/login | INFO: Run CheckRoute Behavior [ RunTime:0.001139s ]
[ 2018-04-19T11:51:42+08:00 ] /index.php/Admin/Admin/login | INFO: Tag[ route_check ] --END-- [ RunTime:0.001419s ]
[ 2018-04-19T11:51:42+08:00 ] /index.php/Admin/Admin/login | INFO: Tag[ app_begin ] --START--
[ 2018-04-19T11:51:42+08:00 ] /index.php/Admin/Admin/login | INFO: Run ReadHtmlCache Behavior [ RunTime:0.000845s ]
[ 2018-04-19T11:51:42+08:00 ] /index.php/Admin/Admin/login | INFO: Tag[ app_begin ] --END-- [ RunTime:0.000880s ]
[ 2018-04-19T11:51:43+08:00 ] /index.php/Admin/Admin/login | SQL: SELECT * FROM `admin`  [ RunTime:0.000085s ]
[ 2018-04-19T11:51:43+08:00 ] /index.php/Admin/Admin/login | INFO: Tag[ view_template ] --START--
[ 2018-04-19T11:51:43+08:00 ] /index.php/Admin/Admin/login | INFO: Run LocationTemplate Behavior [ RunTime:0.000815s ]
[ 2018-04-19T11:51:43+08:00 ] /index.php/Admin/Admin/login | INFO: Tag[ view_template ] --END-- [ RunTime:0.000848s ]
[ 2018-04-19T11:51:43+08:00 ] /index.php/Admin/Admin/login | INFO: Tag[ view_parse ] --START--
[ 2018-04-19T11:51:43+08:00 ] /index.php/Admin/Admin/login | INFO: Run ParseTemplate Behavior [ RunTime:0.004882s ]
[ 2018-04-19T11:51:43+08:00 ] /index.php/Admin/Admin/login | INFO: Tag[ view_parse ] --END-- [ RunTime:0.004924s ]
[ 2018-04-19T11:51:43+08:00 ] /index.php/Admin/Admin/login | INFO: Tag[ view_filter ] --START--
[ 2018-04-19T11:51:43+08:00 ] /index.php/Admin/Admin/login | INFO: Run ContentReplace Behavior [ RunTime:0.000344s ]
[ 2018-04-19T11:51:43+08:00 ] /index.php/Admin/Admin/login | INFO: Run TokenBuild Behavior [ RunTime:0.000358s ]
[ 2018-04-19T11:51:43+08:00 ] /index.php/Admin/Admin/login | INFO: Run WriteHtmlCache Behavior [ RunTime:0.000267s ]
[ 2018-04-19T11:51:43+08:00 ] /index.php/Admin/Admin/login | INFO: Run ShowRuntime Behavior [ RunTime:0.000375s ]
[ 2018-04-19T11:51:43+08:00 ] /index.php/Admin/Admin/login | INFO: Tag[ view_filter ] --END-- [ RunTime:0.001424s ]
[ 2018-04-19T11:51:43+08:00 ] /index.php/Admin/Admin/login | INFO: Tag[ view_end ] --START--
[ 2018-04-19T11:51:43+08:00 ] /index.php/Admin/Admin/login | INFO: Run ShowPageTrace Behavior [ RunTime:0.001367s ]
[ 2018-04-19T11:51:43+08:00 ] /index.php/Admin/Admin/login | INFO: Tag[ view_end ] --END-- [ RunTime:0.001406s ]
[ 2018-04-19T11:51:43+08:00 ] /index.php/Admin/Admin/createCode | INFO: Tag[ route_check ] --START--
[ 2018-04-19T11:51:43+08:00 ] /index.php/Admin/Admin/createCode | INFO: Run CheckRoute Behavior [ RunTime:0.000659s ]
[ 2018-04-19T11:51:43+08:00 ] /index.php/Admin/Admin/createCode | INFO: Tag[ route_check ] --END-- [ RunTime:0.000718s ]
[ 2018-04-19T11:51:43+08:00 ] /index.php/Admin/Admin/createCode | INFO: Tag[ app_begin ] --START--
[ 2018-04-19T11:51:43+08:00 ] /index.php/Admin/Admin/createCode | INFO: Run ReadHtmlCache Behavior [ RunTime:0.000350s ]
[ 2018-04-19T11:51:43+08:00 ] /index.php/Admin/Admin/createCode | INFO: Tag[ app_begin ] --END-- [ RunTime:0.000380s ]
[ 2018-04-19T11:51:45+08:00 ] /index.php/Admin/Admin/login | INFO: Tag[ route_check ] --START--
[ 2018-04-19T11:51:45+08:00 ] /index.php/Admin/Admin/login | INFO: Run CheckRoute Behavior [ RunTime:0.000905s ]
[ 2018-04-19T11:51:45+08:00 ] /index.php/Admin/Admin/login | INFO: Tag[ route_check ] --END-- [ RunTime:0.001009s ]
[ 2018-04-19T11:51:45+08:00 ] /index.php/Admin/Admin/login | INFO: Tag[ app_begin ] --START--
[ 2018-04-19T11:51:45+08:00 ] /index.php/Admin/Admin/login | INFO: Run ReadHtmlCache Behavior [ RunTime:0.000402s ]
[ 2018-04-19T11:51:45+08:00 ] /index.php/Admin/Admin/login | INFO: Tag[ app_begin ] --END-- [ RunTime:0.000440s ]
[ 2018-04-19T11:51:46+08:00 ] /index.php/Admin/Admin/login | SQL: SELECT * FROM `admin`  [ RunTime:0.000184s ]
[ 2018-04-19T11:51:46+08:00 ] /index.php/Admin/Admin/login | INFO: Tag[ view_template ] --START--
[ 2018-04-19T11:51:46+08:00 ] /index.php/Admin/Admin/login | INFO: Run LocationTemplate Behavior [ RunTime:0.000634s ]
[ 2018-04-19T11:51:46+08:00 ] /index.php/Admin/Admin/login | INFO: Tag[ view_template ] --END-- [ RunTime:0.000698s ]
[ 2018-04-19T11:51:46+08:00 ] /index.php/Admin/Admin/login | INFO: Tag[ view_parse ] --START--
[ 2018-04-19T11:51:46+08:00 ] /index.php/Admin/Admin/login | INFO: Run ParseTemplate Behavior [ RunTime:0.004070s ]
[ 2018-04-19T11:51:46+08:00 ] /index.php/Admin/Admin/login | INFO: Tag[ view_parse ] --END-- [ RunTime:0.004102s ]
[ 2018-04-19T11:51:46+08:00 ] /index.php/Admin/Admin/login | INFO: Tag[ view_filter ] --START--
[ 2018-04-19T11:51:46+08:00 ] /index.php/Admin/Admin/login | INFO: Run ContentReplace Behavior [ RunTime:0.000219s ]
[ 2018-04-19T11:51:46+08:00 ] /index.php/Admin/Admin/login | INFO: Run TokenBuild Behavior [ RunTime:0.000244s ]
[ 2018-04-19T11:51:46+08:00 ] /index.php/Admin/Admin/login | INFO: Run WriteHtmlCache Behavior [ RunTime:0.000163s ]
[ 2018-04-19T11:51:46+08:00 ] /index.php/Admin/Admin/login | INFO: Run ShowRuntime Behavior [ RunTime:0.000265s ]
[ 2018-04-19T11:51:46+08:00 ] /index.php/Admin/Admin/login | INFO: Tag[ view_filter ] --END-- [ RunTime:0.000961s ]
[ 2018-04-19T11:51:46+08:00 ] /index.php/Admin/Admin/login | INFO: Tag[ view_end ] --START--
[ 2018-04-19T11:51:46+08:00 ] /index.php/Admin/Admin/login | INFO: Run ShowPageTrace Behavior [ RunTime:0.000931s ]
[ 2018-04-19T11:51:46+08:00 ] /index.php/Admin/Admin/login | INFO: Tag[ view_end ] --END-- [ RunTime:0.000958s ]
[ 2018-04-19T11:51:46+08:00 ] /index.php/Admin/Admin/createCode | INFO: Tag[ route_check ] --START--
[ 2018-04-19T11:51:46+08:00 ] /index.php/Admin/Admin/createCode | INFO: Run CheckRoute Behavior [ RunTime:0.000501s ]
[ 2018-04-19T11:51:46+08:00 ] /index.php/Admin/Admin/createCode | INFO: Tag[ route_check ] --END-- [ RunTime:0.000548s ]
[ 2018-04-19T11:51:46+08:00 ] /index.php/Admin/Admin/createCode | INFO: Tag[ app_begin ] --START--
[ 2018-04-19T11:51:46+08:00 ] /index.php/Admin/Admin/createCode | INFO: Run ReadHtmlCache Behavior [ RunTime:0.000561s ]
[ 2018-04-19T11:51:46+08:00 ] /index.php/Admin/Admin/createCode | INFO: Tag[ app_begin ] --END-- [ RunTime:0.000592s ]
[ 2018-04-19T11:52:15+08:00 ] /index.php/Admin/Admin/login | INFO: Tag[ route_check ] --START--
[ 2018-04-19T11:52:15+08:00 ] /index.php/Admin/Admin/login | INFO: Run CheckRoute Behavior [ RunTime:0.000463s ]
[ 2018-04-19T11:52:15+08:00 ] /index.php/Admin/Admin/login | INFO: Tag[ route_check ] --END-- [ RunTime:0.000506s ]
[ 2018-04-19T11:52:15+08:00 ] /index.php/Admin/Admin/login | INFO: Tag[ app_begin ] --START--
[ 2018-04-19T11:52:15+08:00 ] /index.php/Admin/Admin/login | INFO: Run ReadHtmlCache Behavior [ RunTime:0.000348s ]
[ 2018-04-19T11:52:15+08:00 ] /index.php/Admin/Admin/login | INFO: Tag[ app_begin ] --END-- [ RunTime:0.000376s ]
[ 2018-04-19T11:52:16+08:00 ] /index.php/Admin/Admin/login | SQL: SELECT * FROM `admin`  [ RunTime:0.000114s ]
[ 2018-04-19T11:52:16+08:00 ] /index.php/Admin/Admin/login | INFO: Tag[ view_template ] --START--
[ 2018-04-19T11:52:16+08:00 ] /index.php/Admin/Admin/login | INFO: Run LocationTemplate Behavior [ RunTime:0.000401s ]
[ 2018-04-19T11:52:16+08:00 ] /index.php/Admin/Admin/login | INFO: Tag[ view_template ] --END-- [ RunTime:0.000428s ]
[ 2018-04-19T11:52:16+08:00 ] /index.php/Admin/Admin/login | INFO: Tag[ view_parse ] --START--
[ 2018-04-19T11:52:16+08:00 ] /index.php/Admin/Admin/login | INFO: Run ParseTemplate Behavior [ RunTime:0.004037s ]
[ 2018-04-19T11:52:16+08:00 ] /index.php/Admin/Admin/login | INFO: Tag[ view_parse ] --END-- [ RunTime:0.004072s ]
[ 2018-04-19T11:52:16+08:00 ] /index.php/Admin/Admin/login | INFO: Tag[ view_filter ] --START--
[ 2018-04-19T11:52:16+08:00 ] /index.php/Admin/Admin/login | INFO: Run ContentReplace Behavior [ RunTime:0.000240s ]
[ 2018-04-19T11:52:16+08:00 ] /index.php/Admin/Admin/login | INFO: Run TokenBuild Behavior [ RunTime:0.000294s ]
[ 2018-04-19T11:52:16+08:00 ] /index.php/Admin/Admin/login | INFO: Run WriteHtmlCache Behavior [ RunTime:0.000165s ]
[ 2018-04-19T11:52:16+08:00 ] /index.php/Admin/Admin/login | INFO: Run ShowRuntime Behavior [ RunTime:0.000268s ]
[ 2018-04-19T11:52:16+08:00 ] /index.php/Admin/Admin/login | INFO: Tag[ view_filter ] --END-- [ RunTime:0.001039s ]
[ 2018-04-19T11:52:16+08:00 ] /index.php/Admin/Admin/login | INFO: Tag[ view_end ] --START--
[ 2018-04-19T11:52:16+08:00 ] /index.php/Admin/Admin/login | INFO: Run ShowPageTrace Behavior [ RunTime:0.001033s ]
[ 2018-04-19T11:52:16+08:00 ] /index.php/Admin/Admin/login | INFO: Tag[ view_end ] --END-- [ RunTime:0.001073s ]
[ 2018-04-19T11:52:16+08:00 ] /index.php/Admin/Admin/createCode | INFO: Tag[ route_check ] --START--
[ 2018-04-19T11:52:16+08:00 ] /index.php/Admin/Admin/createCode | INFO: Run CheckRoute Behavior [ RunTime:0.000551s ]
[ 2018-04-19T11:52:16+08:00 ] /index.php/Admin/Admin/createCode | INFO: Tag[ route_check ] --END-- [ RunTime:0.000606s ]
[ 2018-04-19T11:52:16+08:00 ] /index.php/Admin/Admin/createCode | INFO: Tag[ app_begin ] --START--
[ 2018-04-19T11:52:16+08:00 ] /index.php/Admin/Admin/createCode | INFO: Run ReadHtmlCache Behavior [ RunTime:0.000387s ]
[ 2018-04-19T11:52:16+08:00 ] /index.php/Admin/Admin/createCode | INFO: Tag[ app_begin ] --END-- [ RunTime:0.000420s ]
