[ 2018-04-13T17:54:04+08:00 ] /index.php/Admin/Index/index | INFO: Tag[ route_check ] --START--
[ 2018-04-13T17:54:04+08:00 ] /index.php/Admin/Index/index | INFO: Run CheckRoute Behavior [ RunTime:0.000674s ]
[ 2018-04-13T17:54:04+08:00 ] /index.php/Admin/Index/index | INFO: Tag[ route_check ] --END-- [ RunTime:0.000719s ]
[ 2018-04-13T17:54:04+08:00 ] /index.php/Admin/Index/index | INFO: Tag[ app_begin ] --START--
[ 2018-04-13T17:54:04+08:00 ] /index.php/Admin/Index/index | INFO: Run ReadHtmlCache Behavior [ RunTime:0.000398s ]
[ 2018-04-13T17:54:04+08:00 ] /index.php/Admin/Index/index | INFO: Tag[ app_begin ] --END-- [ RunTime:0.000424s ]
[ 2018-04-13T17:54:04+08:00 ] /index.php/Admin/Index/index | INFO: Tag[ view_template ] --START--
[ 2018-04-13T17:54:04+08:00 ] /index.php/Admin/Index/index | INFO: Run LocationTemplate Behavior [ RunTime:0.000615s ]
[ 2018-04-13T17:54:04+08:00 ] /index.php/Admin/Index/index | INFO: Tag[ view_template ] --END-- [ RunTime:0.000644s ]
[ 2018-04-13T17:54:04+08:00 ] /index.php/Admin/Index/index | INFO: Tag[ view_parse ] --START--
[ 2018-04-13T17:54:04+08:00 ] /index.php/Admin/Index/index | INFO: Run ParseTemplate Behavior [ RunTime:0.005814s ]
[ 2018-04-13T17:54:04+08:00 ] /index.php/Admin/Index/index | INFO: Tag[ view_parse ] --END-- [ RunTime:0.005854s ]
[ 2018-04-13T17:54:04+08:00 ] /index.php/Admin/Index/index | INFO: Tag[ view_filter ] --START--
[ 2018-04-13T17:54:04+08:00 ] /index.php/Admin/Index/index | INFO: Run ContentReplace Behavior [ RunTime:0.000368s ]
[ 2018-04-13T17:54:04+08:00 ] /index.php/Admin/Index/index | INFO: Run TokenBuild Behavior [ RunTime:0.000459s ]
[ 2018-04-13T17:54:04+08:00 ] /index.php/Admin/Index/index | INFO: Run WriteHtmlCache Behavior [ RunTime:0.000312s ]
[ 2018-04-13T17:54:04+08:00 ] /index.php/Admin/Index/index | INFO: Run ShowRuntime Behavior [ RunTime:0.000354s ]
[ 2018-04-13T17:54:04+08:00 ] /index.php/Admin/Index/index | INFO: Tag[ view_filter ] --END-- [ RunTime:0.001571s ]
[ 2018-04-13T17:54:04+08:00 ] /index.php/Admin/Index/index | INFO: Tag[ view_end ] --START--
[ 2018-04-13T17:54:04+08:00 ] /index.php/Admin/Index/index | INFO: Run ShowPageTrace Behavior [ RunTime:0.000388s ]
[ 2018-04-13T17:54:04+08:00 ] /index.php/Admin/Index/index | INFO: Tag[ view_end ] --END-- [ RunTime:0.000412s ]
[ 2018-04-13T17:54:05+08:00 ] /index.php/Admin/Index/top | INFO: Tag[ route_check ] --START--
[ 2018-04-13T17:54:05+08:00 ] /index.php/Admin/Index/top | INFO: Run CheckRoute Behavior [ RunTime:0.000499s ]
[ 2018-04-13T17:54:05+08:00 ] /index.php/Admin/Index/top | INFO: Tag[ route_check ] --END-- [ RunTime:0.000543s ]
[ 2018-04-13T17:54:05+08:00 ] /index.php/Admin/Index/top | INFO: Tag[ app_begin ] --START--
[ 2018-04-13T17:54:05+08:00 ] /index.php/Admin/Index/top | INFO: Run ReadHtmlCache Behavior [ RunTime:0.000352s ]
[ 2018-04-13T17:54:05+08:00 ] /index.php/Admin/Index/top | INFO: Tag[ app_begin ] --END-- [ RunTime:0.000381s ]
[ 2018-04-13T17:54:05+08:00 ] /index.php/Admin/Index/top | INFO: Tag[ view_template ] --START--
[ 2018-04-13T17:54:05+08:00 ] /index.php/Admin/Index/top | INFO: Run LocationTemplate Behavior [ RunTime:0.000643s ]
[ 2018-04-13T17:54:05+08:00 ] /index.php/Admin/Index/top | INFO: Tag[ view_template ] --END-- [ RunTime:0.000684s ]
[ 2018-04-13T17:54:05+08:00 ] /index.php/Admin/Index/top | INFO: Tag[ view_parse ] --START--
[ 2018-04-13T17:54:05+08:00 ] /index.php/Admin/Index/top | NOTIC: [8] Undefined index: username 9be1047bb7a563f25d2f04755fc1a79b.php 第 16 行.
[ 2018-04-13T17:54:05+08:00 ] /index.php/Admin/Index/top | NOTIC: [8] Undefined variable: qx 9be1047bb7a563f25d2f04755fc1a79b.php 第 17 行.
[ 2018-04-13T17:54:05+08:00 ] /index.php/Admin/Index/top | INFO: Run ParseTemplate Behavior [ RunTime:0.005230s ]
[ 2018-04-13T17:54:05+08:00 ] /index.php/Admin/Index/top | INFO: Tag[ view_parse ] --END-- [ RunTime:0.005332s ]
[ 2018-04-13T17:54:05+08:00 ] /index.php/Admin/Index/top | INFO: Tag[ view_filter ] --START--
[ 2018-04-13T17:54:05+08:00 ] /index.php/Admin/Index/top | INFO: Run ContentReplace Behavior [ RunTime:0.000320s ]
[ 2018-04-13T17:54:05+08:00 ] /index.php/Admin/Index/top | INFO: Run TokenBuild Behavior [ RunTime:0.000291s ]
[ 2018-04-13T17:54:05+08:00 ] /index.php/Admin/Index/top | INFO: Run WriteHtmlCache Behavior [ RunTime:0.000198s ]
[ 2018-04-13T17:54:05+08:00 ] /index.php/Admin/Index/top | INFO: Run ShowRuntime Behavior [ RunTime:0.000696s ]
[ 2018-04-13T17:54:05+08:00 ] /index.php/Admin/Index/top | INFO: Tag[ view_filter ] --END-- [ RunTime:0.001602s ]
[ 2018-04-13T17:54:05+08:00 ] /index.php/Admin/Index/top | INFO: Tag[ view_end ] --START--
[ 2018-04-13T17:54:05+08:00 ] /index.php/Admin/Index/top | INFO: Run ShowPageTrace Behavior [ RunTime:0.000560s ]
[ 2018-04-13T17:54:05+08:00 ] /index.php/Admin/Index/top | INFO: Tag[ view_end ] --END-- [ RunTime:0.000602s ]
[ 2018-04-13T17:54:05+08:00 ] /index.php/Admin/Index/left | INFO: Tag[ route_check ] --START--
[ 2018-04-13T17:54:05+08:00 ] /index.php/Admin/Index/left | INFO: Run CheckRoute Behavior [ RunTime:0.001000s ]
[ 2018-04-13T17:54:05+08:00 ] /index.php/Admin/Index/left | INFO: Tag[ route_check ] --END-- [ RunTime:0.001068s ]
[ 2018-04-13T17:54:05+08:00 ] /index.php/Admin/Index/left | INFO: Tag[ app_begin ] --START--
[ 2018-04-13T17:54:05+08:00 ] /index.php/Admin/Index/left | INFO: Run ReadHtmlCache Behavior [ RunTime:0.000476s ]
[ 2018-04-13T17:54:05+08:00 ] /index.php/Admin/Index/left | INFO: Tag[ app_begin ] --END-- [ RunTime:0.000513s ]
[ 2018-04-13T17:54:05+08:00 ] /index.php/Admin/Index/left | INFO: Tag[ view_template ] --START--
[ 2018-04-13T17:54:05+08:00 ] /index.php/Admin/Index/left | INFO: Run LocationTemplate Behavior [ RunTime:0.000644s ]
[ 2018-04-13T17:54:05+08:00 ] /index.php/Admin/Index/left | INFO: Tag[ view_template ] --END-- [ RunTime:0.000691s ]
[ 2018-04-13T17:54:05+08:00 ] /index.php/Admin/Index/left | INFO: Tag[ view_parse ] --START--
[ 2018-04-13T17:54:05+08:00 ] /index.php/Admin/Index/left | INFO: Run ParseTemplate Behavior [ RunTime:0.006404s ]
[ 2018-04-13T17:54:05+08:00 ] /index.php/Admin/Index/left | INFO: Tag[ view_parse ] --END-- [ RunTime:0.006449s ]
[ 2018-04-13T17:54:05+08:00 ] /index.php/Admin/Index/left | INFO: Tag[ view_filter ] --START--
[ 2018-04-13T17:54:05+08:00 ] /index.php/Admin/Index/left | INFO: Run ContentReplace Behavior [ RunTime:0.000448s ]
[ 2018-04-13T17:54:05+08:00 ] /index.php/Admin/Index/left | INFO: Run TokenBuild Behavior [ RunTime:0.001442s ]
[ 2018-04-13T17:54:05+08:00 ] /index.php/Admin/Index/left | INFO: Run WriteHtmlCache Behavior [ RunTime:0.000661s ]
[ 2018-04-13T17:54:05+08:00 ] /index.php/Admin/Index/left | INFO: Run ShowRuntime Behavior [ RunTime:0.000448s ]
[ 2018-04-13T17:54:05+08:00 ] /index.php/Admin/Index/left | INFO: Tag[ view_filter ] --END-- [ RunTime:0.003127s ]
[ 2018-04-13T17:54:05+08:00 ] /index.php/Admin/Index/left | INFO: Tag[ view_end ] --START--
[ 2018-04-13T17:54:05+08:00 ] /index.php/Admin/Index/left | INFO: Run ShowPageTrace Behavior [ RunTime:0.000454s ]
[ 2018-04-13T17:54:05+08:00 ] /index.php/Admin/Index/left | INFO: Tag[ view_end ] --END-- [ RunTime:0.000487s ]
[ 2018-04-13T17:54:05+08:00 ] /index.php/Admin/Index/right | INFO: Tag[ route_check ] --START--
[ 2018-04-13T17:54:05+08:00 ] /index.php/Admin/Index/right | INFO: Run CheckRoute Behavior [ RunTime:0.001445s ]
[ 2018-04-13T17:54:05+08:00 ] /index.php/Admin/Index/right | INFO: Tag[ route_check ] --END-- [ RunTime:0.001498s ]
[ 2018-04-13T17:54:05+08:00 ] /index.php/Admin/Index/right | INFO: Tag[ app_begin ] --START--
[ 2018-04-13T17:54:05+08:00 ] /index.php/Admin/Index/right | INFO: Run ReadHtmlCache Behavior [ RunTime:0.000460s ]
[ 2018-04-13T17:54:05+08:00 ] /index.php/Admin/Index/right | INFO: Tag[ app_begin ] --END-- [ RunTime:0.000492s ]
[ 2018-04-13T17:54:05+08:00 ] /index.php/Admin/Index/right | INFO: Tag[ view_template ] --START--
[ 2018-04-13T17:54:05+08:00 ] /index.php/Admin/Index/right | INFO: Run LocationTemplate Behavior [ RunTime:0.000664s ]
[ 2018-04-13T17:54:05+08:00 ] /index.php/Admin/Index/right | INFO: Tag[ view_template ] --END-- [ RunTime:0.000714s ]
[ 2018-04-13T17:54:05+08:00 ] /index.php/Admin/Index/right | INFO: Tag[ view_parse ] --START--
[ 2018-04-13T17:54:05+08:00 ] /index.php/Admin/Index/right | INFO: Run ParseTemplate Behavior [ RunTime:0.008878s ]
[ 2018-04-13T17:54:05+08:00 ] /index.php/Admin/Index/right | INFO: Tag[ view_parse ] --END-- [ RunTime:0.008967s ]
[ 2018-04-13T17:54:05+08:00 ] /index.php/Admin/Index/right | INFO: Tag[ view_filter ] --START--
[ 2018-04-13T17:54:05+08:00 ] /index.php/Admin/Index/right | INFO: Run ContentReplace Behavior [ RunTime:0.001983s ]
[ 2018-04-13T17:54:05+08:00 ] /index.php/Admin/Index/right | INFO: Run TokenBuild Behavior [ RunTime:0.000493s ]
[ 2018-04-13T17:54:05+08:00 ] /index.php/Admin/Index/right | INFO: Run WriteHtmlCache Behavior [ RunTime:0.000470s ]
[ 2018-04-13T17:54:05+08:00 ] /index.php/Admin/Index/right | INFO: Run ShowRuntime Behavior [ RunTime:0.000491s ]
[ 2018-04-13T17:54:05+08:00 ] /index.php/Admin/Index/right | INFO: Tag[ view_filter ] --END-- [ RunTime:0.003574s ]
[ 2018-04-13T17:54:05+08:00 ] /index.php/Admin/Index/right | INFO: Tag[ view_end ] --START--
[ 2018-04-13T17:54:05+08:00 ] /index.php/Admin/Index/right | INFO: Run ShowPageTrace Behavior [ RunTime:0.000607s ]
[ 2018-04-13T17:54:05+08:00 ] /index.php/Admin/Index/right | INFO: Tag[ view_end ] --END-- [ RunTime:0.000642s ]
[ 2018-04-13T17:54:07+08:00 ] /index.php/Admin/Category/add | ERR: (ThinkException) 模板不存在[D:/apache/server/apache/htdocs/ShinkanShop/Tpl/Admin/Category/add.html]
[ 2018-04-13T17:54:06+08:00 ] /index.php/Admin/Category/add | INFO: Tag[ route_check ] --START--
[ 2018-04-13T17:54:06+08:00 ] /index.php/Admin/Category/add | INFO: Run CheckRoute Behavior [ RunTime:0.000817s ]
[ 2018-04-13T17:54:06+08:00 ] /index.php/Admin/Category/add | INFO: Tag[ route_check ] --END-- [ RunTime:0.000874s ]
[ 2018-04-13T17:54:06+08:00 ] /index.php/Admin/Category/add | INFO: Tag[ app_begin ] --START--
[ 2018-04-13T17:54:06+08:00 ] /index.php/Admin/Category/add | INFO: Run ReadHtmlCache Behavior [ RunTime:0.000354s ]
[ 2018-04-13T17:54:06+08:00 ] /index.php/Admin/Category/add | INFO: Tag[ app_begin ] --END-- [ RunTime:0.000385s ]
[ 2018-04-13T17:54:07+08:00 ] /index.php/Admin/Category/add | SQL: SHOW COLUMNS FROM `tp_bitcharray` [ RunTime:0.002693s ]
[ 2018-04-13T17:54:07+08:00 ] /index.php/Admin/Category/add | SQL: SELECT * FROM `tp_bitcharray` WHERE cid=0  [ RunTime:0.000254s ]
[ 2018-04-13T17:54:07+08:00 ] /index.php/Admin/Category/add | INFO: Tag[ view_template ] --START--
[ 2018-04-13T17:54:07+08:00 ] /index.php/Admin/Category/add | NOTIC: [8] Undefined index: class ThinkException.class.php 第 79 行.
[ 2018-04-13T17:54:07+08:00 ] /index.php/Admin/Category/add | NOTIC: [8] Undefined index: type ThinkException.class.php 第 79 行.
[ 2018-04-13T17:54:07+08:00 ] /index.php/Admin/Category/add | NOTIC: [8] Undefined index: class ThinkException.class.php 第 79 行.
[ 2018-04-13T17:54:07+08:00 ] /index.php/Admin/Category/add | NOTIC: [8] Undefined index: type ThinkException.class.php 第 79 行.
[ 2018-04-13T17:54:07+08:00 ] /index.php/Admin/Category/add | NOTIC: [8] Undefined index: file ThinkException.class.php 第 78 行.
[ 2018-04-13T17:54:07+08:00 ] /index.php/Admin/Category/add | NOTIC: [8] Undefined index: line ThinkException.class.php 第 78 行.
[ 2018-04-13T17:54:07+08:00 ] /index.php/Admin/Category/add | NOTIC: [8] Undefined index: class ThinkException.class.php 第 79 行.
[ 2018-04-13T17:54:07+08:00 ] /index.php/Admin/Category/add | NOTIC: [8] Undefined index: type ThinkException.class.php 第 79 行.
[ 2018-04-13T17:54:07+08:00 ] /index.php/Admin/Category/add | NOTIC: [8] Array to string conversion ThinkException.class.php 第 80 行.
[ 2018-04-13T17:54:07+08:00 ] /index.php/Admin/Category/add | NOTIC: [8] Undefined index: class ThinkException.class.php 第 79 行.
[ 2018-04-13T17:54:07+08:00 ] /index.php/Admin/Category/add | NOTIC: [8] Undefined index: type ThinkException.class.php 第 79 行.
[ 2018-04-13T17:54:07+08:00 ] /index.php/Admin/Category/add | NOTIC: [8] Undefined index: class ThinkException.class.php 第 79 行.
[ 2018-04-13T17:54:07+08:00 ] /index.php/Admin/Category/add | NOTIC: [8] Undefined index: type ThinkException.class.php 第 79 行.
[ 2018-04-13T17:56:10+08:00 ] /index.php/Admin/Index/index | INFO: Tag[ route_check ] --START--
[ 2018-04-13T17:56:10+08:00 ] /index.php/Admin/Index/index | INFO: Run CheckRoute Behavior [ RunTime:0.000855s ]
[ 2018-04-13T17:56:10+08:00 ] /index.php/Admin/Index/index | INFO: Tag[ route_check ] --END-- [ RunTime:0.000904s ]
[ 2018-04-13T17:56:10+08:00 ] /index.php/Admin/Index/index | INFO: Tag[ app_begin ] --START--
[ 2018-04-13T17:56:10+08:00 ] /index.php/Admin/Index/index | INFO: Run ReadHtmlCache Behavior [ RunTime:0.000438s ]
[ 2018-04-13T17:56:10+08:00 ] /index.php/Admin/Index/index | INFO: Tag[ app_begin ] --END-- [ RunTime:0.000464s ]
[ 2018-04-13T17:56:10+08:00 ] /index.php/Admin/Index/index | INFO: Tag[ view_template ] --START--
[ 2018-04-13T17:56:10+08:00 ] /index.php/Admin/Index/index | INFO: Run LocationTemplate Behavior [ RunTime:0.000631s ]
[ 2018-04-13T17:56:10+08:00 ] /index.php/Admin/Index/index | INFO: Tag[ view_template ] --END-- [ RunTime:0.000660s ]
[ 2018-04-13T17:56:10+08:00 ] /index.php/Admin/Index/index | INFO: Tag[ view_parse ] --START--
[ 2018-04-13T17:56:10+08:00 ] /index.php/Admin/Index/index | INFO: Run ParseTemplate Behavior [ RunTime:0.005637s ]
[ 2018-04-13T17:56:10+08:00 ] /index.php/Admin/Index/index | INFO: Tag[ view_parse ] --END-- [ RunTime:0.005679s ]
[ 2018-04-13T17:56:10+08:00 ] /index.php/Admin/Index/index | INFO: Tag[ view_filter ] --START--
[ 2018-04-13T17:56:10+08:00 ] /index.php/Admin/Index/index | INFO: Run ContentReplace Behavior [ RunTime:0.000377s ]
[ 2018-04-13T17:56:10+08:00 ] /index.php/Admin/Index/index | INFO: Run TokenBuild Behavior [ RunTime:0.000407s ]
[ 2018-04-13T17:56:10+08:00 ] /index.php/Admin/Index/index | INFO: Run WriteHtmlCache Behavior [ RunTime:0.000274s ]
[ 2018-04-13T17:56:10+08:00 ] /index.php/Admin/Index/index | INFO: Run ShowRuntime Behavior [ RunTime:0.000396s ]
[ 2018-04-13T17:56:10+08:00 ] /index.php/Admin/Index/index | INFO: Tag[ view_filter ] --END-- [ RunTime:0.001558s ]
[ 2018-04-13T17:56:10+08:00 ] /index.php/Admin/Index/index | INFO: Tag[ view_end ] --START--
[ 2018-04-13T17:56:10+08:00 ] /index.php/Admin/Index/index | INFO: Run ShowPageTrace Behavior [ RunTime:0.000390s ]
[ 2018-04-13T17:56:10+08:00 ] /index.php/Admin/Index/index | INFO: Tag[ view_end ] --END-- [ RunTime:0.000414s ]
[ 2018-04-13T17:56:10+08:00 ] /index.php/Admin/Index/top | INFO: Tag[ route_check ] --START--
[ 2018-04-13T17:56:10+08:00 ] /index.php/Admin/Index/top | INFO: Run CheckRoute Behavior [ RunTime:0.000513s ]
[ 2018-04-13T17:56:10+08:00 ] /index.php/Admin/Index/top | INFO: Tag[ route_check ] --END-- [ RunTime:0.000562s ]
[ 2018-04-13T17:56:10+08:00 ] /index.php/Admin/Index/top | INFO: Tag[ app_begin ] --START--
[ 2018-04-13T17:56:10+08:00 ] /index.php/Admin/Index/top | INFO: Run ReadHtmlCache Behavior [ RunTime:0.000374s ]
[ 2018-04-13T17:56:10+08:00 ] /index.php/Admin/Index/top | INFO: Tag[ app_begin ] --END-- [ RunTime:0.000404s ]
[ 2018-04-13T17:56:10+08:00 ] /index.php/Admin/Index/top | INFO: Tag[ view_template ] --START--
[ 2018-04-13T17:56:10+08:00 ] /index.php/Admin/Index/top | INFO: Run LocationTemplate Behavior [ RunTime:0.000432s ]
[ 2018-04-13T17:56:10+08:00 ] /index.php/Admin/Index/top | INFO: Tag[ view_template ] --END-- [ RunTime:0.000469s ]
[ 2018-04-13T17:56:10+08:00 ] /index.php/Admin/Index/top | INFO: Tag[ view_parse ] --START--
[ 2018-04-13T17:56:10+08:00 ] /index.php/Admin/Index/top | NOTIC: [8] Undefined index: username 9be1047bb7a563f25d2f04755fc1a79b.php 第 16 行.
[ 2018-04-13T17:56:10+08:00 ] /index.php/Admin/Index/top | NOTIC: [8] Undefined variable: qx 9be1047bb7a563f25d2f04755fc1a79b.php 第 17 行.
[ 2018-04-13T17:56:10+08:00 ] /index.php/Admin/Index/top | INFO: Run ParseTemplate Behavior [ RunTime:0.004695s ]
[ 2018-04-13T17:56:10+08:00 ] /index.php/Admin/Index/top | INFO: Tag[ view_parse ] --END-- [ RunTime:0.004724s ]
[ 2018-04-13T17:56:10+08:00 ] /index.php/Admin/Index/top | INFO: Tag[ view_filter ] --START--
[ 2018-04-13T17:56:10+08:00 ] /index.php/Admin/Index/top | INFO: Run ContentReplace Behavior [ RunTime:0.000355s ]
[ 2018-04-13T17:56:10+08:00 ] /index.php/Admin/Index/top | INFO: Run TokenBuild Behavior [ RunTime:0.000612s ]
[ 2018-04-13T17:56:10+08:00 ] /index.php/Admin/Index/top | INFO: Run WriteHtmlCache Behavior [ RunTime:0.000201s ]
[ 2018-04-13T17:56:10+08:00 ] /index.php/Admin/Index/top | INFO: Run ShowRuntime Behavior [ RunTime:0.000300s ]
[ 2018-04-13T17:56:10+08:00 ] /index.php/Admin/Index/top | INFO: Tag[ view_filter ] --END-- [ RunTime:0.001561s ]
[ 2018-04-13T17:56:10+08:00 ] /index.php/Admin/Index/top | INFO: Tag[ view_end ] --START--
[ 2018-04-13T17:56:10+08:00 ] /index.php/Admin/Index/top | INFO: Run ShowPageTrace Behavior [ RunTime:0.000434s ]
[ 2018-04-13T17:56:10+08:00 ] /index.php/Admin/Index/top | INFO: Tag[ view_end ] --END-- [ RunTime:0.000465s ]
[ 2018-04-13T17:56:10+08:00 ] /index.php/Admin/Index/left | INFO: Tag[ route_check ] --START--
[ 2018-04-13T17:56:10+08:00 ] /index.php/Admin/Index/left | INFO: Run CheckRoute Behavior [ RunTime:0.001029s ]
[ 2018-04-13T17:56:10+08:00 ] /index.php/Admin/Index/left | INFO: Tag[ route_check ] --END-- [ RunTime:0.001081s ]
[ 2018-04-13T17:56:10+08:00 ] /index.php/Admin/Index/left | INFO: Tag[ app_begin ] --START--
[ 2018-04-13T17:56:10+08:00 ] /index.php/Admin/Index/left | INFO: Run ReadHtmlCache Behavior [ RunTime:0.000468s ]
[ 2018-04-13T17:56:10+08:00 ] /index.php/Admin/Index/left | INFO: Tag[ app_begin ] --END-- [ RunTime:0.000502s ]
[ 2018-04-13T17:56:10+08:00 ] /index.php/Admin/Index/left | INFO: Tag[ view_template ] --START--
[ 2018-04-13T17:56:10+08:00 ] /index.php/Admin/Index/left | INFO: Run LocationTemplate Behavior [ RunTime:0.002025s ]
[ 2018-04-13T17:56:10+08:00 ] /index.php/Admin/Index/left | INFO: Tag[ view_template ] --END-- [ RunTime:0.002066s ]
[ 2018-04-13T17:56:10+08:00 ] /index.php/Admin/Index/left | INFO: Tag[ view_parse ] --START--
[ 2018-04-13T17:56:10+08:00 ] /index.php/Admin/Index/left | INFO: Run ParseTemplate Behavior [ RunTime:0.007693s ]
[ 2018-04-13T17:56:10+08:00 ] /index.php/Admin/Index/left | INFO: Tag[ view_parse ] --END-- [ RunTime:0.007737s ]
[ 2018-04-13T17:56:10+08:00 ] /index.php/Admin/Index/left | INFO: Tag[ view_filter ] --START--
[ 2018-04-13T17:56:10+08:00 ] /index.php/Admin/Index/left | INFO: Run ContentReplace Behavior [ RunTime:0.001958s ]
[ 2018-04-13T17:56:10+08:00 ] /index.php/Admin/Index/left | INFO: Run TokenBuild Behavior [ RunTime:0.000885s ]
[ 2018-04-13T17:56:10+08:00 ] /index.php/Admin/Index/left | INFO: Run WriteHtmlCache Behavior [ RunTime:0.000415s ]
[ 2018-04-13T17:56:11+08:00 ] /index.php/Admin/Index/left | INFO: Run ShowRuntime Behavior [ RunTime:0.001404s ]
[ 2018-04-13T17:56:11+08:00 ] /index.php/Admin/Index/left | INFO: Tag[ view_filter ] --END-- [ RunTime:0.004881s ]
[ 2018-04-13T17:56:11+08:00 ] /index.php/Admin/Index/left | INFO: Tag[ view_end ] --START--
[ 2018-04-13T17:56:11+08:00 ] /index.php/Admin/Index/left | INFO: Run ShowPageTrace Behavior [ RunTime:0.001276s ]
[ 2018-04-13T17:56:11+08:00 ] /index.php/Admin/Index/left | INFO: Tag[ view_end ] --END-- [ RunTime:0.001377s ]
[ 2018-04-13T17:56:10+08:00 ] /index.php/Admin/Index/right | INFO: Tag[ route_check ] --START--
[ 2018-04-13T17:56:10+08:00 ] /index.php/Admin/Index/right | INFO: Run CheckRoute Behavior [ RunTime:0.005660s ]
[ 2018-04-13T17:56:10+08:00 ] /index.php/Admin/Index/right | INFO: Tag[ route_check ] --END-- [ RunTime:0.005711s ]
[ 2018-04-13T17:56:10+08:00 ] /index.php/Admin/Index/right | INFO: Tag[ app_begin ] --START--
[ 2018-04-13T17:56:10+08:00 ] /index.php/Admin/Index/right | INFO: Run ReadHtmlCache Behavior [ RunTime:0.000547s ]
[ 2018-04-13T17:56:10+08:00 ] /index.php/Admin/Index/right | INFO: Tag[ app_begin ] --END-- [ RunTime:0.000598s ]
[ 2018-04-13T17:56:11+08:00 ] /index.php/Admin/Index/right | INFO: Tag[ view_template ] --START--
[ 2018-04-13T17:56:11+08:00 ] /index.php/Admin/Index/right | INFO: Run LocationTemplate Behavior [ RunTime:0.000726s ]
[ 2018-04-13T17:56:11+08:00 ] /index.php/Admin/Index/right | INFO: Tag[ view_template ] --END-- [ RunTime:0.000777s ]
[ 2018-04-13T17:56:11+08:00 ] /index.php/Admin/Index/right | INFO: Tag[ view_parse ] --START--
[ 2018-04-13T17:56:11+08:00 ] /index.php/Admin/Index/right | INFO: Run ParseTemplate Behavior [ RunTime:0.006179s ]
[ 2018-04-13T17:56:11+08:00 ] /index.php/Admin/Index/right | INFO: Tag[ view_parse ] --END-- [ RunTime:0.006224s ]
[ 2018-04-13T17:56:11+08:00 ] /index.php/Admin/Index/right | INFO: Tag[ view_filter ] --START--
[ 2018-04-13T17:56:11+08:00 ] /index.php/Admin/Index/right | INFO: Run ContentReplace Behavior [ RunTime:0.000368s ]
[ 2018-04-13T17:56:11+08:00 ] /index.php/Admin/Index/right | INFO: Run TokenBuild Behavior [ RunTime:0.000449s ]
[ 2018-04-13T17:56:11+08:00 ] /index.php/Admin/Index/right | INFO: Run WriteHtmlCache Behavior [ RunTime:0.000290s ]
[ 2018-04-13T17:56:11+08:00 ] /index.php/Admin/Index/right | INFO: Run ShowRuntime Behavior [ RunTime:0.000409s ]
[ 2018-04-13T17:56:11+08:00 ] /index.php/Admin/Index/right | INFO: Tag[ view_filter ] --END-- [ RunTime:0.001609s ]
[ 2018-04-13T17:56:11+08:00 ] /index.php/Admin/Index/right | INFO: Tag[ view_end ] --START--
[ 2018-04-13T17:56:11+08:00 ] /index.php/Admin/Index/right | INFO: Run ShowPageTrace Behavior [ RunTime:0.000491s ]
[ 2018-04-13T17:56:11+08:00 ] /index.php/Admin/Index/right | INFO: Tag[ view_end ] --END-- [ RunTime:0.000519s ]
[ 2018-04-13T17:56:12+08:00 ] /index.php/Admin/Category/add | INFO: Tag[ route_check ] --START--
[ 2018-04-13T17:56:12+08:00 ] /index.php/Admin/Category/add | INFO: Run CheckRoute Behavior [ RunTime:0.000635s ]
[ 2018-04-13T17:56:12+08:00 ] /index.php/Admin/Category/add | INFO: Tag[ route_check ] --END-- [ RunTime:0.000675s ]
[ 2018-04-13T17:56:12+08:00 ] /index.php/Admin/Category/add | INFO: Tag[ app_begin ] --START--
[ 2018-04-13T17:56:12+08:00 ] /index.php/Admin/Category/add | INFO: Run ReadHtmlCache Behavior [ RunTime:0.000402s ]
[ 2018-04-13T17:56:12+08:00 ] /index.php/Admin/Category/add | INFO: Tag[ app_begin ] --END-- [ RunTime:0.000428s ]
[ 2018-04-13T17:56:13+08:00 ] /index.php/Admin/Category/add | SQL: SHOW COLUMNS FROM `tp_bitcharray` [ RunTime:0.002558s ]
[ 2018-04-13T17:56:13+08:00 ] /index.php/Admin/Category/add | SQL: SELECT * FROM `tp_bitcharray` WHERE cid=0  [ RunTime:0.000280s ]
[ 2018-04-13T17:56:13+08:00 ] /index.php/Admin/Category/add | INFO: Tag[ view_template ] --START--
[ 2018-04-13T17:56:13+08:00 ] /index.php/Admin/Category/add | INFO: Run LocationTemplate Behavior [ RunTime:0.000740s ]
[ 2018-04-13T17:56:13+08:00 ] /index.php/Admin/Category/add | INFO: Tag[ view_template ] --END-- [ RunTime:0.000768s ]
[ 2018-04-13T17:56:13+08:00 ] /index.php/Admin/Category/add | INFO: Tag[ view_parse ] --START--
[ 2018-04-13T17:56:13+08:00 ] /index.php/Admin/Category/add | INFO: Run ParseTemplate Behavior [ RunTime:0.004950s ]
[ 2018-04-13T17:56:13+08:00 ] /index.php/Admin/Category/add | INFO: Tag[ view_parse ] --END-- [ RunTime:0.004980s ]
[ 2018-04-13T17:56:13+08:00 ] /index.php/Admin/Category/add | INFO: Tag[ view_filter ] --START--
[ 2018-04-13T17:56:13+08:00 ] /index.php/Admin/Category/add | INFO: Run ContentReplace Behavior [ RunTime:0.000303s ]
[ 2018-04-13T17:56:13+08:00 ] /index.php/Admin/Category/add | INFO: Run TokenBuild Behavior [ RunTime:0.000327s ]
[ 2018-04-13T17:56:13+08:00 ] /index.php/Admin/Category/add | INFO: Run WriteHtmlCache Behavior [ RunTime:0.000241s ]
[ 2018-04-13T17:56:13+08:00 ] /index.php/Admin/Category/add | INFO: Run ShowRuntime Behavior [ RunTime:0.000379s ]
[ 2018-04-13T17:56:13+08:00 ] /index.php/Admin/Category/add | INFO: Tag[ view_filter ] --END-- [ RunTime:0.001321s ]
[ 2018-04-13T17:56:13+08:00 ] /index.php/Admin/Category/add | INFO: Tag[ view_end ] --START--
[ 2018-04-13T17:56:13+08:00 ] /index.php/Admin/Category/add | INFO: Run ShowPageTrace Behavior [ RunTime:0.000398s ]
[ 2018-04-13T17:56:13+08:00 ] /index.php/Admin/Category/add | INFO: Tag[ view_end ] --END-- [ RunTime:0.000422s ]
[ 2018-04-13T17:56:57+08:00 ] /index.php/Admin/Index/index | INFO: Tag[ route_check ] --START--
[ 2018-04-13T17:56:57+08:00 ] /index.php/Admin/Index/index | INFO: Run CheckRoute Behavior [ RunTime:0.000464s ]
[ 2018-04-13T17:56:57+08:00 ] /index.php/Admin/Index/index | INFO: Tag[ route_check ] --END-- [ RunTime:0.000505s ]
[ 2018-04-13T17:56:57+08:00 ] /index.php/Admin/Index/index | INFO: Tag[ app_begin ] --START--
[ 2018-04-13T17:56:57+08:00 ] /index.php/Admin/Index/index | INFO: Run ReadHtmlCache Behavior [ RunTime:0.000323s ]
[ 2018-04-13T17:56:57+08:00 ] /index.php/Admin/Index/index | INFO: Tag[ app_begin ] --END-- [ RunTime:0.000348s ]
[ 2018-04-13T17:56:57+08:00 ] /index.php/Admin/Index/index | INFO: Tag[ view_template ] --START--
[ 2018-04-13T17:56:57+08:00 ] /index.php/Admin/Index/index | INFO: Run LocationTemplate Behavior [ RunTime:0.000508s ]
[ 2018-04-13T17:56:57+08:00 ] /index.php/Admin/Index/index | INFO: Tag[ view_template ] --END-- [ RunTime:0.000548s ]
[ 2018-04-13T17:56:57+08:00 ] /index.php/Admin/Index/index | INFO: Tag[ view_parse ] --START--
[ 2018-04-13T17:56:57+08:00 ] /index.php/Admin/Index/index | INFO: Run ParseTemplate Behavior [ RunTime:0.004086s ]
[ 2018-04-13T17:56:57+08:00 ] /index.php/Admin/Index/index | INFO: Tag[ view_parse ] --END-- [ RunTime:0.004114s ]
[ 2018-04-13T17:56:57+08:00 ] /index.php/Admin/Index/index | INFO: Tag[ view_filter ] --START--
[ 2018-04-13T17:56:57+08:00 ] /index.php/Admin/Index/index | INFO: Run ContentReplace Behavior [ RunTime:0.000223s ]
[ 2018-04-13T17:56:57+08:00 ] /index.php/Admin/Index/index | INFO: Run TokenBuild Behavior [ RunTime:0.000375s ]
[ 2018-04-13T17:56:57+08:00 ] /index.php/Admin/Index/index | INFO: Run WriteHtmlCache Behavior [ RunTime:0.000165s ]
[ 2018-04-13T17:56:57+08:00 ] /index.php/Admin/Index/index | INFO: Run ShowRuntime Behavior [ RunTime:0.000266s ]
[ 2018-04-13T17:56:57+08:00 ] /index.php/Admin/Index/index | INFO: Tag[ view_filter ] --END-- [ RunTime:0.001098s ]
[ 2018-04-13T17:56:57+08:00 ] /index.php/Admin/Index/index | INFO: Tag[ view_end ] --START--
[ 2018-04-13T17:56:57+08:00 ] /index.php/Admin/Index/index | INFO: Run ShowPageTrace Behavior [ RunTime:0.000277s ]
[ 2018-04-13T17:56:57+08:00 ] /index.php/Admin/Index/index | INFO: Tag[ view_end ] --END-- [ RunTime:0.000299s ]
[ 2018-04-13T17:56:57+08:00 ] /index.php/Admin/Index/top | INFO: Tag[ route_check ] --START--
[ 2018-04-13T17:56:57+08:00 ] /index.php/Admin/Index/top | INFO: Run CheckRoute Behavior [ RunTime:0.000499s ]
[ 2018-04-13T17:56:57+08:00 ] /index.php/Admin/Index/top | INFO: Tag[ route_check ] --END-- [ RunTime:0.000543s ]
[ 2018-04-13T17:56:57+08:00 ] /index.php/Admin/Index/top | INFO: Tag[ app_begin ] --START--
[ 2018-04-13T17:56:57+08:00 ] /index.php/Admin/Index/top | INFO: Run ReadHtmlCache Behavior [ RunTime:0.000344s ]
[ 2018-04-13T17:56:57+08:00 ] /index.php/Admin/Index/top | INFO: Tag[ app_begin ] --END-- [ RunTime:0.000372s ]
[ 2018-04-13T17:56:57+08:00 ] /index.php/Admin/Index/top | INFO: Tag[ view_template ] --START--
[ 2018-04-13T17:56:57+08:00 ] /index.php/Admin/Index/top | INFO: Run LocationTemplate Behavior [ RunTime:0.000454s ]
[ 2018-04-13T17:56:57+08:00 ] /index.php/Admin/Index/top | INFO: Tag[ view_template ] --END-- [ RunTime:0.000483s ]
[ 2018-04-13T17:56:57+08:00 ] /index.php/Admin/Index/top | INFO: Tag[ view_parse ] --START--
[ 2018-04-13T17:56:57+08:00 ] /index.php/Admin/Index/top | NOTIC: [8] Undefined index: username 9be1047bb7a563f25d2f04755fc1a79b.php 第 16 行.
[ 2018-04-13T17:56:57+08:00 ] /index.php/Admin/Index/top | NOTIC: [8] Undefined variable: qx 9be1047bb7a563f25d2f04755fc1a79b.php 第 17 行.
[ 2018-04-13T17:56:57+08:00 ] /index.php/Admin/Index/top | INFO: Run ParseTemplate Behavior [ RunTime:0.005410s ]
[ 2018-04-13T17:56:57+08:00 ] /index.php/Admin/Index/top | INFO: Tag[ view_parse ] --END-- [ RunTime:0.005439s ]
[ 2018-04-13T17:56:57+08:00 ] /index.php/Admin/Index/top | INFO: Tag[ view_filter ] --START--
[ 2018-04-13T17:56:57+08:00 ] /index.php/Admin/Index/top | INFO: Run ContentReplace Behavior [ RunTime:0.000281s ]
[ 2018-04-13T17:56:57+08:00 ] /index.php/Admin/Index/top | INFO: Run TokenBuild Behavior [ RunTime:0.000431s ]
[ 2018-04-13T17:56:57+08:00 ] /index.php/Admin/Index/top | INFO: Run WriteHtmlCache Behavior [ RunTime:0.000198s ]
[ 2018-04-13T17:56:57+08:00 ] /index.php/Admin/Index/top | INFO: Run ShowRuntime Behavior [ RunTime:0.000303s ]
[ 2018-04-13T17:56:57+08:00 ] /index.php/Admin/Index/top | INFO: Tag[ view_filter ] --END-- [ RunTime:0.001300s ]
[ 2018-04-13T17:56:57+08:00 ] /index.php/Admin/Index/top | INFO: Tag[ view_end ] --START--
[ 2018-04-13T17:56:57+08:00 ] /index.php/Admin/Index/top | INFO: Run ShowPageTrace Behavior [ RunTime:0.000589s ]
[ 2018-04-13T17:56:57+08:00 ] /index.php/Admin/Index/top | INFO: Tag[ view_end ] --END-- [ RunTime:0.000624s ]
[ 2018-04-13T17:56:57+08:00 ] /index.php/Admin/Index/left | INFO: Tag[ route_check ] --START--
[ 2018-04-13T17:56:57+08:00 ] /index.php/Admin/Index/left | INFO: Run CheckRoute Behavior [ RunTime:0.000493s ]
[ 2018-04-13T17:56:57+08:00 ] /index.php/Admin/Index/left | INFO: Tag[ route_check ] --END-- [ RunTime:0.000532s ]
[ 2018-04-13T17:56:57+08:00 ] /index.php/Admin/Index/left | INFO: Tag[ app_begin ] --START--
[ 2018-04-13T17:56:57+08:00 ] /index.php/Admin/Index/left | INFO: Run ReadHtmlCache Behavior [ RunTime:0.000334s ]
[ 2018-04-13T17:56:57+08:00 ] /index.php/Admin/Index/left | INFO: Tag[ app_begin ] --END-- [ RunTime:0.000362s ]
[ 2018-04-13T17:56:57+08:00 ] /index.php/Admin/Index/left | INFO: Tag[ view_template ] --START--
[ 2018-04-13T17:56:57+08:00 ] /index.php/Admin/Index/left | INFO: Run LocationTemplate Behavior [ RunTime:0.000809s ]
[ 2018-04-13T17:56:57+08:00 ] /index.php/Admin/Index/left | INFO: Tag[ view_template ] --END-- [ RunTime:0.000864s ]
[ 2018-04-13T17:56:57+08:00 ] /index.php/Admin/Index/left | INFO: Tag[ view_parse ] --START--
[ 2018-04-13T17:56:57+08:00 ] /index.php/Admin/Index/left | INFO: Run ParseTemplate Behavior [ RunTime:0.006342s ]
[ 2018-04-13T17:56:57+08:00 ] /index.php/Admin/Index/left | INFO: Tag[ view_parse ] --END-- [ RunTime:0.006387s ]
[ 2018-04-13T17:56:57+08:00 ] /index.php/Admin/Index/left | INFO: Tag[ view_filter ] --START--
[ 2018-04-13T17:56:57+08:00 ] /index.php/Admin/Index/left | INFO: Run ContentReplace Behavior [ RunTime:0.000308s ]
[ 2018-04-13T17:56:57+08:00 ] /index.php/Admin/Index/left | INFO: Run TokenBuild Behavior [ RunTime:0.000288s ]
[ 2018-04-13T17:56:57+08:00 ] /index.php/Admin/Index/left | INFO: Run WriteHtmlCache Behavior [ RunTime:0.000294s ]
[ 2018-04-13T17:56:57+08:00 ] /index.php/Admin/Index/left | INFO: Run ShowRuntime Behavior [ RunTime:0.000320s ]
[ 2018-04-13T17:56:57+08:00 ] /index.php/Admin/Index/left | INFO: Tag[ view_filter ] --END-- [ RunTime:0.001298s ]
[ 2018-04-13T17:56:57+08:00 ] /index.php/Admin/Index/left | INFO: Tag[ view_end ] --START--
[ 2018-04-13T17:56:57+08:00 ] /index.php/Admin/Index/left | INFO: Run ShowPageTrace Behavior [ RunTime:0.000361s ]
[ 2018-04-13T17:56:57+08:00 ] /index.php/Admin/Index/left | INFO: Tag[ view_end ] --END-- [ RunTime:0.000390s ]
[ 2018-04-13T17:56:57+08:00 ] /index.php/Admin/Index/right | INFO: Tag[ route_check ] --START--
[ 2018-04-13T17:56:57+08:00 ] /index.php/Admin/Index/right | INFO: Run CheckRoute Behavior [ RunTime:0.000552s ]
[ 2018-04-13T17:56:57+08:00 ] /index.php/Admin/Index/right | INFO: Tag[ route_check ] --END-- [ RunTime:0.000623s ]
[ 2018-04-13T17:56:57+08:00 ] /index.php/Admin/Index/right | INFO: Tag[ app_begin ] --START--
[ 2018-04-13T17:56:57+08:00 ] /index.php/Admin/Index/right | INFO: Run ReadHtmlCache Behavior [ RunTime:0.000379s ]
[ 2018-04-13T17:56:57+08:00 ] /index.php/Admin/Index/right | INFO: Tag[ app_begin ] --END-- [ RunTime:0.000417s ]
[ 2018-04-13T17:56:57+08:00 ] /index.php/Admin/Index/right | INFO: Tag[ view_template ] --START--
[ 2018-04-13T17:56:57+08:00 ] /index.php/Admin/Index/right | INFO: Run LocationTemplate Behavior [ RunTime:0.000801s ]
[ 2018-04-13T17:56:57+08:00 ] /index.php/Admin/Index/right | INFO: Tag[ view_template ] --END-- [ RunTime:0.000854s ]
[ 2018-04-13T17:56:57+08:00 ] /index.php/Admin/Index/right | INFO: Tag[ view_parse ] --START--
[ 2018-04-13T17:56:57+08:00 ] /index.php/Admin/Index/right | INFO: Run ParseTemplate Behavior [ RunTime:0.006370s ]
[ 2018-04-13T17:56:57+08:00 ] /index.php/Admin/Index/right | INFO: Tag[ view_parse ] --END-- [ RunTime:0.006422s ]
[ 2018-04-13T17:56:57+08:00 ] /index.php/Admin/Index/right | INFO: Tag[ view_filter ] --START--
[ 2018-04-13T17:56:57+08:00 ] /index.php/Admin/Index/right | INFO: Run ContentReplace Behavior [ RunTime:0.000389s ]
[ 2018-04-13T17:56:57+08:00 ] /index.php/Admin/Index/right | INFO: Run TokenBuild Behavior [ RunTime:0.000502s ]
[ 2018-04-13T17:56:57+08:00 ] /index.php/Admin/Index/right | INFO: Run WriteHtmlCache Behavior [ RunTime:0.000281s ]
[ 2018-04-13T17:56:57+08:00 ] /index.php/Admin/Index/right | INFO: Run ShowRuntime Behavior [ RunTime:0.000316s ]
[ 2018-04-13T17:56:57+08:00 ] /index.php/Admin/Index/right | INFO: Tag[ view_filter ] --END-- [ RunTime:0.001601s ]
[ 2018-04-13T17:56:57+08:00 ] /index.php/Admin/Index/right | INFO: Tag[ view_end ] --START--
[ 2018-04-13T17:56:57+08:00 ] /index.php/Admin/Index/right | INFO: Run ShowPageTrace Behavior [ RunTime:0.000357s ]
[ 2018-04-13T17:56:57+08:00 ] /index.php/Admin/Index/right | INFO: Tag[ view_end ] --END-- [ RunTime:0.000387s ]
[ 2018-04-13T17:57:02+08:00 ] /index.php/Admin/Category/add | INFO: Tag[ route_check ] --START--
[ 2018-04-13T17:57:02+08:00 ] /index.php/Admin/Category/add | INFO: Run CheckRoute Behavior [ RunTime:0.000475s ]
[ 2018-04-13T17:57:02+08:00 ] /index.php/Admin/Category/add | INFO: Tag[ route_check ] --END-- [ RunTime:0.000519s ]
[ 2018-04-13T17:57:02+08:00 ] /index.php/Admin/Category/add | INFO: Tag[ app_begin ] --START--
[ 2018-04-13T17:57:02+08:00 ] /index.php/Admin/Category/add | INFO: Run ReadHtmlCache Behavior [ RunTime:0.000326s ]
[ 2018-04-13T17:57:02+08:00 ] /index.php/Admin/Category/add | INFO: Tag[ app_begin ] --END-- [ RunTime:0.000353s ]
[ 2018-04-13T17:57:03+08:00 ] /index.php/Admin/Category/add | SQL: SHOW COLUMNS FROM `tp_bitcharray` [ RunTime:0.003021s ]
[ 2018-04-13T17:57:03+08:00 ] /index.php/Admin/Category/add | SQL: SELECT * FROM `tp_bitcharray` WHERE cid=0  [ RunTime:0.000190s ]
[ 2018-04-13T17:57:03+08:00 ] /index.php/Admin/Category/add | INFO: Tag[ view_template ] --START--
[ 2018-04-13T17:57:03+08:00 ] /index.php/Admin/Category/add | INFO: Run LocationTemplate Behavior [ RunTime:0.000397s ]
[ 2018-04-13T17:57:03+08:00 ] /index.php/Admin/Category/add | INFO: Tag[ view_template ] --END-- [ RunTime:0.000427s ]
[ 2018-04-13T17:57:03+08:00 ] /index.php/Admin/Category/add | INFO: Tag[ view_parse ] --START--
[ 2018-04-13T17:57:03+08:00 ] /index.php/Admin/Category/add | INFO: Run ParseTemplate Behavior [ RunTime:0.004346s ]
[ 2018-04-13T17:57:03+08:00 ] /index.php/Admin/Category/add | INFO: Tag[ view_parse ] --END-- [ RunTime:0.004374s ]
[ 2018-04-13T17:57:03+08:00 ] /index.php/Admin/Category/add | INFO: Tag[ view_filter ] --START--
[ 2018-04-13T17:57:03+08:00 ] /index.php/Admin/Category/add | INFO: Run ContentReplace Behavior [ RunTime:0.000224s ]
[ 2018-04-13T17:57:03+08:00 ] /index.php/Admin/Category/add | INFO: Run TokenBuild Behavior [ RunTime:0.000248s ]
[ 2018-04-13T17:57:03+08:00 ] /index.php/Admin/Category/add | INFO: Run WriteHtmlCache Behavior [ RunTime:0.000166s ]
[ 2018-04-13T17:57:03+08:00 ] /index.php/Admin/Category/add | INFO: Run ShowRuntime Behavior [ RunTime:0.000261s ]
[ 2018-04-13T17:57:03+08:00 ] /index.php/Admin/Category/add | INFO: Tag[ view_filter ] --END-- [ RunTime:0.000967s ]
[ 2018-04-13T17:57:03+08:00 ] /index.php/Admin/Category/add | INFO: Tag[ view_end ] --START--
[ 2018-04-13T17:57:03+08:00 ] /index.php/Admin/Category/add | INFO: Run ShowPageTrace Behavior [ RunTime:0.000306s ]
[ 2018-04-13T17:57:03+08:00 ] /index.php/Admin/Category/add | INFO: Tag[ view_end ] --END-- [ RunTime:0.000328s ]
[ 2018-04-13T17:59:28+08:00 ] /index.php/Admin/Index/index | INFO: Tag[ route_check ] --START--
[ 2018-04-13T17:59:28+08:00 ] /index.php/Admin/Index/index | INFO: Run CheckRoute Behavior [ RunTime:0.000647s ]
[ 2018-04-13T17:59:28+08:00 ] /index.php/Admin/Index/index | INFO: Tag[ route_check ] --END-- [ RunTime:0.000693s ]
[ 2018-04-13T17:59:28+08:00 ] /index.php/Admin/Index/index | INFO: Tag[ app_begin ] --START--
[ 2018-04-13T17:59:28+08:00 ] /index.php/Admin/Index/index | INFO: Run ReadHtmlCache Behavior [ RunTime:0.000437s ]
[ 2018-04-13T17:59:28+08:00 ] /index.php/Admin/Index/index | INFO: Tag[ app_begin ] --END-- [ RunTime:0.000464s ]
[ 2018-04-13T17:59:28+08:00 ] /index.php/Admin/Index/index | INFO: Tag[ view_template ] --START--
[ 2018-04-13T17:59:28+08:00 ] /index.php/Admin/Index/index | INFO: Run LocationTemplate Behavior [ RunTime:0.000849s ]
[ 2018-04-13T17:59:28+08:00 ] /index.php/Admin/Index/index | INFO: Tag[ view_template ] --END-- [ RunTime:0.000879s ]
[ 2018-04-13T17:59:28+08:00 ] /index.php/Admin/Index/index | INFO: Tag[ view_parse ] --START--
[ 2018-04-13T17:59:28+08:00 ] /index.php/Admin/Index/index | INFO: Run ParseTemplate Behavior [ RunTime:0.005581s ]
[ 2018-04-13T17:59:28+08:00 ] /index.php/Admin/Index/index | INFO: Tag[ view_parse ] --END-- [ RunTime:0.005639s ]
[ 2018-04-13T17:59:28+08:00 ] /index.php/Admin/Index/index | INFO: Tag[ view_filter ] --START--
[ 2018-04-13T17:59:28+08:00 ] /index.php/Admin/Index/index | INFO: Run ContentReplace Behavior [ RunTime:0.000696s ]
[ 2018-04-13T17:59:28+08:00 ] /index.php/Admin/Index/index | INFO: Run TokenBuild Behavior [ RunTime:0.000393s ]
[ 2018-04-13T17:59:28+08:00 ] /index.php/Admin/Index/index | INFO: Run WriteHtmlCache Behavior [ RunTime:0.000259s ]
[ 2018-04-13T17:59:28+08:00 ] /index.php/Admin/Index/index | INFO: Run ShowRuntime Behavior [ RunTime:0.000384s ]
[ 2018-04-13T17:59:28+08:00 ] /index.php/Admin/Index/index | INFO: Tag[ view_filter ] --END-- [ RunTime:0.001810s ]
[ 2018-04-13T17:59:28+08:00 ] /index.php/Admin/Index/index | INFO: Tag[ view_end ] --START--
[ 2018-04-13T17:59:28+08:00 ] /index.php/Admin/Index/index | INFO: Run ShowPageTrace Behavior [ RunTime:0.000367s ]
[ 2018-04-13T17:59:28+08:00 ] /index.php/Admin/Index/index | INFO: Tag[ view_end ] --END-- [ RunTime:0.000391s ]
[ 2018-04-13T17:59:28+08:00 ] /index.php/Admin/Index/top | INFO: Tag[ route_check ] --START--
[ 2018-04-13T17:59:28+08:00 ] /index.php/Admin/Index/top | INFO: Run CheckRoute Behavior [ RunTime:0.000490s ]
[ 2018-04-13T17:59:28+08:00 ] /index.php/Admin/Index/top | INFO: Tag[ route_check ] --END-- [ RunTime:0.000533s ]
[ 2018-04-13T17:59:28+08:00 ] /index.php/Admin/Index/top | INFO: Tag[ app_begin ] --START--
[ 2018-04-13T17:59:28+08:00 ] /index.php/Admin/Index/top | INFO: Run ReadHtmlCache Behavior [ RunTime:0.000352s ]
[ 2018-04-13T17:59:28+08:00 ] /index.php/Admin/Index/top | INFO: Tag[ app_begin ] --END-- [ RunTime:0.000379s ]
[ 2018-04-13T17:59:28+08:00 ] /index.php/Admin/Index/top | INFO: Tag[ view_template ] --START--
[ 2018-04-13T17:59:28+08:00 ] /index.php/Admin/Index/top | INFO: Run LocationTemplate Behavior [ RunTime:0.000437s ]
[ 2018-04-13T17:59:28+08:00 ] /index.php/Admin/Index/top | INFO: Tag[ view_template ] --END-- [ RunTime:0.000468s ]
[ 2018-04-13T17:59:28+08:00 ] /index.php/Admin/Index/top | INFO: Tag[ view_parse ] --START--
[ 2018-04-13T17:59:28+08:00 ] /index.php/Admin/Index/top | NOTIC: [8] Undefined index: username 9be1047bb7a563f25d2f04755fc1a79b.php 第 16 行.
[ 2018-04-13T17:59:28+08:00 ] /index.php/Admin/Index/top | NOTIC: [8] Undefined variable: qx 9be1047bb7a563f25d2f04755fc1a79b.php 第 17 行.
[ 2018-04-13T17:59:28+08:00 ] /index.php/Admin/Index/top | INFO: Run ParseTemplate Behavior [ RunTime:0.004201s ]
[ 2018-04-13T17:59:28+08:00 ] /index.php/Admin/Index/top | INFO: Tag[ view_parse ] --END-- [ RunTime:0.004225s ]
[ 2018-04-13T17:59:28+08:00 ] /index.php/Admin/Index/top | INFO: Tag[ view_filter ] --START--
[ 2018-04-13T17:59:28+08:00 ] /index.php/Admin/Index/top | INFO: Run ContentReplace Behavior [ RunTime:0.000253s ]
[ 2018-04-13T17:59:28+08:00 ] /index.php/Admin/Index/top | INFO: Run TokenBuild Behavior [ RunTime:0.000255s ]
[ 2018-04-13T17:59:28+08:00 ] /index.php/Admin/Index/top | INFO: Run WriteHtmlCache Behavior [ RunTime:0.000187s ]
[ 2018-04-13T17:59:28+08:00 ] /index.php/Admin/Index/top | INFO: Run ShowRuntime Behavior [ RunTime:0.000291s ]
[ 2018-04-13T17:59:28+08:00 ] /index.php/Admin/Index/top | INFO: Tag[ view_filter ] --END-- [ RunTime:0.001063s ]
[ 2018-04-13T17:59:28+08:00 ] /index.php/Admin/Index/top | INFO: Tag[ view_end ] --START--
[ 2018-04-13T17:59:28+08:00 ] /index.php/Admin/Index/top | INFO: Run ShowPageTrace Behavior [ RunTime:0.000310s ]
[ 2018-04-13T17:59:28+08:00 ] /index.php/Admin/Index/top | INFO: Tag[ view_end ] --END-- [ RunTime:0.000337s ]
[ 2018-04-13T17:59:28+08:00 ] /index.php/Admin/Index/left | INFO: Tag[ route_check ] --START--
[ 2018-04-13T17:59:28+08:00 ] /index.php/Admin/Index/left | INFO: Run CheckRoute Behavior [ RunTime:0.000722s ]
[ 2018-04-13T17:59:28+08:00 ] /index.php/Admin/Index/left | INFO: Tag[ route_check ] --END-- [ RunTime:0.000770s ]
[ 2018-04-13T17:59:28+08:00 ] /index.php/Admin/Index/left | INFO: Tag[ app_begin ] --START--
[ 2018-04-13T17:59:28+08:00 ] /index.php/Admin/Index/left | INFO: Run ReadHtmlCache Behavior [ RunTime:0.000441s ]
[ 2018-04-13T17:59:28+08:00 ] /index.php/Admin/Index/left | INFO: Tag[ app_begin ] --END-- [ RunTime:0.000470s ]
[ 2018-04-13T17:59:28+08:00 ] /index.php/Admin/Index/left | INFO: Tag[ view_template ] --START--
[ 2018-04-13T17:59:28+08:00 ] /index.php/Admin/Index/left | INFO: Run LocationTemplate Behavior [ RunTime:0.001574s ]
[ 2018-04-13T17:59:28+08:00 ] /index.php/Admin/Index/left | INFO: Tag[ view_template ] --END-- [ RunTime:0.001628s ]
[ 2018-04-13T17:59:28+08:00 ] /index.php/Admin/Index/left | INFO: Tag[ view_parse ] --START--
[ 2018-04-13T17:59:28+08:00 ] /index.php/Admin/Index/left | INFO: Run ParseTemplate Behavior [ RunTime:0.008510s ]
[ 2018-04-13T17:59:28+08:00 ] /index.php/Admin/Index/left | INFO: Tag[ view_parse ] --END-- [ RunTime:0.008555s ]
[ 2018-04-13T17:59:28+08:00 ] /index.php/Admin/Index/left | INFO: Tag[ view_filter ] --START--
[ 2018-04-13T17:59:28+08:00 ] /index.php/Admin/Index/left | INFO: Run ContentReplace Behavior [ RunTime:0.000419s ]
[ 2018-04-13T17:59:28+08:00 ] /index.php/Admin/Index/left | INFO: Run TokenBuild Behavior [ RunTime:0.000463s ]
[ 2018-04-13T17:59:28+08:00 ] /index.php/Admin/Index/left | INFO: Run WriteHtmlCache Behavior [ RunTime:0.000338s ]
[ 2018-04-13T17:59:28+08:00 ] /index.php/Admin/Index/left | INFO: Run ShowRuntime Behavior [ RunTime:0.000428s ]
[ 2018-04-13T17:59:28+08:00 ] /index.php/Admin/Index/left | INFO: Tag[ view_filter ] --END-- [ RunTime:0.001746s ]
[ 2018-04-13T17:59:28+08:00 ] /index.php/Admin/Index/left | INFO: Tag[ view_end ] --START--
[ 2018-04-13T17:59:28+08:00 ] /index.php/Admin/Index/left | INFO: Run ShowPageTrace Behavior [ RunTime:0.000433s ]
[ 2018-04-13T17:59:28+08:00 ] /index.php/Admin/Index/left | INFO: Tag[ view_end ] --END-- [ RunTime:0.000464s ]
[ 2018-04-13T17:59:28+08:00 ] /index.php/Admin/Index/right | INFO: Tag[ route_check ] --START--
[ 2018-04-13T17:59:28+08:00 ] /index.php/Admin/Index/right | INFO: Run CheckRoute Behavior [ RunTime:0.000703s ]
[ 2018-04-13T17:59:28+08:00 ] /index.php/Admin/Index/right | INFO: Tag[ route_check ] --END-- [ RunTime:0.000745s ]
[ 2018-04-13T17:59:28+08:00 ] /index.php/Admin/Index/right | INFO: Tag[ app_begin ] --START--
[ 2018-04-13T17:59:28+08:00 ] /index.php/Admin/Index/right | INFO: Run ReadHtmlCache Behavior [ RunTime:0.000463s ]
[ 2018-04-13T17:59:28+08:00 ] /index.php/Admin/Index/right | INFO: Tag[ app_begin ] --END-- [ RunTime:0.000498s ]
[ 2018-04-13T17:59:28+08:00 ] /index.php/Admin/Index/right | INFO: Tag[ view_template ] --START--
[ 2018-04-13T17:59:28+08:00 ] /index.php/Admin/Index/right | INFO: Run LocationTemplate Behavior [ RunTime:0.000816s ]
[ 2018-04-13T17:59:28+08:00 ] /index.php/Admin/Index/right | INFO: Tag[ view_template ] --END-- [ RunTime:0.000865s ]
[ 2018-04-13T17:59:28+08:00 ] /index.php/Admin/Index/right | INFO: Tag[ view_parse ] --START--
[ 2018-04-13T17:59:28+08:00 ] /index.php/Admin/Index/right | INFO: Run ParseTemplate Behavior [ RunTime:0.006142s ]
[ 2018-04-13T17:59:28+08:00 ] /index.php/Admin/Index/right | INFO: Tag[ view_parse ] --END-- [ RunTime:0.006188s ]
[ 2018-04-13T17:59:28+08:00 ] /index.php/Admin/Index/right | INFO: Tag[ view_filter ] --START--
[ 2018-04-13T17:59:28+08:00 ] /index.php/Admin/Index/right | INFO: Run ContentReplace Behavior [ RunTime:0.000382s ]
[ 2018-04-13T17:59:28+08:00 ] /index.php/Admin/Index/right | INFO: Run TokenBuild Behavior [ RunTime:0.000442s ]
[ 2018-04-13T17:59:28+08:00 ] /index.php/Admin/Index/right | INFO: Run WriteHtmlCache Behavior [ RunTime:0.000296s ]
[ 2018-04-13T17:59:28+08:00 ] /index.php/Admin/Index/right | INFO: Run ShowRuntime Behavior [ RunTime:0.000401s ]
[ 2018-04-13T17:59:28+08:00 ] /index.php/Admin/Index/right | INFO: Tag[ view_filter ] --END-- [ RunTime:0.001615s ]
[ 2018-04-13T17:59:28+08:00 ] /index.php/Admin/Index/right | INFO: Tag[ view_end ] --START--
[ 2018-04-13T17:59:28+08:00 ] /index.php/Admin/Index/right | INFO: Run ShowPageTrace Behavior [ RunTime:0.000626s ]
[ 2018-04-13T17:59:28+08:00 ] /index.php/Admin/Index/right | INFO: Tag[ view_end ] --END-- [ RunTime:0.000666s ]
[ 2018-04-13T17:59:30+08:00 ] /index.php/Admin/Category/add | INFO: Tag[ route_check ] --START--
[ 2018-04-13T17:59:30+08:00 ] /index.php/Admin/Category/add | INFO: Run CheckRoute Behavior [ RunTime:0.000588s ]
[ 2018-04-13T17:59:30+08:00 ] /index.php/Admin/Category/add | INFO: Tag[ route_check ] --END-- [ RunTime:0.000646s ]
[ 2018-04-13T17:59:30+08:00 ] /index.php/Admin/Category/add | INFO: Tag[ app_begin ] --START--
[ 2018-04-13T17:59:30+08:00 ] /index.php/Admin/Category/add | INFO: Run ReadHtmlCache Behavior [ RunTime:0.000318s ]
[ 2018-04-13T17:59:30+08:00 ] /index.php/Admin/Category/add | INFO: Tag[ app_begin ] --END-- [ RunTime:0.000343s ]
[ 2018-04-13T17:59:31+08:00 ] /index.php/Admin/Category/add | SQL: SHOW COLUMNS FROM `tp_bitcharray` [ RunTime:0.002673s ]
[ 2018-04-13T17:59:31+08:00 ] /index.php/Admin/Category/add | SQL: SELECT * FROM `tp_bitcharray` WHERE cid=0  [ RunTime:0.000224s ]
[ 2018-04-13T17:59:31+08:00 ] /index.php/Admin/Category/add | INFO: Tag[ view_template ] --START--
[ 2018-04-13T17:59:31+08:00 ] /index.php/Admin/Category/add | INFO: Run LocationTemplate Behavior [ RunTime:0.000556s ]
[ 2018-04-13T17:59:31+08:00 ] /index.php/Admin/Category/add | INFO: Tag[ view_template ] --END-- [ RunTime:0.000583s ]
[ 2018-04-13T17:59:31+08:00 ] /index.php/Admin/Category/add | INFO: Tag[ view_parse ] --START--
[ 2018-04-13T17:59:31+08:00 ] /index.php/Admin/Category/add | INFO: Run ParseTemplate Behavior [ RunTime:0.004310s ]
[ 2018-04-13T17:59:31+08:00 ] /index.php/Admin/Category/add | INFO: Tag[ view_parse ] --END-- [ RunTime:0.004359s ]
[ 2018-04-13T17:59:31+08:00 ] /index.php/Admin/Category/add | INFO: Tag[ view_filter ] --START--
[ 2018-04-13T17:59:31+08:00 ] /index.php/Admin/Category/add | INFO: Run ContentReplace Behavior [ RunTime:0.000223s ]
[ 2018-04-13T17:59:31+08:00 ] /index.php/Admin/Category/add | INFO: Run TokenBuild Behavior [ RunTime:0.000258s ]
[ 2018-04-13T17:59:31+08:00 ] /index.php/Admin/Category/add | INFO: Run WriteHtmlCache Behavior [ RunTime:0.000164s ]
[ 2018-04-13T17:59:31+08:00 ] /index.php/Admin/Category/add | INFO: Run ShowRuntime Behavior [ RunTime:0.000270s ]
[ 2018-04-13T17:59:31+08:00 ] /index.php/Admin/Category/add | INFO: Tag[ view_filter ] --END-- [ RunTime:0.000983s ]
[ 2018-04-13T17:59:31+08:00 ] /index.php/Admin/Category/add | INFO: Tag[ view_end ] --START--
[ 2018-04-13T17:59:31+08:00 ] /index.php/Admin/Category/add | INFO: Run ShowPageTrace Behavior [ RunTime:0.000267s ]
[ 2018-04-13T17:59:31+08:00 ] /index.php/Admin/Category/add | INFO: Tag[ view_end ] --END-- [ RunTime:0.000289s ]
[ 2018-04-13T18:06:11+08:00 ] /index.php/Admin/Index/index | INFO: Tag[ route_check ] --START--
[ 2018-04-13T18:06:11+08:00 ] /index.php/Admin/Index/index | INFO: Run CheckRoute Behavior [ RunTime:0.000855s ]
[ 2018-04-13T18:06:11+08:00 ] /index.php/Admin/Index/index | INFO: Tag[ route_check ] --END-- [ RunTime:0.000909s ]
[ 2018-04-13T18:06:11+08:00 ] /index.php/Admin/Index/index | INFO: Tag[ app_begin ] --START--
[ 2018-04-13T18:06:11+08:00 ] /index.php/Admin/Index/index | INFO: Run ReadHtmlCache Behavior [ RunTime:0.000478s ]
[ 2018-04-13T18:06:11+08:00 ] /index.php/Admin/Index/index | INFO: Tag[ app_begin ] --END-- [ RunTime:0.000508s ]
[ 2018-04-13T18:06:11+08:00 ] /index.php/Admin/Index/index | INFO: Tag[ view_template ] --START--
[ 2018-04-13T18:06:11+08:00 ] /index.php/Admin/Index/index | INFO: Run LocationTemplate Behavior [ RunTime:0.001148s ]
[ 2018-04-13T18:06:11+08:00 ] /index.php/Admin/Index/index | INFO: Tag[ view_template ] --END-- [ RunTime:0.001189s ]
[ 2018-04-13T18:06:11+08:00 ] /index.php/Admin/Index/index | INFO: Tag[ view_parse ] --START--
[ 2018-04-13T18:06:11+08:00 ] /index.php/Admin/Index/index | INFO: Run ParseTemplate Behavior [ RunTime:0.004802s ]
[ 2018-04-13T18:06:11+08:00 ] /index.php/Admin/Index/index | INFO: Tag[ view_parse ] --END-- [ RunTime:0.004838s ]
[ 2018-04-13T18:06:11+08:00 ] /index.php/Admin/Index/index | INFO: Tag[ view_filter ] --START--
[ 2018-04-13T18:06:11+08:00 ] /index.php/Admin/Index/index | INFO: Run ContentReplace Behavior [ RunTime:0.000307s ]
[ 2018-04-13T18:06:11+08:00 ] /index.php/Admin/Index/index | INFO: Run TokenBuild Behavior [ RunTime:0.000375s ]
[ 2018-04-13T18:06:11+08:00 ] /index.php/Admin/Index/index | INFO: Run WriteHtmlCache Behavior [ RunTime:0.000326s ]
[ 2018-04-13T18:06:11+08:00 ] /index.php/Admin/Index/index | INFO: Run ShowRuntime Behavior [ RunTime:0.000459s ]
[ 2018-04-13T18:06:11+08:00 ] /index.php/Admin/Index/index | INFO: Tag[ view_filter ] --END-- [ RunTime:0.001541s ]
[ 2018-04-13T18:06:11+08:00 ] /index.php/Admin/Index/index | INFO: Tag[ view_end ] --START--
[ 2018-04-13T18:06:11+08:00 ] /index.php/Admin/Index/index | INFO: Run ShowPageTrace Behavior [ RunTime:0.000552s ]
[ 2018-04-13T18:06:11+08:00 ] /index.php/Admin/Index/index | INFO: Tag[ view_end ] --END-- [ RunTime:0.000597s ]
[ 2018-04-13T18:06:11+08:00 ] /index.php/Admin/Index/left | INFO: Tag[ route_check ] --START--
[ 2018-04-13T18:06:11+08:00 ] /index.php/Admin/Index/left | INFO: Run CheckRoute Behavior [ RunTime:0.000709s ]
[ 2018-04-13T18:06:11+08:00 ] /index.php/Admin/Index/left | INFO: Tag[ route_check ] --END-- [ RunTime:0.000760s ]
[ 2018-04-13T18:06:11+08:00 ] /index.php/Admin/Index/left | INFO: Tag[ app_begin ] --START--
[ 2018-04-13T18:06:11+08:00 ] /index.php/Admin/Index/left | INFO: Run ReadHtmlCache Behavior [ RunTime:0.000432s ]
[ 2018-04-13T18:06:11+08:00 ] /index.php/Admin/Index/left | INFO: Tag[ app_begin ] --END-- [ RunTime:0.000461s ]
[ 2018-04-13T18:06:11+08:00 ] /index.php/Admin/Index/left | INFO: Tag[ view_template ] --START--
[ 2018-04-13T18:06:11+08:00 ] /index.php/Admin/Index/left | INFO: Run LocationTemplate Behavior [ RunTime:0.000688s ]
[ 2018-04-13T18:06:11+08:00 ] /index.php/Admin/Index/left | INFO: Tag[ view_template ] --END-- [ RunTime:0.000725s ]
[ 2018-04-13T18:06:11+08:00 ] /index.php/Admin/Index/left | INFO: Tag[ view_parse ] --START--
[ 2018-04-13T18:06:11+08:00 ] /index.php/Admin/Index/left | INFO: Run ParseTemplate Behavior [ RunTime:0.010169s ]
[ 2018-04-13T18:06:11+08:00 ] /index.php/Admin/Index/left | INFO: Tag[ view_parse ] --END-- [ RunTime:0.010214s ]
[ 2018-04-13T18:06:11+08:00 ] /index.php/Admin/Index/left | INFO: Tag[ view_filter ] --START--
[ 2018-04-13T18:06:11+08:00 ] /index.php/Admin/Index/left | INFO: Run ContentReplace Behavior [ RunTime:0.000407s ]
[ 2018-04-13T18:06:11+08:00 ] /index.php/Admin/Index/left | INFO: Run TokenBuild Behavior [ RunTime:0.000449s ]
[ 2018-04-13T18:06:11+08:00 ] /index.php/Admin/Index/left | INFO: Run WriteHtmlCache Behavior [ RunTime:0.000362s ]
[ 2018-04-13T18:06:11+08:00 ] /index.php/Admin/Index/left | INFO: Run ShowRuntime Behavior [ RunTime:0.000409s ]
[ 2018-04-13T18:06:11+08:00 ] /index.php/Admin/Index/left | INFO: Tag[ view_filter ] --END-- [ RunTime:0.001733s ]
[ 2018-04-13T18:06:11+08:00 ] /index.php/Admin/Index/left | INFO: Tag[ view_end ] --START--
[ 2018-04-13T18:06:11+08:00 ] /index.php/Admin/Index/left | INFO: Run ShowPageTrace Behavior [ RunTime:0.000447s ]
[ 2018-04-13T18:06:11+08:00 ] /index.php/Admin/Index/left | INFO: Tag[ view_end ] --END-- [ RunTime:0.000477s ]
[ 2018-04-13T18:06:11+08:00 ] /index.php/Admin/Index/top | INFO: Tag[ route_check ] --START--
[ 2018-04-13T18:06:11+08:00 ] /index.php/Admin/Index/top | INFO: Run CheckRoute Behavior [ RunTime:0.000537s ]
[ 2018-04-13T18:06:11+08:00 ] /index.php/Admin/Index/top | INFO: Tag[ route_check ] --END-- [ RunTime:0.000580s ]
[ 2018-04-13T18:06:11+08:00 ] /index.php/Admin/Index/top | INFO: Tag[ app_begin ] --START--
[ 2018-04-13T18:06:11+08:00 ] /index.php/Admin/Index/top | INFO: Run ReadHtmlCache Behavior [ RunTime:0.000379s ]
[ 2018-04-13T18:06:11+08:00 ] /index.php/Admin/Index/top | INFO: Tag[ app_begin ] --END-- [ RunTime:0.000413s ]
[ 2018-04-13T18:06:11+08:00 ] /index.php/Admin/Index/top | INFO: Tag[ view_template ] --START--
[ 2018-04-13T18:06:11+08:00 ] /index.php/Admin/Index/top | INFO: Run LocationTemplate Behavior [ RunTime:0.000661s ]
[ 2018-04-13T18:06:11+08:00 ] /index.php/Admin/Index/top | INFO: Tag[ view_template ] --END-- [ RunTime:0.000720s ]
[ 2018-04-13T18:06:11+08:00 ] /index.php/Admin/Index/top | INFO: Tag[ view_parse ] --START--
[ 2018-04-13T18:06:11+08:00 ] /index.php/Admin/Index/top | NOTIC: [8] Undefined index: username 9be1047bb7a563f25d2f04755fc1a79b.php 第 16 行.
[ 2018-04-13T18:06:11+08:00 ] /index.php/Admin/Index/top | NOTIC: [8] Undefined variable: qx 9be1047bb7a563f25d2f04755fc1a79b.php 第 17 行.
[ 2018-04-13T18:06:11+08:00 ] /index.php/Admin/Index/top | INFO: Run ParseTemplate Behavior [ RunTime:0.013140s ]
[ 2018-04-13T18:06:11+08:00 ] /index.php/Admin/Index/top | INFO: Tag[ view_parse ] --END-- [ RunTime:0.013170s ]
[ 2018-04-13T18:06:11+08:00 ] /index.php/Admin/Index/top | INFO: Tag[ view_filter ] --START--
[ 2018-04-13T18:06:11+08:00 ] /index.php/Admin/Index/top | INFO: Run ContentReplace Behavior [ RunTime:0.000317s ]
[ 2018-04-13T18:06:11+08:00 ] /index.php/Admin/Index/top | INFO: Run TokenBuild Behavior [ RunTime:0.000634s ]
[ 2018-04-13T18:06:11+08:00 ] /index.php/Admin/Index/top | INFO: Run WriteHtmlCache Behavior [ RunTime:0.000228s ]
[ 2018-04-13T18:06:11+08:00 ] /index.php/Admin/Index/top | INFO: Run ShowRuntime Behavior [ RunTime:0.000318s ]
[ 2018-04-13T18:06:11+08:00 ] /index.php/Admin/Index/top | INFO: Tag[ view_filter ] --END-- [ RunTime:0.001591s ]
[ 2018-04-13T18:06:11+08:00 ] /index.php/Admin/Index/top | INFO: Tag[ view_end ] --START--
[ 2018-04-13T18:06:11+08:00 ] /index.php/Admin/Index/top | INFO: Run ShowPageTrace Behavior [ RunTime:0.000318s ]
[ 2018-04-13T18:06:11+08:00 ] /index.php/Admin/Index/top | INFO: Tag[ view_end ] --END-- [ RunTime:0.000345s ]
[ 2018-04-13T18:06:11+08:00 ] /index.php/Admin/Index/right | INFO: Tag[ route_check ] --START--
[ 2018-04-13T18:06:11+08:00 ] /index.php/Admin/Index/right | INFO: Run CheckRoute Behavior [ RunTime:0.000710s ]
[ 2018-04-13T18:06:11+08:00 ] /index.php/Admin/Index/right | INFO: Tag[ route_check ] --END-- [ RunTime:0.000753s ]
[ 2018-04-13T18:06:11+08:00 ] /index.php/Admin/Index/right | INFO: Tag[ app_begin ] --START--
[ 2018-04-13T18:06:11+08:00 ] /index.php/Admin/Index/right | INFO: Run ReadHtmlCache Behavior [ RunTime:0.000466s ]
[ 2018-04-13T18:06:11+08:00 ] /index.php/Admin/Index/right | INFO: Tag[ app_begin ] --END-- [ RunTime:0.000504s ]
[ 2018-04-13T18:06:11+08:00 ] /index.php/Admin/Index/right | INFO: Tag[ view_template ] --START--
[ 2018-04-13T18:06:11+08:00 ] /index.php/Admin/Index/right | INFO: Run LocationTemplate Behavior [ RunTime:0.000766s ]
[ 2018-04-13T18:06:11+08:00 ] /index.php/Admin/Index/right | INFO: Tag[ view_template ] --END-- [ RunTime:0.000814s ]
[ 2018-04-13T18:06:11+08:00 ] /index.php/Admin/Index/right | INFO: Tag[ view_parse ] --START--
[ 2018-04-13T18:06:11+08:00 ] /index.php/Admin/Index/right | INFO: Run ParseTemplate Behavior [ RunTime:0.006476s ]
[ 2018-04-13T18:06:11+08:00 ] /index.php/Admin/Index/right | INFO: Tag[ view_parse ] --END-- [ RunTime:0.006517s ]
[ 2018-04-13T18:06:11+08:00 ] /index.php/Admin/Index/right | INFO: Tag[ view_filter ] --START--
[ 2018-04-13T18:06:11+08:00 ] /index.php/Admin/Index/right | INFO: Run ContentReplace Behavior [ RunTime:0.000375s ]
[ 2018-04-13T18:06:11+08:00 ] /index.php/Admin/Index/right | INFO: Run TokenBuild Behavior [ RunTime:0.000439s ]
[ 2018-04-13T18:06:11+08:00 ] /index.php/Admin/Index/right | INFO: Run WriteHtmlCache Behavior [ RunTime:0.000277s ]
[ 2018-04-13T18:06:11+08:00 ] /index.php/Admin/Index/right | INFO: Run ShowRuntime Behavior [ RunTime:0.000381s ]
[ 2018-04-13T18:06:11+08:00 ] /index.php/Admin/Index/right | INFO: Tag[ view_filter ] --END-- [ RunTime:0.001570s ]
[ 2018-04-13T18:06:11+08:00 ] /index.php/Admin/Index/right | INFO: Tag[ view_end ] --START--
[ 2018-04-13T18:06:11+08:00 ] /index.php/Admin/Index/right | INFO: Run ShowPageTrace Behavior [ RunTime:0.000426s ]
[ 2018-04-13T18:06:11+08:00 ] /index.php/Admin/Index/right | INFO: Tag[ view_end ] --END-- [ RunTime:0.000456s ]
[ 2018-04-13T18:06:13+08:00 ] /index.php/Admin/Category/add | INFO: Tag[ route_check ] --START--
[ 2018-04-13T18:06:13+08:00 ] /index.php/Admin/Category/add | INFO: Run CheckRoute Behavior [ RunTime:0.000466s ]
[ 2018-04-13T18:06:13+08:00 ] /index.php/Admin/Category/add | INFO: Tag[ route_check ] --END-- [ RunTime:0.000507s ]
[ 2018-04-13T18:06:13+08:00 ] /index.php/Admin/Category/add | INFO: Tag[ app_begin ] --START--
[ 2018-04-13T18:06:13+08:00 ] /index.php/Admin/Category/add | INFO: Run ReadHtmlCache Behavior [ RunTime:0.000330s ]
[ 2018-04-13T18:06:13+08:00 ] /index.php/Admin/Category/add | INFO: Tag[ app_begin ] --END-- [ RunTime:0.000373s ]
[ 2018-04-13T18:06:14+08:00 ] /index.php/Admin/Category/add | SQL: SHOW COLUMNS FROM `tp_bitcharray` [ RunTime:0.003127s ]
[ 2018-04-13T18:06:14+08:00 ] /index.php/Admin/Category/add | SQL: SELECT * FROM `tp_bitcharray` WHERE cid=0  [ RunTime:0.000204s ]
[ 2018-04-13T18:06:14+08:00 ] /index.php/Admin/Category/add | INFO: Tag[ view_template ] --START--
[ 2018-04-13T18:06:14+08:00 ] /index.php/Admin/Category/add | INFO: Run LocationTemplate Behavior [ RunTime:0.000546s ]
[ 2018-04-13T18:06:14+08:00 ] /index.php/Admin/Category/add | INFO: Tag[ view_template ] --END-- [ RunTime:0.000574s ]
[ 2018-04-13T18:06:14+08:00 ] /index.php/Admin/Category/add | INFO: Tag[ view_parse ] --START--
[ 2018-04-13T18:06:14+08:00 ] /index.php/Admin/Category/add | INFO: Run ParseTemplate Behavior [ RunTime:0.004736s ]
[ 2018-04-13T18:06:14+08:00 ] /index.php/Admin/Category/add | INFO: Tag[ view_parse ] --END-- [ RunTime:0.004767s ]
[ 2018-04-13T18:06:14+08:00 ] /index.php/Admin/Category/add | INFO: Tag[ view_filter ] --START--
[ 2018-04-13T18:06:14+08:00 ] /index.php/Admin/Category/add | INFO: Run ContentReplace Behavior [ RunTime:0.000229s ]
[ 2018-04-13T18:06:14+08:00 ] /index.php/Admin/Category/add | INFO: Run TokenBuild Behavior [ RunTime:0.000432s ]
[ 2018-04-13T18:06:14+08:00 ] /index.php/Admin/Category/add | INFO: Run WriteHtmlCache Behavior [ RunTime:0.000166s ]
[ 2018-04-13T18:06:14+08:00 ] /index.php/Admin/Category/add | INFO: Run ShowRuntime Behavior [ RunTime:0.000263s ]
[ 2018-04-13T18:06:14+08:00 ] /index.php/Admin/Category/add | INFO: Tag[ view_filter ] --END-- [ RunTime:0.001159s ]
[ 2018-04-13T18:06:14+08:00 ] /index.php/Admin/Category/add | INFO: Tag[ view_end ] --START--
[ 2018-04-13T18:06:14+08:00 ] /index.php/Admin/Category/add | INFO: Run ShowPageTrace Behavior [ RunTime:0.000273s ]
[ 2018-04-13T18:06:14+08:00 ] /index.php/Admin/Category/add | INFO: Tag[ view_end ] --END-- [ RunTime:0.000295s ]
[ 2018-04-13T18:07:04+08:00 ] /index.php/Admin/Category/test2 | INFO: Tag[ route_check ] --START--
[ 2018-04-13T18:07:04+08:00 ] /index.php/Admin/Category/test2 | INFO: Run CheckRoute Behavior [ RunTime:0.002381s ]
[ 2018-04-13T18:07:04+08:00 ] /index.php/Admin/Category/test2 | INFO: Tag[ route_check ] --END-- [ RunTime:0.002434s ]
[ 2018-04-13T18:07:04+08:00 ] /index.php/Admin/Category/test2 | INFO: Tag[ app_begin ] --START--
[ 2018-04-13T18:07:04+08:00 ] /index.php/Admin/Category/test2 | INFO: Run ReadHtmlCache Behavior [ RunTime:0.000602s ]
[ 2018-04-13T18:07:04+08:00 ] /index.php/Admin/Category/test2 | INFO: Tag[ app_begin ] --END-- [ RunTime:0.000670s ]
[ 2018-04-13T18:07:05+08:00 ] /index.php/Admin/Category/test2 | SQL: SHOW COLUMNS FROM `tp_bitcharray` [ RunTime:0.004757s ]
[ 2018-04-13T18:07:05+08:00 ] /index.php/Admin/Category/test2 | SQL: INSERT INTO `tp_bitcharray` (`name`,`content`,`cid`) VALUES ('saotang1','zhensao',1) [ RunTime:0.054947s ]
[ 2018-04-13T18:07:05+08:00 ] /index.php/Admin/Category/test2 | SQL: INSERT INTO `tp_bitcharray` (`name`,`content`,`cid`) VALUES ('saotang2','zhensao',1) [ RunTime:0.032745s ]
[ 2018-04-13T18:07:05+08:00 ] /index.php/Admin/Category/test2 | SQL: INSERT INTO `tp_bitcharray` (`name`,`content`,`cid`) VALUES ('saotang3','zhensao',1) [ RunTime:0.021811s ]
[ 2018-04-13T18:13:26+08:00 ] /index.php/Admin/Category/test2 | INFO: Tag[ route_check ] --START--
[ 2018-04-13T18:13:26+08:00 ] /index.php/Admin/Category/test2 | INFO: Run CheckRoute Behavior [ RunTime:0.000678s ]
[ 2018-04-13T18:13:26+08:00 ] /index.php/Admin/Category/test2 | INFO: Tag[ route_check ] --END-- [ RunTime:0.000726s ]
[ 2018-04-13T18:13:26+08:00 ] /index.php/Admin/Category/test2 | INFO: Tag[ app_begin ] --START--
[ 2018-04-13T18:13:26+08:00 ] /index.php/Admin/Category/test2 | INFO: Run ReadHtmlCache Behavior [ RunTime:0.000405s ]
[ 2018-04-13T18:13:26+08:00 ] /index.php/Admin/Category/test2 | INFO: Tag[ app_begin ] --END-- [ RunTime:0.000432s ]
[ 2018-04-13T18:13:27+08:00 ] /index.php/Admin/Category/test2 | SQL: SHOW COLUMNS FROM `tp_bitcharray` [ RunTime:0.003367s ]
[ 2018-04-13T18:13:27+08:00 ] /index.php/Admin/Category/test2 | SQL: INSERT INTO `tp_bitcharray` (`name`,`content`,`cid`) VALUES ('sao1','zhensao',1) [ RunTime:0.069246s ]
[ 2018-04-13T18:13:27+08:00 ] /index.php/Admin/Category/test2 | SQL: INSERT INTO `tp_bitcharray` (`id`,`name`,`content`,`cid`) VALUES (40,'sao2','zhensao',1) [ RunTime:0.055201s ]
[ 2018-04-13T18:13:27+08:00 ] /index.php/Admin/Category/test2 | SQL: INSERT INTO `tp_bitcharray` (`name`,`content`,`cid`) VALUES ('sao3','zhensao',1) [ RunTime:0.044623s ]
