[ 2018-04-19T08:59:07+08:00 ] /index.php/Admin/Admin/login | INFO: Tag[ route_check ] --START--
[ 2018-04-19T08:59:07+08:00 ] /index.php/Admin/Admin/login | INFO: Run CheckRoute Behavior [ RunTime:0.009897s ]
[ 2018-04-19T08:59:07+08:00 ] /index.php/Admin/Admin/login | INFO: Tag[ route_check ] --END-- [ RunTime:0.022437s ]
[ 2018-04-19T08:59:07+08:00 ] /index.php/Admin/Admin/login | INFO: Tag[ app_begin ] --START--
[ 2018-04-19T08:59:07+08:00 ] /index.php/Admin/Admin/login | INFO: Run ReadHtmlCache Behavior [ RunTime:0.007780s ]
[ 2018-04-19T08:59:07+08:00 ] /index.php/Admin/Admin/login | INFO: Tag[ app_begin ] --END-- [ RunTime:0.007822s ]
[ 2018-04-19T08:59:09+08:00 ] /index.php/Admin/Admin/login | SQL: SELECT * FROM `admin`  [ RunTime:0.075743s ]
[ 2018-04-19T08:59:09+08:00 ] /index.php/Admin/Admin/login | INFO: Tag[ view_template ] --START--
[ 2018-04-19T08:59:09+08:00 ] /index.php/Admin/Admin/login | INFO: Run LocationTemplate Behavior [ RunTime:0.013916s ]
[ 2018-04-19T08:59:09+08:00 ] /index.php/Admin/Admin/login | INFO: Tag[ view_template ] --END-- [ RunTime:0.014002s ]
[ 2018-04-19T08:59:09+08:00 ] /index.php/Admin/Admin/login | INFO: Tag[ view_parse ] --START--
[ 2018-04-19T08:59:09+08:00 ] /index.php/Admin/Admin/login | INFO: Run ParseTemplate Behavior [ RunTime:0.136038s ]
[ 2018-04-19T08:59:09+08:00 ] /index.php/Admin/Admin/login | INFO: Tag[ view_parse ] --END-- [ RunTime:0.136087s ]
[ 2018-04-19T08:59:09+08:00 ] /index.php/Admin/Admin/login | INFO: Tag[ view_filter ] --START--
[ 2018-04-19T08:59:09+08:00 ] /index.php/Admin/Admin/login | INFO: Run ContentReplace Behavior [ RunTime:0.025427s ]
[ 2018-04-19T08:59:09+08:00 ] /index.php/Admin/Admin/login | INFO: Run TokenBuild Behavior [ RunTime:0.009742s ]
[ 2018-04-19T08:59:09+08:00 ] /index.php/Admin/Admin/login | INFO: Run WriteHtmlCache Behavior [ RunTime:0.000955s ]
[ 2018-04-19T08:59:09+08:00 ] /index.php/Admin/Admin/login | INFO: Run ShowRuntime Behavior [ RunTime:0.000903s ]
[ 2018-04-19T08:59:09+08:00 ] /index.php/Admin/Admin/login | INFO: Tag[ view_filter ] --END-- [ RunTime:0.037143s ]
[ 2018-04-19T08:59:09+08:00 ] /index.php/Admin/Admin/login | INFO: Tag[ view_end ] --START--
[ 2018-04-19T08:59:09+08:00 ] /index.php/Admin/Admin/login | INFO: Run ShowPageTrace Behavior [ RunTime:0.019821s ]
[ 2018-04-19T08:59:09+08:00 ] /index.php/Admin/Admin/login | INFO: Tag[ view_end ] --END-- [ RunTime:0.019858s ]
[ 2018-04-19T08:59:09+08:00 ] /index.php/Admin/Admin/createCode | INFO: Tag[ route_check ] --START--
[ 2018-04-19T08:59:09+08:00 ] /index.php/Admin/Admin/createCode | INFO: Run CheckRoute Behavior [ RunTime:0.001014s ]
[ 2018-04-19T08:59:09+08:00 ] /index.php/Admin/Admin/createCode | INFO: Tag[ route_check ] --END-- [ RunTime:0.001075s ]
[ 2018-04-19T08:59:09+08:00 ] /index.php/Admin/Admin/createCode | INFO: Tag[ app_begin ] --START--
[ 2018-04-19T08:59:09+08:00 ] /index.php/Admin/Admin/createCode | INFO: Run ReadHtmlCache Behavior [ RunTime:0.000986s ]
[ 2018-04-19T08:59:09+08:00 ] /index.php/Admin/Admin/createCode | INFO: Tag[ app_begin ] --END-- [ RunTime:0.001059s ]
[ 2018-04-19T08:59:18+08:00 ] /index.php/Admin/Admin/checkLogin | INFO: Tag[ route_check ] --START--
[ 2018-04-19T08:59:18+08:00 ] /index.php/Admin/Admin/checkLogin | INFO: Run CheckRoute Behavior [ RunTime:0.000825s ]
[ 2018-04-19T08:59:18+08:00 ] /index.php/Admin/Admin/checkLogin | INFO: Tag[ route_check ] --END-- [ RunTime:0.000869s ]
[ 2018-04-19T08:59:18+08:00 ] /index.php/Admin/Admin/checkLogin | INFO: Tag[ app_begin ] --START--
[ 2018-04-19T08:59:18+08:00 ] /index.php/Admin/Admin/checkLogin | INFO: Run ReadHtmlCache Behavior [ RunTime:0.000627s ]
[ 2018-04-19T08:59:18+08:00 ] /index.php/Admin/Admin/checkLogin | INFO: Tag[ app_begin ] --END-- [ RunTime:0.000656s ]
[ 2018-04-19T08:59:19+08:00 ] /index.php/Admin/Admin/checkLogin | SQL: SELECT COUNT(*) AS tp_count FROM `admin` WHERE username='shinkan' and password='shinkan' LIMIT 1   [ RunTime:0.000155s ]
[ 2018-04-19T08:59:22+08:00 ] /index.php/Admin/Index/index | INFO: Tag[ route_check ] --START--
[ 2018-04-19T08:59:22+08:00 ] /index.php/Admin/Index/index | INFO: Run CheckRoute Behavior [ RunTime:0.000957s ]
[ 2018-04-19T08:59:22+08:00 ] /index.php/Admin/Index/index | INFO: Tag[ route_check ] --END-- [ RunTime:0.001001s ]
[ 2018-04-19T08:59:22+08:00 ] /index.php/Admin/Index/index | INFO: Tag[ app_begin ] --START--
[ 2018-04-19T08:59:22+08:00 ] /index.php/Admin/Index/index | INFO: Run ReadHtmlCache Behavior [ RunTime:0.000643s ]
[ 2018-04-19T08:59:22+08:00 ] /index.php/Admin/Index/index | INFO: Tag[ app_begin ] --END-- [ RunTime:0.000672s ]
[ 2018-04-19T08:59:22+08:00 ] /index.php/Admin/Index/index | INFO: Tag[ view_template ] --START--
[ 2018-04-19T08:59:22+08:00 ] /index.php/Admin/Index/index | INFO: Run LocationTemplate Behavior [ RunTime:0.001129s ]
[ 2018-04-19T08:59:22+08:00 ] /index.php/Admin/Index/index | INFO: Tag[ view_template ] --END-- [ RunTime:0.001170s ]
[ 2018-04-19T08:59:22+08:00 ] /index.php/Admin/Index/index | INFO: Tag[ view_parse ] --START--
[ 2018-04-19T08:59:22+08:00 ] /index.php/Admin/Index/index | INFO: Run ParseTemplate Behavior [ RunTime:0.018627s ]
[ 2018-04-19T08:59:22+08:00 ] /index.php/Admin/Index/index | INFO: Tag[ view_parse ] --END-- [ RunTime:0.018663s ]
[ 2018-04-19T08:59:22+08:00 ] /index.php/Admin/Index/index | INFO: Tag[ view_filter ] --START--
[ 2018-04-19T08:59:22+08:00 ] /index.php/Admin/Index/index | INFO: Run ContentReplace Behavior [ RunTime:0.000505s ]
[ 2018-04-19T08:59:22+08:00 ] /index.php/Admin/Index/index | INFO: Run TokenBuild Behavior [ RunTime:0.000538s ]
[ 2018-04-19T08:59:22+08:00 ] /index.php/Admin/Index/index | INFO: Run WriteHtmlCache Behavior [ RunTime:0.000444s ]
[ 2018-04-19T08:59:22+08:00 ] /index.php/Admin/Index/index | INFO: Run ShowRuntime Behavior [ RunTime:0.000711s ]
[ 2018-04-19T08:59:22+08:00 ] /index.php/Admin/Index/index | INFO: Tag[ view_filter ] --END-- [ RunTime:0.002272s ]
[ 2018-04-19T08:59:22+08:00 ] /index.php/Admin/Index/index | INFO: Tag[ view_end ] --START--
[ 2018-04-19T08:59:22+08:00 ] /index.php/Admin/Index/index | INFO: Run ShowPageTrace Behavior [ RunTime:0.001216s ]
[ 2018-04-19T08:59:22+08:00 ] /index.php/Admin/Index/index | INFO: Tag[ view_end ] --END-- [ RunTime:0.001242s ]
[ 2018-04-19T08:59:22+08:00 ] /index.php/Admin/Index/right | INFO: Tag[ route_check ] --START--
[ 2018-04-19T08:59:22+08:00 ] /index.php/Admin/Index/right | INFO: Run CheckRoute Behavior [ RunTime:0.008002s ]
[ 2018-04-19T08:59:22+08:00 ] /index.php/Admin/Index/right | INFO: Tag[ route_check ] --END-- [ RunTime:0.008062s ]
[ 2018-04-19T08:59:22+08:00 ] /index.php/Admin/Index/right | INFO: Tag[ app_begin ] --START--
[ 2018-04-19T08:59:22+08:00 ] /index.php/Admin/Index/right | INFO: Run ReadHtmlCache Behavior [ RunTime:0.000509s ]
[ 2018-04-19T08:59:22+08:00 ] /index.php/Admin/Index/right | INFO: Tag[ app_begin ] --END-- [ RunTime:0.000545s ]
[ 2018-04-19T08:59:22+08:00 ] /index.php/Admin/Index/right | INFO: Tag[ view_template ] --START--
[ 2018-04-19T08:59:22+08:00 ] /index.php/Admin/Index/right | INFO: Run LocationTemplate Behavior [ RunTime:0.001315s ]
[ 2018-04-19T08:59:22+08:00 ] /index.php/Admin/Index/right | INFO: Tag[ view_template ] --END-- [ RunTime:0.001362s ]
[ 2018-04-19T08:59:22+08:00 ] /index.php/Admin/Index/right | INFO: Tag[ view_parse ] --START--
[ 2018-04-19T08:59:22+08:00 ] /index.php/Admin/Index/right | INFO: Run ParseTemplate Behavior [ RunTime:0.022222s ]
[ 2018-04-19T08:59:22+08:00 ] /index.php/Admin/Index/right | INFO: Tag[ view_parse ] --END-- [ RunTime:0.022267s ]
[ 2018-04-19T08:59:22+08:00 ] /index.php/Admin/Index/right | INFO: Tag[ view_filter ] --START--
[ 2018-04-19T08:59:22+08:00 ] /index.php/Admin/Index/right | INFO: Run ContentReplace Behavior [ RunTime:0.000560s ]
[ 2018-04-19T08:59:22+08:00 ] /index.php/Admin/Index/right | INFO: Run TokenBuild Behavior [ RunTime:0.001009s ]
[ 2018-04-19T08:59:22+08:00 ] /index.php/Admin/Index/right | INFO: Run WriteHtmlCache Behavior [ RunTime:0.000425s ]
[ 2018-04-19T08:59:22+08:00 ] /index.php/Admin/Index/right | INFO: Run ShowRuntime Behavior [ RunTime:0.000485s ]
[ 2018-04-19T08:59:22+08:00 ] /index.php/Admin/Index/right | INFO: Tag[ view_filter ] --END-- [ RunTime:0.002602s ]
[ 2018-04-19T08:59:22+08:00 ] /index.php/Admin/Index/right | INFO: Tag[ view_end ] --START--
[ 2018-04-19T08:59:22+08:00 ] /index.php/Admin/Index/right | INFO: Run ShowPageTrace Behavior [ RunTime:0.002208s ]
[ 2018-04-19T08:59:22+08:00 ] /index.php/Admin/Index/right | INFO: Tag[ view_end ] --END-- [ RunTime:0.002253s ]
[ 2018-04-19T08:59:22+08:00 ] /index.php/Admin/Index/left | INFO: Tag[ route_check ] --START--
[ 2018-04-19T08:59:22+08:00 ] /index.php/Admin/Index/left | INFO: Run CheckRoute Behavior [ RunTime:0.000997s ]
[ 2018-04-19T08:59:22+08:00 ] /index.php/Admin/Index/left | INFO: Tag[ route_check ] --END-- [ RunTime:0.001048s ]
[ 2018-04-19T08:59:22+08:00 ] /index.php/Admin/Index/left | INFO: Tag[ app_begin ] --START--
[ 2018-04-19T08:59:22+08:00 ] /index.php/Admin/Index/left | INFO: Run ReadHtmlCache Behavior [ RunTime:0.015160s ]
[ 2018-04-19T08:59:22+08:00 ] /index.php/Admin/Index/left | INFO: Tag[ app_begin ] --END-- [ RunTime:0.015196s ]
[ 2018-04-19T08:59:23+08:00 ] /index.php/Admin/Index/left | INFO: Tag[ view_template ] --START--
[ 2018-04-19T08:59:23+08:00 ] /index.php/Admin/Index/left | INFO: Run LocationTemplate Behavior [ RunTime:0.001018s ]
[ 2018-04-19T08:59:23+08:00 ] /index.php/Admin/Index/left | INFO: Tag[ view_template ] --END-- [ RunTime:0.001067s ]
[ 2018-04-19T08:59:23+08:00 ] /index.php/Admin/Index/left | INFO: Tag[ view_parse ] --START--
[ 2018-04-19T08:59:23+08:00 ] /index.php/Admin/Index/left | INFO: Run ParseTemplate Behavior [ RunTime:0.029501s ]
[ 2018-04-19T08:59:23+08:00 ] /index.php/Admin/Index/left | INFO: Tag[ view_parse ] --END-- [ RunTime:0.029536s ]
[ 2018-04-19T08:59:23+08:00 ] /index.php/Admin/Index/left | INFO: Tag[ view_filter ] --START--
[ 2018-04-19T08:59:23+08:00 ] /index.php/Admin/Index/left | INFO: Run ContentReplace Behavior [ RunTime:0.000584s ]
[ 2018-04-19T08:59:23+08:00 ] /index.php/Admin/Index/left | INFO: Run TokenBuild Behavior [ RunTime:0.000546s ]
[ 2018-04-19T08:59:23+08:00 ] /index.php/Admin/Index/left | INFO: Run WriteHtmlCache Behavior [ RunTime:0.000489s ]
[ 2018-04-19T08:59:23+08:00 ] /index.php/Admin/Index/left | INFO: Run ShowRuntime Behavior [ RunTime:0.000617s ]
[ 2018-04-19T08:59:23+08:00 ] /index.php/Admin/Index/left | INFO: Tag[ view_filter ] --END-- [ RunTime:0.002330s ]
[ 2018-04-19T08:59:23+08:00 ] /index.php/Admin/Index/left | INFO: Tag[ view_end ] --START--
[ 2018-04-19T08:59:23+08:00 ] /index.php/Admin/Index/left | INFO: Run ShowPageTrace Behavior [ RunTime:0.001398s ]
[ 2018-04-19T08:59:23+08:00 ] /index.php/Admin/Index/left | INFO: Tag[ view_end ] --END-- [ RunTime:0.001426s ]
[ 2018-04-19T08:59:22+08:00 ] /index.php/Admin/Index/top | INFO: Tag[ route_check ] --START--
[ 2018-04-19T08:59:22+08:00 ] /index.php/Admin/Index/top | INFO: Run CheckRoute Behavior [ RunTime:0.005444s ]
[ 2018-04-19T08:59:22+08:00 ] /index.php/Admin/Index/top | INFO: Tag[ route_check ] --END-- [ RunTime:0.005496s ]
[ 2018-04-19T08:59:22+08:00 ] /index.php/Admin/Index/top | INFO: Tag[ app_begin ] --START--
[ 2018-04-19T08:59:22+08:00 ] /index.php/Admin/Index/top | INFO: Run ReadHtmlCache Behavior [ RunTime:0.001179s ]
[ 2018-04-19T08:59:22+08:00 ] /index.php/Admin/Index/top | INFO: Tag[ app_begin ] --END-- [ RunTime:0.001221s ]
[ 2018-04-19T08:59:23+08:00 ] /index.php/Admin/Index/top | INFO: Tag[ view_template ] --START--
[ 2018-04-19T08:59:23+08:00 ] /index.php/Admin/Index/top | INFO: Run LocationTemplate Behavior [ RunTime:0.001869s ]
[ 2018-04-19T08:59:23+08:00 ] /index.php/Admin/Index/top | INFO: Tag[ view_template ] --END-- [ RunTime:0.001965s ]
[ 2018-04-19T08:59:23+08:00 ] /index.php/Admin/Index/top | INFO: Tag[ view_parse ] --START--
[ 2018-04-19T08:59:23+08:00 ] /index.php/Admin/Index/top | NOTIC: [8] Undefined variable: qx 9be1047bb7a563f25d2f04755fc1a79b.php 第 17 行.
[ 2018-04-19T08:59:23+08:00 ] /index.php/Admin/Index/top | INFO: Run ParseTemplate Behavior [ RunTime:0.022693s ]
[ 2018-04-19T08:59:23+08:00 ] /index.php/Admin/Index/top | INFO: Tag[ view_parse ] --END-- [ RunTime:0.022721s ]
[ 2018-04-19T08:59:23+08:00 ] /index.php/Admin/Index/top | INFO: Tag[ view_filter ] --START--
[ 2018-04-19T08:59:23+08:00 ] /index.php/Admin/Index/top | INFO: Run ContentReplace Behavior [ RunTime:0.000456s ]
[ 2018-04-19T08:59:23+08:00 ] /index.php/Admin/Index/top | INFO: Run TokenBuild Behavior [ RunTime:0.000407s ]
[ 2018-04-19T08:59:23+08:00 ] /index.php/Admin/Index/top | INFO: Run WriteHtmlCache Behavior [ RunTime:0.000337s ]
[ 2018-04-19T08:59:23+08:00 ] /index.php/Admin/Index/top | INFO: Run ShowRuntime Behavior [ RunTime:0.000536s ]
[ 2018-04-19T08:59:23+08:00 ] /index.php/Admin/Index/top | INFO: Tag[ view_filter ] --END-- [ RunTime:0.001812s ]
[ 2018-04-19T08:59:23+08:00 ] /index.php/Admin/Index/top | INFO: Tag[ view_end ] --START--
[ 2018-04-19T08:59:23+08:00 ] /index.php/Admin/Index/top | INFO: Run ShowPageTrace Behavior [ RunTime:0.001465s ]
[ 2018-04-19T08:59:23+08:00 ] /index.php/Admin/Index/top | INFO: Tag[ view_end ] --END-- [ RunTime:0.001498s ]
[ 2018-04-19T09:33:51+08:00 ] /index.php/Admin/Index/login.html | ERR: (ThinkException) 非法操作login.html
[ 2018-04-19T09:33:51+08:00 ] /index.php/Admin/Index/login.html | INFO: Tag[ route_check ] --START--
[ 2018-04-19T09:33:51+08:00 ] /index.php/Admin/Index/login.html | INFO: Run CheckRoute Behavior [ RunTime:0.000855s ]
[ 2018-04-19T09:33:51+08:00 ] /index.php/Admin/Index/login.html | INFO: Tag[ route_check ] --END-- [ RunTime:0.000920s ]
[ 2018-04-19T09:33:51+08:00 ] /index.php/Admin/Index/login.html | INFO: Tag[ app_begin ] --START--
[ 2018-04-19T09:33:51+08:00 ] /index.php/Admin/Index/login.html | INFO: Run ReadHtmlCache Behavior [ RunTime:0.000715s ]
[ 2018-04-19T09:33:51+08:00 ] /index.php/Admin/Index/login.html | INFO: Tag[ app_begin ] --END-- [ RunTime:0.000749s ]
[ 2018-04-19T09:33:51+08:00 ] /index.php/Admin/Index/login.html | NOTIC: [8] Undefined index: file ThinkException.class.php 第 72 行.
[ 2018-04-19T09:33:51+08:00 ] /index.php/Admin/Index/login.html | NOTIC: [8] Undefined index: line ThinkException.class.php 第 73 行.
[ 2018-04-19T09:33:51+08:00 ] /index.php/Admin/Index/login.html | NOTIC: [2] file(): Filename cannot be empty ThinkException.class.php 第 74 行.
[ 2018-04-19T09:33:51+08:00 ] /index.php/Admin/Index/login.html | NOTIC: [8] Undefined index: file ThinkException.class.php 第 78 行.
[ 2018-04-19T09:33:51+08:00 ] /index.php/Admin/Index/login.html | NOTIC: [8] Undefined index: line ThinkException.class.php 第 78 行.
[ 2018-04-19T09:33:51+08:00 ] /index.php/Admin/Index/login.html | NOTIC: [8] Array to string conversion ThinkException.class.php 第 80 行.
[ 2018-04-19T09:33:51+08:00 ] /index.php/Admin/Index/login.html | NOTIC: [8] Undefined index: file ThinkException.class.php 第 78 行.
[ 2018-04-19T09:33:51+08:00 ] /index.php/Admin/Index/login.html | NOTIC: [8] Undefined index: line ThinkException.class.php 第 78 行.
[ 2018-04-19T09:33:51+08:00 ] /index.php/Admin/Index/login.html | NOTIC: [8] Undefined index: class ThinkException.class.php 第 79 行.
[ 2018-04-19T09:33:51+08:00 ] /index.php/Admin/Index/login.html | NOTIC: [8] Undefined index: type ThinkException.class.php 第 79 行.
[ 2018-04-19T09:33:51+08:00 ] /index.php/Admin/Index/login.html | NOTIC: [8] Array to string conversion ThinkException.class.php 第 80 行.
[ 2018-04-19T09:33:51+08:00 ] /index.php/Admin/Index/login.html | NOTIC: [8] Undefined index: class ThinkException.class.php 第 79 行.
[ 2018-04-19T09:33:51+08:00 ] /index.php/Admin/Index/login.html | NOTIC: [8] Undefined index: type ThinkException.class.php 第 79 行.
[ 2018-04-19T09:33:51+08:00 ] /index.php/Admin/Index/login.html | NOTIC: [8] Undefined index: class ThinkException.class.php 第 79 行.
[ 2018-04-19T09:33:51+08:00 ] /index.php/Admin/Index/login.html | NOTIC: [8] Undefined index: type ThinkException.class.php 第 79 行.
[ 2018-04-19T09:33:58+08:00 ] /index.php/Admin/Index/index | INFO: Tag[ route_check ] --START--
[ 2018-04-19T09:33:58+08:00 ] /index.php/Admin/Index/index | INFO: Run CheckRoute Behavior [ RunTime:0.000962s ]
[ 2018-04-19T09:33:58+08:00 ] /index.php/Admin/Index/index | INFO: Tag[ route_check ] --END-- [ RunTime:0.001025s ]
[ 2018-04-19T09:33:58+08:00 ] /index.php/Admin/Index/index | INFO: Tag[ app_begin ] --START--
[ 2018-04-19T09:33:58+08:00 ] /index.php/Admin/Index/index | INFO: Run ReadHtmlCache Behavior [ RunTime:0.000715s ]
[ 2018-04-19T09:33:58+08:00 ] /index.php/Admin/Index/index | INFO: Tag[ app_begin ] --END-- [ RunTime:0.000757s ]
[ 2018-04-19T09:33:58+08:00 ] /index.php/Admin/Index/index | INFO: Tag[ view_template ] --START--
[ 2018-04-19T09:33:58+08:00 ] /index.php/Admin/Index/index | INFO: Run LocationTemplate Behavior [ RunTime:0.001087s ]
[ 2018-04-19T09:33:58+08:00 ] /index.php/Admin/Index/index | INFO: Tag[ view_template ] --END-- [ RunTime:0.001146s ]
[ 2018-04-19T09:33:58+08:00 ] /index.php/Admin/Index/index | INFO: Tag[ view_parse ] --START--
[ 2018-04-19T09:33:58+08:00 ] /index.php/Admin/Index/index | INFO: Run ParseTemplate Behavior [ RunTime:0.006681s ]
[ 2018-04-19T09:33:58+08:00 ] /index.php/Admin/Index/index | INFO: Tag[ view_parse ] --END-- [ RunTime:0.006732s ]
[ 2018-04-19T09:33:58+08:00 ] /index.php/Admin/Index/index | INFO: Tag[ view_filter ] --START--
[ 2018-04-19T09:33:58+08:00 ] /index.php/Admin/Index/index | INFO: Run ContentReplace Behavior [ RunTime:0.000537s ]
[ 2018-04-19T09:33:58+08:00 ] /index.php/Admin/Index/index | INFO: Run TokenBuild Behavior [ RunTime:0.000744s ]
[ 2018-04-19T09:33:58+08:00 ] /index.php/Admin/Index/index | INFO: Run WriteHtmlCache Behavior [ RunTime:0.000943s ]
[ 2018-04-19T09:33:58+08:00 ] /index.php/Admin/Index/index | INFO: Run ShowRuntime Behavior [ RunTime:0.001288s ]
[ 2018-04-19T09:33:58+08:00 ] /index.php/Admin/Index/index | INFO: Tag[ view_filter ] --END-- [ RunTime:0.003648s ]
[ 2018-04-19T09:33:58+08:00 ] /index.php/Admin/Index/index | INFO: Tag[ view_end ] --START--
[ 2018-04-19T09:33:58+08:00 ] /index.php/Admin/Index/index | INFO: Run ShowPageTrace Behavior [ RunTime:0.001934s ]
[ 2018-04-19T09:33:58+08:00 ] /index.php/Admin/Index/index | INFO: Tag[ view_end ] --END-- [ RunTime:0.001992s ]
[ 2018-04-19T09:33:58+08:00 ] /index.php/Admin/Index/top | INFO: Tag[ route_check ] --START--
[ 2018-04-19T09:33:58+08:00 ] /index.php/Admin/Index/top | INFO: Run CheckRoute Behavior [ RunTime:0.000807s ]
[ 2018-04-19T09:33:58+08:00 ] /index.php/Admin/Index/top | INFO: Tag[ route_check ] --END-- [ RunTime:0.000880s ]
[ 2018-04-19T09:33:58+08:00 ] /index.php/Admin/Index/top | INFO: Tag[ app_begin ] --START--
[ 2018-04-19T09:33:58+08:00 ] /index.php/Admin/Index/top | INFO: Run ReadHtmlCache Behavior [ RunTime:0.000649s ]
[ 2018-04-19T09:33:58+08:00 ] /index.php/Admin/Index/top | INFO: Tag[ app_begin ] --END-- [ RunTime:0.000681s ]
[ 2018-04-19T09:33:58+08:00 ] /index.php/Admin/Index/top | INFO: Tag[ view_template ] --START--
[ 2018-04-19T09:33:58+08:00 ] /index.php/Admin/Index/top | INFO: Run LocationTemplate Behavior [ RunTime:0.001012s ]
[ 2018-04-19T09:33:58+08:00 ] /index.php/Admin/Index/top | INFO: Tag[ view_template ] --END-- [ RunTime:0.001055s ]
[ 2018-04-19T09:33:58+08:00 ] /index.php/Admin/Index/top | INFO: Tag[ view_parse ] --START--
[ 2018-04-19T09:33:58+08:00 ] /index.php/Admin/Index/top | NOTIC: [8] Undefined variable: qx 9be1047bb7a563f25d2f04755fc1a79b.php 第 17 行.
[ 2018-04-19T09:33:58+08:00 ] /index.php/Admin/Index/top | INFO: Run ParseTemplate Behavior [ RunTime:0.007104s ]
[ 2018-04-19T09:33:58+08:00 ] /index.php/Admin/Index/top | INFO: Tag[ view_parse ] --END-- [ RunTime:0.007134s ]
[ 2018-04-19T09:33:58+08:00 ] /index.php/Admin/Index/top | INFO: Tag[ view_filter ] --START--
[ 2018-04-19T09:33:58+08:00 ] /index.php/Admin/Index/top | INFO: Run ContentReplace Behavior [ RunTime:0.000716s ]
[ 2018-04-19T09:33:58+08:00 ] /index.php/Admin/Index/top | INFO: Run TokenBuild Behavior [ RunTime:0.000590s ]
[ 2018-04-19T09:33:58+08:00 ] /index.php/Admin/Index/top | INFO: Run WriteHtmlCache Behavior [ RunTime:0.001310s ]
[ 2018-04-19T09:33:58+08:00 ] /index.php/Admin/Index/top | INFO: Run ShowRuntime Behavior [ RunTime:0.000751s ]
[ 2018-04-19T09:33:58+08:00 ] /index.php/Admin/Index/top | INFO: Tag[ view_filter ] --END-- [ RunTime:0.003489s ]
[ 2018-04-19T09:33:58+08:00 ] /index.php/Admin/Index/top | INFO: Tag[ view_end ] --START--
[ 2018-04-19T09:33:58+08:00 ] /index.php/Admin/Index/top | INFO: Run ShowPageTrace Behavior [ RunTime:0.002367s ]
[ 2018-04-19T09:33:58+08:00 ] /index.php/Admin/Index/top | INFO: Tag[ view_end ] --END-- [ RunTime:0.002415s ]
[ 2018-04-19T09:33:58+08:00 ] /index.php/Admin/Index/left | INFO: Tag[ route_check ] --START--
[ 2018-04-19T09:33:58+08:00 ] /index.php/Admin/Index/left | INFO: Run CheckRoute Behavior [ RunTime:0.001166s ]
[ 2018-04-19T09:33:58+08:00 ] /index.php/Admin/Index/left | INFO: Tag[ route_check ] --END-- [ RunTime:0.001210s ]
[ 2018-04-19T09:33:58+08:00 ] /index.php/Admin/Index/left | INFO: Tag[ app_begin ] --START--
[ 2018-04-19T09:33:58+08:00 ] /index.php/Admin/Index/left | INFO: Run ReadHtmlCache Behavior [ RunTime:0.000460s ]
[ 2018-04-19T09:33:58+08:00 ] /index.php/Admin/Index/left | INFO: Tag[ app_begin ] --END-- [ RunTime:0.000489s ]
[ 2018-04-19T09:33:58+08:00 ] /index.php/Admin/Index/left | INFO: Tag[ view_template ] --START--
[ 2018-04-19T09:33:58+08:00 ] /index.php/Admin/Index/left | INFO: Run LocationTemplate Behavior [ RunTime:0.000986s ]
[ 2018-04-19T09:33:58+08:00 ] /index.php/Admin/Index/left | INFO: Tag[ view_template ] --END-- [ RunTime:0.001037s ]
[ 2018-04-19T09:33:58+08:00 ] /index.php/Admin/Index/left | INFO: Tag[ view_parse ] --START--
[ 2018-04-19T09:33:58+08:00 ] /index.php/Admin/Index/left | INFO: Run ParseTemplate Behavior [ RunTime:0.014819s ]
[ 2018-04-19T09:33:58+08:00 ] /index.php/Admin/Index/left | INFO: Tag[ view_parse ] --END-- [ RunTime:0.014867s ]
[ 2018-04-19T09:33:58+08:00 ] /index.php/Admin/Index/left | INFO: Tag[ view_filter ] --START--
[ 2018-04-19T09:33:58+08:00 ] /index.php/Admin/Index/left | INFO: Run ContentReplace Behavior [ RunTime:0.000593s ]
[ 2018-04-19T09:33:58+08:00 ] /index.php/Admin/Index/left | INFO: Run TokenBuild Behavior [ RunTime:0.000818s ]
[ 2018-04-19T09:33:58+08:00 ] /index.php/Admin/Index/left | INFO: Run WriteHtmlCache Behavior [ RunTime:0.000562s ]
[ 2018-04-19T09:33:58+08:00 ] /index.php/Admin/Index/left | INFO: Run ShowRuntime Behavior [ RunTime:0.000916s ]
[ 2018-04-19T09:33:58+08:00 ] /index.php/Admin/Index/left | INFO: Tag[ view_filter ] --END-- [ RunTime:0.003068s ]
[ 2018-04-19T09:33:58+08:00 ] /index.php/Admin/Index/left | INFO: Tag[ view_end ] --START--
[ 2018-04-19T09:33:58+08:00 ] /index.php/Admin/Index/left | INFO: Run ShowPageTrace Behavior [ RunTime:0.001541s ]
[ 2018-04-19T09:33:58+08:00 ] /index.php/Admin/Index/left | INFO: Tag[ view_end ] --END-- [ RunTime:0.001584s ]
[ 2018-04-19T09:33:58+08:00 ] /index.php/Admin/Index/right | INFO: Tag[ route_check ] --START--
[ 2018-04-19T09:33:58+08:00 ] /index.php/Admin/Index/right | INFO: Run CheckRoute Behavior [ RunTime:0.000814s ]
[ 2018-04-19T09:33:58+08:00 ] /index.php/Admin/Index/right | INFO: Tag[ route_check ] --END-- [ RunTime:0.000865s ]
[ 2018-04-19T09:33:58+08:00 ] /index.php/Admin/Index/right | INFO: Tag[ app_begin ] --START--
[ 2018-04-19T09:33:58+08:00 ] /index.php/Admin/Index/right | INFO: Run ReadHtmlCache Behavior [ RunTime:0.000729s ]
[ 2018-04-19T09:33:58+08:00 ] /index.php/Admin/Index/right | INFO: Tag[ app_begin ] --END-- [ RunTime:0.000773s ]
[ 2018-04-19T09:33:58+08:00 ] /index.php/Admin/Index/right | INFO: Tag[ view_template ] --START--
[ 2018-04-19T09:33:58+08:00 ] /index.php/Admin/Index/right | INFO: Run LocationTemplate Behavior [ RunTime:0.000904s ]
[ 2018-04-19T09:33:58+08:00 ] /index.php/Admin/Index/right | INFO: Tag[ view_template ] --END-- [ RunTime:0.000948s ]
[ 2018-04-19T09:33:58+08:00 ] /index.php/Admin/Index/right | INFO: Tag[ view_parse ] --START--
[ 2018-04-19T09:33:58+08:00 ] /index.php/Admin/Index/right | INFO: Run ParseTemplate Behavior [ RunTime:0.007113s ]
[ 2018-04-19T09:33:58+08:00 ] /index.php/Admin/Index/right | INFO: Tag[ view_parse ] --END-- [ RunTime:0.007158s ]
[ 2018-04-19T09:33:58+08:00 ] /index.php/Admin/Index/right | INFO: Tag[ view_filter ] --START--
[ 2018-04-19T09:33:58+08:00 ] /index.php/Admin/Index/right | INFO: Run ContentReplace Behavior [ RunTime:0.000445s ]
[ 2018-04-19T09:33:58+08:00 ] /index.php/Admin/Index/right | INFO: Run TokenBuild Behavior [ RunTime:0.000481s ]
[ 2018-04-19T09:33:58+08:00 ] /index.php/Admin/Index/right | INFO: Run WriteHtmlCache Behavior [ RunTime:0.000390s ]
[ 2018-04-19T09:33:58+08:00 ] /index.php/Admin/Index/right | INFO: Run ShowRuntime Behavior [ RunTime:0.000622s ]
[ 2018-04-19T09:33:58+08:00 ] /index.php/Admin/Index/right | INFO: Tag[ view_filter ] --END-- [ RunTime:0.002044s ]
[ 2018-04-19T09:33:58+08:00 ] /index.php/Admin/Index/right | INFO: Tag[ view_end ] --START--
[ 2018-04-19T09:33:58+08:00 ] /index.php/Admin/Index/right | INFO: Run ShowPageTrace Behavior [ RunTime:0.001639s ]
[ 2018-04-19T09:33:58+08:00 ] /index.php/Admin/Index/right | INFO: Tag[ view_end ] --END-- [ RunTime:0.001677s ]
[ 2018-04-19T09:37:08+08:00 ] /index.php/Admin/Category/add | INFO: Tag[ route_check ] --START--
[ 2018-04-19T09:37:08+08:00 ] /index.php/Admin/Category/add | INFO: Run CheckRoute Behavior [ RunTime:0.000801s ]
[ 2018-04-19T09:37:08+08:00 ] /index.php/Admin/Category/add | INFO: Tag[ route_check ] --END-- [ RunTime:0.000849s ]
[ 2018-04-19T09:37:08+08:00 ] /index.php/Admin/Category/add | INFO: Tag[ app_begin ] --START--
[ 2018-04-19T09:37:08+08:00 ] /index.php/Admin/Category/add | INFO: Run ReadHtmlCache Behavior [ RunTime:0.000618s ]
[ 2018-04-19T09:37:08+08:00 ] /index.php/Admin/Category/add | INFO: Tag[ app_begin ] --END-- [ RunTime:0.000646s ]
[ 2018-04-19T09:37:09+08:00 ] /index.php/Admin/Category/add | SQL: SHOW COLUMNS FROM `category` [ RunTime:0.181943s ]
[ 2018-04-19T09:37:09+08:00 ] /index.php/Admin/Category/add | SQL: SELECT * FROM `category` WHERE cid=0  [ RunTime:0.011282s ]
[ 2018-04-19T09:37:09+08:00 ] /index.php/Admin/Category/add | INFO: Tag[ view_template ] --START--
[ 2018-04-19T09:37:09+08:00 ] /index.php/Admin/Category/add | INFO: Run LocationTemplate Behavior [ RunTime:0.001401s ]
[ 2018-04-19T09:37:09+08:00 ] /index.php/Admin/Category/add | INFO: Tag[ view_template ] --END-- [ RunTime:0.001450s ]
[ 2018-04-19T09:37:09+08:00 ] /index.php/Admin/Category/add | INFO: Tag[ view_parse ] --START--
[ 2018-04-19T09:37:09+08:00 ] /index.php/Admin/Category/add | INFO: Run ParseTemplate Behavior [ RunTime:0.096102s ]
[ 2018-04-19T09:37:09+08:00 ] /index.php/Admin/Category/add | INFO: Tag[ view_parse ] --END-- [ RunTime:0.096139s ]
[ 2018-04-19T09:37:09+08:00 ] /index.php/Admin/Category/add | INFO: Tag[ view_filter ] --START--
[ 2018-04-19T09:37:09+08:00 ] /index.php/Admin/Category/add | INFO: Run ContentReplace Behavior [ RunTime:0.000657s ]
[ 2018-04-19T09:37:09+08:00 ] /index.php/Admin/Category/add | INFO: Run TokenBuild Behavior [ RunTime:0.000770s ]
[ 2018-04-19T09:37:09+08:00 ] /index.php/Admin/Category/add | INFO: Run WriteHtmlCache Behavior [ RunTime:0.000861s ]
[ 2018-04-19T09:37:09+08:00 ] /index.php/Admin/Category/add | INFO: Run ShowRuntime Behavior [ RunTime:0.000730s ]
[ 2018-04-19T09:37:09+08:00 ] /index.php/Admin/Category/add | INFO: Tag[ view_filter ] --END-- [ RunTime:0.003177s ]
[ 2018-04-19T09:37:09+08:00 ] /index.php/Admin/Category/add | INFO: Tag[ view_end ] --START--
[ 2018-04-19T09:37:09+08:00 ] /index.php/Admin/Category/add | INFO: Run ShowPageTrace Behavior [ RunTime:0.001396s ]
[ 2018-04-19T09:37:09+08:00 ] /index.php/Admin/Category/add | INFO: Tag[ view_end ] --END-- [ RunTime:0.001456s ]
[ 2018-04-19T09:37:31+08:00 ] /index.php/Admin/Category/addOK | INFO: Tag[ route_check ] --START--
[ 2018-04-19T09:37:31+08:00 ] /index.php/Admin/Category/addOK | INFO: Run CheckRoute Behavior [ RunTime:0.000822s ]
[ 2018-04-19T09:37:31+08:00 ] /index.php/Admin/Category/addOK | INFO: Tag[ route_check ] --END-- [ RunTime:0.000866s ]
[ 2018-04-19T09:37:31+08:00 ] /index.php/Admin/Category/addOK | INFO: Tag[ app_begin ] --START--
[ 2018-04-19T09:37:31+08:00 ] /index.php/Admin/Category/addOK | INFO: Run ReadHtmlCache Behavior [ RunTime:0.000870s ]
[ 2018-04-19T09:37:31+08:00 ] /index.php/Admin/Category/addOK | INFO: Tag[ app_begin ] --END-- [ RunTime:0.000919s ]
[ 2018-04-19T09:37:32+08:00 ] /index.php/Admin/Category/addOK | SQL: SHOW COLUMNS FROM `category` [ RunTime:0.003242s ]
[ 2018-04-19T09:37:32+08:00 ] /index.php/Admin/Category/addOK | NOTIC: [8] Use of undefined constant MAGIC_QUOTES_GPC - assumed 'MAGIC_QUOTES_GPC' Model.class.php 第 873 行.
[ 2018-04-19T09:37:32+08:00 ] /index.php/Admin/Category/addOK | NOTIC: [8] Use of undefined constant MAGIC_QUOTES_GPC - assumed 'MAGIC_QUOTES_GPC' Model.class.php 第 873 行.
[ 2018-04-19T09:37:32+08:00 ] /index.php/Admin/Category/addOK | NOTIC: [8] Use of undefined constant MAGIC_QUOTES_GPC - assumed 'MAGIC_QUOTES_GPC' Model.class.php 第 873 行.
[ 2018-04-19T09:37:32+08:00 ] /index.php/Admin/Category/addOK | SQL: INSERT INTO `category` (`name`,`content`,`cid`) VALUES ('美的','','5') [ RunTime:0.081524s ]
[ 2018-04-19T09:37:32+08:00 ] /index.php/Admin/Category/addOK | INFO: Tag[ view_template ] --START--
[ 2018-04-19T09:37:32+08:00 ] /index.php/Admin/Category/addOK | INFO: Run LocationTemplate Behavior [ RunTime:0.000876s ]
[ 2018-04-19T09:37:32+08:00 ] /index.php/Admin/Category/addOK | INFO: Tag[ view_template ] --END-- [ RunTime:0.000908s ]
[ 2018-04-19T09:37:32+08:00 ] /index.php/Admin/Category/addOK | INFO: Tag[ view_parse ] --START--
[ 2018-04-19T09:37:32+08:00 ] /index.php/Admin/Category/addOK | INFO: Run ParseTemplate Behavior [ RunTime:0.033874s ]
[ 2018-04-19T09:37:32+08:00 ] /index.php/Admin/Category/addOK | INFO: Tag[ view_parse ] --END-- [ RunTime:0.033908s ]
[ 2018-04-19T09:37:32+08:00 ] /index.php/Admin/Category/addOK | INFO: Tag[ view_filter ] --START--
[ 2018-04-19T09:37:32+08:00 ] /index.php/Admin/Category/addOK | INFO: Run ContentReplace Behavior [ RunTime:0.000449s ]
[ 2018-04-19T09:37:32+08:00 ] /index.php/Admin/Category/addOK | INFO: Run TokenBuild Behavior [ RunTime:0.000379s ]
[ 2018-04-19T09:37:32+08:00 ] /index.php/Admin/Category/addOK | INFO: Run WriteHtmlCache Behavior [ RunTime:0.000345s ]
[ 2018-04-19T09:37:32+08:00 ] /index.php/Admin/Category/addOK | INFO: Run ShowRuntime Behavior [ RunTime:0.000416s ]
[ 2018-04-19T09:37:32+08:00 ] /index.php/Admin/Category/addOK | INFO: Tag[ view_filter ] --END-- [ RunTime:0.001659s ]
[ 2018-04-19T09:37:32+08:00 ] /index.php/Admin/Category/addOK | INFO: Tag[ view_end ] --START--
[ 2018-04-19T09:37:32+08:00 ] /index.php/Admin/Category/addOK | INFO: Run ShowPageTrace Behavior [ RunTime:0.001100s ]
[ 2018-04-19T09:37:32+08:00 ] /index.php/Admin/Category/addOK | INFO: Tag[ view_end ] --END-- [ RunTime:0.001126s ]
[ 2018-04-19T09:37:33+08:00 ] /index.php/Admin/Category/add | INFO: Tag[ route_check ] --START--
[ 2018-04-19T09:37:33+08:00 ] /index.php/Admin/Category/add | INFO: Run CheckRoute Behavior [ RunTime:0.000685s ]
[ 2018-04-19T09:37:33+08:00 ] /index.php/Admin/Category/add | INFO: Tag[ route_check ] --END-- [ RunTime:0.000744s ]
[ 2018-04-19T09:37:33+08:00 ] /index.php/Admin/Category/add | INFO: Tag[ app_begin ] --START--
[ 2018-04-19T09:37:33+08:00 ] /index.php/Admin/Category/add | INFO: Run ReadHtmlCache Behavior [ RunTime:0.000679s ]
[ 2018-04-19T09:37:33+08:00 ] /index.php/Admin/Category/add | INFO: Tag[ app_begin ] --END-- [ RunTime:0.000713s ]
[ 2018-04-19T09:37:34+08:00 ] /index.php/Admin/Category/add | SQL: SHOW COLUMNS FROM `category` [ RunTime:0.002776s ]
[ 2018-04-19T09:37:34+08:00 ] /index.php/Admin/Category/add | SQL: SELECT * FROM `category` WHERE cid=0  [ RunTime:0.000244s ]
[ 2018-04-19T09:37:34+08:00 ] /index.php/Admin/Category/add | INFO: Tag[ view_template ] --START--
[ 2018-04-19T09:37:34+08:00 ] /index.php/Admin/Category/add | INFO: Run LocationTemplate Behavior [ RunTime:0.000949s ]
[ 2018-04-19T09:37:34+08:00 ] /index.php/Admin/Category/add | INFO: Tag[ view_template ] --END-- [ RunTime:0.000976s ]
[ 2018-04-19T09:37:34+08:00 ] /index.php/Admin/Category/add | INFO: Tag[ view_parse ] --START--
[ 2018-04-19T09:37:34+08:00 ] /index.php/Admin/Category/add | INFO: Run ParseTemplate Behavior [ RunTime:0.006340s ]
[ 2018-04-19T09:37:34+08:00 ] /index.php/Admin/Category/add | INFO: Tag[ view_parse ] --END-- [ RunTime:0.006378s ]
[ 2018-04-19T09:37:34+08:00 ] /index.php/Admin/Category/add | INFO: Tag[ view_filter ] --START--
[ 2018-04-19T09:37:34+08:00 ] /index.php/Admin/Category/add | INFO: Run ContentReplace Behavior [ RunTime:0.000416s ]
[ 2018-04-19T09:37:34+08:00 ] /index.php/Admin/Category/add | INFO: Run TokenBuild Behavior [ RunTime:0.000541s ]
[ 2018-04-19T09:37:34+08:00 ] /index.php/Admin/Category/add | INFO: Run WriteHtmlCache Behavior [ RunTime:0.000321s ]
[ 2018-04-19T09:37:34+08:00 ] /index.php/Admin/Category/add | INFO: Run ShowRuntime Behavior [ RunTime:0.000476s ]
[ 2018-04-19T09:37:34+08:00 ] /index.php/Admin/Category/add | INFO: Tag[ view_filter ] --END-- [ RunTime:0.001826s ]
[ 2018-04-19T09:37:34+08:00 ] /index.php/Admin/Category/add | INFO: Tag[ view_end ] --START--
[ 2018-04-19T09:37:34+08:00 ] /index.php/Admin/Category/add | INFO: Run ShowPageTrace Behavior [ RunTime:0.001344s ]
[ 2018-04-19T09:37:34+08:00 ] /index.php/Admin/Category/add | INFO: Tag[ view_end ] --END-- [ RunTime:0.001404s ]
[ 2018-04-19T09:40:17+08:00 ] / | INFO: Tag[ app_begin ] --START--
[ 2018-04-19T09:40:17+08:00 ] / | INFO: Run ReadHtmlCache Behavior [ RunTime:0.000785s ]
[ 2018-04-19T09:40:17+08:00 ] / | INFO: Tag[ app_begin ] --END-- [ RunTime:0.000847s ]
[ 2018-04-19T09:40:17+08:00 ] / | INFO: Tag[ view_template ] --START--
[ 2018-04-19T09:40:17+08:00 ] / | INFO: Run LocationTemplate Behavior [ RunTime:0.002513s ]
[ 2018-04-19T09:40:17+08:00 ] / | INFO: Tag[ view_template ] --END-- [ RunTime:0.002580s ]
[ 2018-04-19T09:40:17+08:00 ] / | INFO: Tag[ view_parse ] --START--
[ 2018-04-19T09:40:17+08:00 ] / | NOTIC: [8] Undefined variable: value 1ca3099d593ceb2fb3f303aef3e10ea7.php 第 128 行.
[ 2018-04-19T09:40:17+08:00 ] / | NOTIC: [8] Undefined variable: value 1ca3099d593ceb2fb3f303aef3e10ea7.php 第 141 行.
[ 2018-04-19T09:40:17+08:00 ] / | NOTIC: [8] Undefined variable: value 1ca3099d593ceb2fb3f303aef3e10ea7.php 第 368 行.
[ 2018-04-19T09:40:17+08:00 ] / | NOTIC: [8] Undefined variable: value 1ca3099d593ceb2fb3f303aef3e10ea7.php 第 369 行.
[ 2018-04-19T09:40:17+08:00 ] / | NOTIC: [8] Undefined variable: value 1ca3099d593ceb2fb3f303aef3e10ea7.php 第 370 行.
[ 2018-04-19T09:40:17+08:00 ] / | NOTIC: [8] Undefined variable: value 1ca3099d593ceb2fb3f303aef3e10ea7.php 第 373 行.
[ 2018-04-19T09:40:17+08:00 ] / | NOTIC: [8] Undefined variable: value 1ca3099d593ceb2fb3f303aef3e10ea7.php 第 375 行.
[ 2018-04-19T09:40:17+08:00 ] / | NOTIC: [8] Undefined variable: pager 1ca3099d593ceb2fb3f303aef3e10ea7.php 第 384 行.
[ 2018-04-19T09:40:17+08:00 ] / | INFO: Run ParseTemplate Behavior [ RunTime:0.062074s ]
[ 2018-04-19T09:40:17+08:00 ] / | INFO: Tag[ view_parse ] --END-- [ RunTime:0.062120s ]
[ 2018-04-19T09:40:17+08:00 ] / | INFO: Tag[ view_filter ] --START--
[ 2018-04-19T09:40:17+08:00 ] / | INFO: Run ContentReplace Behavior [ RunTime:0.000510s ]
[ 2018-04-19T09:40:17+08:00 ] / | INFO: Run TokenBuild Behavior [ RunTime:0.000452s ]
[ 2018-04-19T09:40:17+08:00 ] / | INFO: Run WriteHtmlCache Behavior [ RunTime:0.000356s ]
[ 2018-04-19T09:40:17+08:00 ] / | INFO: Run ShowRuntime Behavior [ RunTime:0.000424s ]
[ 2018-04-19T09:40:17+08:00 ] / | INFO: Tag[ view_filter ] --END-- [ RunTime:0.001814s ]
[ 2018-04-19T09:40:17+08:00 ] / | INFO: Tag[ view_end ] --START--
[ 2018-04-19T09:40:17+08:00 ] / | INFO: Run ShowPageTrace Behavior [ RunTime:0.001104s ]
[ 2018-04-19T09:40:17+08:00 ] / | INFO: Tag[ view_end ] --END-- [ RunTime:0.001132s ]
